Log file open, 06/17/16 09:14:15
LogInit:Display: Running engine for game: StoryTerror
LogPlatformFile: Not using cached read wrapper
LogInit:Display: RandInit(-980682763) SRandInit(-980682763).
LogTaskGraph: Started task graph with 4 named threads and 7 total threads.
LogStats: Stats thread started at 0.069699
LogInit: Version: 4.11.1-2934540+++UE4+Release-4.11
LogInit: API Version: 2927265
LogInit: Compiled (64-bit): Apr  6 2016 02:14:16
LogInit: Compiled with Visual C++: 19.00.23026.00
LogInit: Build Configuration: Development
LogInit: Branch Name: ++UE4+Release-4.11
LogInit: Command line: -EpicPortal 
LogInit: Base directory: C:/Program Files (x86)/Epic Games/4.11/Engine/Binaries/Win64/
LogInit: Installed Engine Build: 1
LogInit: Using libcurl 7.41.0
LogInit:  - built for x86_64-pc-win32
LogInit:  - supports SSL with WinSSL
LogInit:  - other features:
LogInit:      CURL_VERSION_SSL
LogInit:      CURL_VERSION_IPV6
LogInit:      CURL_VERSION_ASYNCHDNS
LogInit:      CURL_VERSION_LARGEFILE
LogInit:      CURL_VERSION_IDN
LogInit:  CurlRequestOptions (configurable via config and command line):
LogInit:  - bVerifyPeer = true  - Libcurl will verify peer certificate
LogInit:  - bUseHttpProxy = false  - Libcurl will NOT use HTTP proxy
LogInit:  - bDontReuseConnections = false  - Libcurl will reuse connections
LogInit:  - CertBundlePath = nullptr  - Libcurl will use whatever was configured at build time.
LogInit: Presizing for max 16777216 objects, including 0 objects not considered by GC, pre-allocating 0 bytes for permanent pool.
LogInit: Object subsystem initialized
[2016.06.17-00.14.15:579][  0]LogInit: Selected Device Profile: [Windows]
[2016.06.17-00.14.15:579][  0]LogInit: Applying CVar settings loaded from the selected device profile: [Windows]
[2016.06.17-00.14.15:590][  0]LogInit: Computer: GM2150017
[2016.06.17-00.14.15:590][  0]LogInit: User: nwuser
[2016.06.17-00.14.15:590][  0]LogInit: CPU Page size=65536, Cores=4
[2016.06.17-00.14.15:590][  0]LogInit: High frequency timer resolution =2.435776 MHz
[2016.06.17-00.14.15:591][  0]LogMemory: Memory total: Physical=7.9GB (8GB approx)
[2016.06.17-00.14.15:591][  0]LogMemory: Platform Memory Stats for Windows
[2016.06.17-00.14.15:591][  0]LogMemory: Process Physical Memory: 313.27 MB used, 313.27 MB peak
[2016.06.17-00.14.15:591][  0]LogMemory: Process Virtual Memory: 314.92 MB used, 314.92 MB peak
[2016.06.17-00.14.15:591][  0]LogMemory: Physical Memory: 4203.42 MB used, 8114.15 MB total
[2016.06.17-00.14.15:591][  0]LogMemory: Virtual Memory: 652.90 MB used, 134217728.00 MB total
[2016.06.17-00.14.15:618][  0]LogTextLocalizationManager: No specific translations for ('ja-JP') exist, so ('ja') translations will be used.
[2016.06.17-00.14.15:690][  0]LogTextLocalizationManager:Warning: Loaded localization resources contain conflicting entries for (Namespace:K2Node, Key:false):
Localization Resource: (C:/Program Files (x86)/Epic Games/4.11/Engine/Content/Localization/EditorTutorials/ja/EditorTutorials.locres) Source String Hash: (816077464) Localized String: (偽)
Localization Resource: (C:/Program Files (x86)/Epic Games/4.11/Engine/Content/Localization/Engine/ja/Engine.locres) Source String Hash: (816077464) Localized String: (false)
[2016.06.17-00.14.15:690][  0]LogTextLocalizationManager:Warning: Loaded localization resources contain conflicting entries for (Namespace:K2Node, Key:true):
Localization Resource: (C:/Program Files (x86)/Epic Games/4.11/Engine/Content/Localization/EditorTutorials/ja/EditorTutorials.locres) Source String Hash: (-942328987) Localized String: (真)
Localization Resource: (C:/Program Files (x86)/Epic Games/4.11/Engine/Content/Localization/Engine/ja/Engine.locres) Source String Hash: (-942328987) Localized String: (true)
[2016.06.17-00.14.15:690][  0]LogTextLocalizationManager:Warning: Loaded localization resources contain conflicting entries for (Namespace:UObjectToolTips, Key:AnimNode_BlendSpacePlayer:bLoop):
Localization Resource: (C:/Program Files (x86)/Epic Games/4.11/Engine/Content/Localization/EditorTutorials/ja/EditorTutorials.locres) Source String Hash: (2133979316) Localized String: (再生が最後まで終わった後、ロープ再生するようにしますか？)
Localization Resource: (C:/Program Files (x86)/Epic Games/4.11/Engine/Content/Localization/ToolTips/ja/ToolTips.locres) Source String Hash: (2133979316) Localized String: (ループが最後まで到達した時に、アニメーションのループを継続するべきか？)
[2016.06.17-00.14.15:691][  0]LogTextLocalizationManager:Warning: Loaded localization resources contain conflicting entries for (Namespace:UObjectToolTips, Key:AnimNode_BlendSpacePlayer:X):
Localization Resource: (C:/Program Files (x86)/Epic Games/4.11/Engine/Content/Localization/EditorTutorials/ja/EditorTutorials.locres) Source String Hash: (2060772590) Localized String: (ブレンドスペースで値を取得するX座標)
Localization Resource: (C:/Program Files (x86)/Epic Games/4.11/Engine/Content/Localization/ToolTips/ja/ToolTips.locres) Source String Hash: (2060772590) Localized String: (ブレンドスペースでサンプリングするX座標)
[2016.06.17-00.14.15:691][  0]LogTextLocalizationManager:Warning: Loaded localization resources contain conflicting entries for (Namespace:UObjectToolTips, Key:AnimNode_BlendSpacePlayer:Y):
Localization Resource: (C:/Program Files (x86)/Epic Games/4.11/Engine/Content/Localization/EditorTutorials/ja/EditorTutorials.locres) Source String Hash: (-1719607538) Localized String: (ブレンドスペースで値を取得するY座標)
Localization Resource: (C:/Program Files (x86)/Epic Games/4.11/Engine/Content/Localization/ToolTips/ja/ToolTips.locres) Source String Hash: (-1719607538) Localized String: (ブレンドスペースでサンプリングするY座標)
[2016.06.17-00.14.15:691][  0]LogTextLocalizationManager:Warning: Loaded localization resources contain conflicting entries for (Namespace:UObjectToolTips, Key:AnimNode_BlendSpacePlayer:Z):
Localization Resource: (C:/Program Files (x86)/Epic Games/4.11/Engine/Content/Localization/EditorTutorials/ja/EditorTutorials.locres) Source String Hash: (1728943471) Localized String: (ブレンドスペースで値を取得するZ座標)
Localization Resource: (C:/Program Files (x86)/Epic Games/4.11/Engine/Content/Localization/ToolTips/ja/ToolTips.locres) Source String Hash: (1728943471) Localized String: (ブレンドスペースでサンプリングするZ座標)
[2016.06.17-00.14.15:691][  0]LogTextLocalizationManager:Warning: Loaded localization resources contain conflicting entries for (Namespace:UObjectToolTips, Key:AnimNode_BlendSpacePlayer:BlendSpace):
Localization Resource: (C:/Program Files (x86)/Epic Games/4.11/Engine/Content/Localization/EditorTutorials/ja/EditorTutorials.locres) Source String Hash: (1599043277) Localized String: (再生するブレンドスペースのアセット)
Localization Resource: (C:/Program Files (x86)/Epic Games/4.11/Engine/Content/Localization/ToolTips/ja/ToolTips.locres) Source String Hash: (1599043277) Localized String: (再生するブレンド空間アセット)
[2016.06.17-00.14.15:691][  0]LogTextLocalizationManager:Warning: Loaded localization resources contain conflicting entries for (Namespace:UObjectToolTips, Key:AnimNode_StateMachine:MaxTransitionsPerFrame):
Localization Resource: (C:/Program Files (x86)/Epic Games/4.11/Engine/Content/Localization/EditorTutorials/ja/EditorTutorials.locres) Source String Hash: (1567650430) Localized String: (このマシーンで1フレームあたりに同時に処理できるトランジションの最大数)
Localization Resource: (C:/Program Files (x86)/Epic Games/4.11/Engine/Content/Localization/ToolTips/ja/ToolTips.locres) Source String Hash: (1567650430) Localized String: (単一フレームでマシーンが「同時」に受け取れる遷移の最大数)
[2016.06.17-00.14.15:691][  0]LogTextLocalizationManager:Warning: Loaded localization resources contain conflicting entries for (Namespace:UObjectToolTips, Key:AnimNode_BlendSpacePlayer:PlayRate):
Localization Resource: (C:/Program Files (x86)/Epic Games/4.11/Engine/Content/Localization/EditorTutorials/ja/EditorTutorials.locres) Source String Hash: (-1274923958) Localized String: (再生速度の倍率です。負の数値も使う事ができます。その場合逆再生になります。)
Localization Resource: (C:/Program Files (x86)/Epic Games/4.11/Engine/Content/Localization/ToolTips/ja/ToolTips.locres) Source String Hash: (-1274923958) Localized String: (再生レート乗数。アニメーションを逆再生する負の値にすることができます。)
[2016.06.17-00.14.15:853][  0]LogD3D11RHI: D3D11 adapters:
[2016.06.17-00.14.15:874][  0]LogD3D11RHI:    0. 'NVIDIA GeForce GTX 960M   ' (Feature Level 11_0)
[2016.06.17-00.14.15:874][  0]LogD3D11RHI:       1995MB of dedicated video memory, 0MB of dedicated system memory, and 4057MB of shared system memory, 1 output[s]
[2016.06.17-00.14.15:879][  0]LogD3D11RHI:    1. 'Intel(R) HD Graphics 4600' (Feature Level 11_0)
[2016.06.17-00.14.15:879][  0]LogD3D11RHI:       112MB of dedicated video memory, 0MB of dedicated system memory, and 4057MB of shared system memory, 0 output[s]
[2016.06.17-00.14.15:880][  0]LogD3D11RHI:    2. 'Microsoft Basic Render Driver' (Feature Level 11_0)
[2016.06.17-00.14.15:880][  0]LogD3D11RHI:       0MB of dedicated video memory, 0MB of dedicated system memory, and 4057MB of shared system memory, 0 output[s]
[2016.06.17-00.14.15:880][  0]LogD3D11RHI: Chosen D3D11 Adapter: 0
[2016.06.17-00.14.15:885][  0]LogD3D11RHI: Creating new Direct3DDevice
[2016.06.17-00.14.15:885][  0]LogD3D11RHI:     Adapter Name: NVIDIA GeForce GTX 960M   
[2016.06.17-00.14.15:885][  0]LogD3D11RHI:   Driver Version: Unknown (internal Unknown)
[2016.06.17-00.14.15:885][  0]LogD3D11RHI:      Driver Date: Unknown
[2016.06.17-00.14.15:885][  0]LogRHI: Texture pool is 1361 MB (70% of 1945 MB)
[2016.06.17-00.14.15:898][  0]LogD3D11RHI: Async texture creation enabled
[2016.06.17-00.14.15:916][  0]LogShaderCompilers: Guid format shader working directory is -17 characters bigger than the processId version (../../../../../../Users/nwuser.DA/Documents/storyterror/StoryTerror/Intermediate/Shaders/WorkingDirectory/8908/).
[2016.06.17-00.14.15:916][  0]LogShaderCompilers: Cleaned the shader compiler working directory 'C:/Users/nwuser.DA/AppData/Local/Temp/UnrealShaderWorkingDir/42146B6D4A2F6E50DD392E9496516D79/'.
[2016.06.17-00.14.15:916][  0]LogShaderCompilers:Display: Using Local Shader Compiler.
[2016.06.17-00.14.16:795][  0]LogTemp:Display: Loaded TP AllDesktopTargetPlatform
[2016.06.17-00.14.16:799][  0]LogTemp:Display: Loaded TP WindowsClientTargetPlatform
[2016.06.17-00.14.16:803][  0]LogTemp:Display: Loaded TP WindowsNoEditorTargetPlatform
[2016.06.17-00.14.16:807][  0]LogTemp:Display: Loaded TP WindowsServerTargetPlatform
[2016.06.17-00.14.16:811][  0]LogTemp:Display: Loaded TP WindowsTargetPlatform
[2016.06.17-00.14.16:814][  0]LogTemp:Display: Loaded TP AndroidTargetPlatform
[2016.06.17-00.14.16:817][  0]LogTemp:Display: Loaded TP Android_ASTCTargetPlatform
[2016.06.17-00.14.16:819][  0]LogTemp:Display: Loaded TP Android_ATCTargetPlatform
[2016.06.17-00.14.16:822][  0]LogTemp:Display: Loaded TP Android_DXTTargetPlatform
[2016.06.17-00.14.16:824][  0]LogTemp:Display: Loaded TP Android_ETC1TargetPlatform
[2016.06.17-00.14.16:827][  0]LogTemp:Display: Loaded TP Android_ETC2TargetPlatform
[2016.06.17-00.14.16:833][  0]LogTemp:Display: Loaded TP Android_MultiTargetPlatform
[2016.06.17-00.14.16:833][  0]LogTemp:Display: Loaded TP Android_PVRTCTargetPlatform
[2016.06.17-00.14.16:834][  0]LogTemp:Display: Loaded TP HTML5TargetPlatform
[2016.06.17-00.14.16:850][  0]LogTemp:Display: Loaded TP IOSTargetPlatform
[2016.06.17-00.14.16:852][  0]LogTemp:Display: Loaded TP TVOSTargetPlatform
[2016.06.17-00.14.16:855][  0]LogTemp:Display: Loaded TP LinuxNoEditorTargetPlatform
[2016.06.17-00.14.16:857][  0]LogTemp:Display: Loaded TP LinuxServerTargetPlatform
[2016.06.17-00.14.16:860][  0]LogTemp:Display: Loaded TP LinuxTargetPlatform
[2016.06.17-00.14.16:860][  0]LogTargetPlatformManager:Display: Building Assets For Windows
[2016.06.17-00.14.16:922][  0]LogDerivedDataCache:Display: Max Cache Size: 512 MB
[2016.06.17-00.14.16:970][  0]LogDerivedDataCache: Loaded boot cache 0.05s 46MB C:/Users/nwuser.DA/AppData/Local/UnrealEngine/4.11/DerivedDataCache/Boot.ddc.
[2016.06.17-00.14.16:970][  0]LogDerivedDataCache:Display: Loaded Boot cache: C:/Users/nwuser.DA/AppData/Local/UnrealEngine/4.11/DerivedDataCache/Boot.ddc
[2016.06.17-00.14.16:970][  0]LogDerivedDataCache: FDerivedDataBackendGraph:  Pak pak cache file ../../../../../../Users/nwuser.DA/Documents/storyterror/StoryTerror/DerivedDataCache/DDC.ddp not found, will not use a pak cache.
[2016.06.17-00.14.16:970][  0]LogDerivedDataCache: Unable to find inner node Pak for hierarchical cache Hierarchy.
[2016.06.17-00.14.16:970][  0]LogDerivedDataCache: FDerivedDataBackendGraph:  CompressedPak pak cache file ../../../../../../Users/nwuser.DA/Documents/storyterror/StoryTerror/DerivedDataCache/Compressed.ddp not found, will not use a pak cache.
[2016.06.17-00.14.16:970][  0]LogDerivedDataCache: Unable to find inner node CompressedPak for hierarchical cache Hierarchy.
[2016.06.17-00.14.16:984][  0]LogDerivedDataCache:Display: Pak cache opened for reading ../../../Engine/DerivedDataCache/Compressed.ddp.
[2016.06.17-00.14.16:995][  0]LogDerivedDataCache: Using Local data cache path C:/Users/nwuser.DA/AppData/Local/UnrealEngine/Common/DerivedDataCache: Writable
[2016.06.17-00.14.17:130][  0]LogInit: Selected Device Profile: [Windows]
[2016.06.17-00.14.17:130][  0]LogContentStreaming: Texture pool size is 0.00 MB
[2016.06.17-00.14.17:158][  0]LogMaterial: Uniform references updated for custom material expression Custom.
[2016.06.17-00.14.17:266][  0]LogMeshUtilities: No automatic mesh reduction module available
[2016.06.17-00.14.17:266][  0]LogMeshUtilities: No automatic mesh merging module available
[2016.06.17-00.14.17:266][  0]LogMeshUtilities: No distributed automatic mesh merging module available
[2016.06.17-00.14.17:465][  0]LogUObjectArray: 27678 objects as part of root set at end of initial load.
[2016.06.17-00.14.17:466][  0]LogUObjectAllocator: 5591392 out of 0 bytes used by permanent object pool.
[2016.06.17-00.14.17:466][  0]LogUObjectArray: CloseDisregardForGC: 0/0 objects in disregard for GC pool
[2016.06.17-00.14.17:471][  0]LogInit: WinSock: version 1.1 (2.2), MaxSocks=32767, MaxUdp=65467
[2016.06.17-00.14.17:541][  0]LogSlate: SlateFontCache - WITH_FREETYPE: 1, WITH_HARFBUZZ: 1
[2016.06.17-00.14.17:541][  0]LogSlate: SlateFontCache - WITH_FREETYPE: 1, WITH_HARFBUZZ: 1
[2016.06.17-00.14.17:624][  0]LogStreaming:Warning: Failed to read file '../../../Engine/Content/Editor/Slate/Common/Selection_16x.png' error.
[2016.06.17-00.14.17:624][  0]LogSlate: Could not find file for Slate resource: ../../../Engine/Content/Editor/Slate/Common/Selection_16x.png
[2016.06.17-00.14.17:624][  0]LogStreaming:Warning: Failed to read file '../../../Engine/Content/Editor/Slate/Common/Selection_16x.png' error.
[2016.06.17-00.14.17:624][  0]LogSlate: Could not find file for Slate resource: ../../../Engine/Content/Editor/Slate/Common/Selection_16x.png
[2016.06.17-00.14.17:624][  0]LogStreaming:Warning: Failed to read file '../../../Engine/Content/Editor/Slate/Common/Selection_16x.png' error.
[2016.06.17-00.14.17:624][  0]LogSlate: Could not find file for Slate resource: ../../../Engine/Content/Editor/Slate/Common/Selection_16x.png
[2016.06.17-00.14.18:097][  0]LogUdpMessaging: Initializing bridge on interface 0.0.0.0:0 to multicast group 230.0.0.1:6666.
[2016.06.17-00.14.18:195][  0]LogAssetRegistry: FAssetRegistry took 0.0212 seconds to start up
[2016.06.17-00.14.18:311][  0]SourceControl: 情報 ソースコントロールは無効です
[2016.06.17-00.14.19:311][  0]LogEngine: Initializing Engine...
[2016.06.17-00.14.19:312][  0]LogHMD: SteamVR failed to initialize.  Err: 110
[2016.06.17-00.14.19:312][  0]LogHMD: SteamVR failed to initialize.  Err: 110
[2016.06.17-00.14.19:467][  0]LogAIModule: Creating AISystem for world NewWorld
[2016.06.17-00.14.19:469][  0]LogInit: XAudio2 using 'スピーカー (Realtek High Definition Audio)' : 2 channels at 48 kHz using 32 bits per sample (channel mask 0x3)
[2016.06.17-00.14.19:489][  0]LogInit: FAudioDevice initialized.
[2016.06.17-00.14.19:512][  0]LogDerivedDataCache: Saved boot cache 0.02s 46MB C:/Users/nwuser.DA/AppData/Local/UnrealEngine/4.11/DerivedDataCache/Boot.ddc.
[2016.06.17-00.14.19:517][  0]LogInit: Texture streaming: Enabled
[2016.06.17-00.14.19:538][  0]LogInit: Transaction tracking system initialized
[2016.06.17-00.14.19:557][  0]BlueprintLog: New page: エディタの読み込み
[2016.06.17-00.14.19:615][  0]LocalizationService: 情報 ローカライズのサービスが無効になりました
[2016.06.17-00.14.19:932][  0]LogConsoleResponse:Display: 
[2016.06.17-00.14.20:022][  0]LogCook:Display: Max memory allowance for cook 8192mb
[2016.06.17-00.14.20:022][  0]LogCook:Display: Mobile HDR setting 1
[2016.06.17-00.14.20:022][  0]LogCook:Display: Done creating registry. It took  0.00s.
[2016.06.17-00.14.20:193][  0]LogFileCache: Scanning file cache for directory 'C:/Users/nwuser.DA/Documents/storyterror/StoryTerror/Content/' took 0.01s
[2016.06.17-00.14.20:194][  0]Cmd: MAP LOAD FILE="../../../Engine/Content/Maps/Templates/Template_Default.umap" TEMPLATE=1 SHOWPROGRESS=1 FEATURELEVEL=3
[2016.06.17-00.14.20:194][  0]LightingResults: New page: ライティングのビルド
[2016.06.17-00.14.20:197][  0]MapCheck: New page: マップをチェック
[2016.06.17-00.14.20:197][  0]LightingResults: New page: <何も選択されていません>
[2016.06.17-00.14.20:413][  0]LogAIModule: Creating AISystem for world Untitled_1
[2016.06.17-00.14.20:417][  0]LogEditorServer: Finished looking for orphan Actors (0.000 secs)
[2016.06.17-00.14.20:421][  0]Cmd: MAP CHECKDEP NOCLEARLOG
[2016.06.17-00.14.20:454][  0]MapCheck: 情報 マップチェックが完了: 0 エラー、 0 警告、完了に 32.213ミリ秒かかりました。
[2016.06.17-00.14.20:454][  0]LogFileHelpers: Loading map 'Template_Default' took 0.260
[2016.06.17-00.14.20:855][  0]LogCollectionManager: Loaded 1 collections in 0.003733 seconds
[2016.06.17-00.14.20:893][  0]LogFileCache: Scanning file cache for directory 'C:/Users/nwuser.DA/Documents/storyterror/StoryTerror/Saved/Collections/' took 0.01s
[2016.06.17-00.14.20:893][  0]LogFileCache: Scanning file cache for directory 'C:/Users/nwuser.DA/Documents/storyterror/StoryTerror/Content/Developers/nwuser/Collections/' took 0.01s
[2016.06.17-00.14.20:893][  0]LogFileCache: Scanning file cache for directory 'C:/Users/nwuser.DA/Documents/storyterror/StoryTerror/Content/Collections/' took 0.01s
[2016.06.17-00.14.20:893][  0]LogCollectionManager: Rebuilt the GUID cache for 1 collections in 0.000007 seconds
[2016.06.17-00.14.20:893][  0]LogCollectionManager: Rebuilt the hierarchy cache for 1 collections in 0.000000 seconds
[2016.06.17-00.14.20:900][  0]LogContentBrowser: Native class hierarchy populated in 0.0065 seconds. Added 1979 classes and 343 folders.
[2016.06.17-00.14.20:903][  0]LogStats: UGameplayTagsManager::ConstructGameplayTagTree: Construct from data asset -  0.000 s
[2016.06.17-00.14.20:903][  0]LogStats: UGameplayTagsManager::ConstructGameplayTagTree: GameplayTagTreeChangedEvent.Broadcast -  0.000 s
[2016.06.17-00.14.20:904][  0]LogContentBrowser: Native class hierarchy updated for 'GameplayTags' in 0.0003 seconds. Added 12 classes and 0 folders.
[2016.06.17-00.14.20:908][  0]LogContentBrowser: Native class hierarchy updated for 'WidgetCarousel' in 0.0003 seconds. Added 0 classes and 0 folders.
[2016.06.17-00.14.21:066][  0]LogContentBrowser: Native class hierarchy updated for 'SuperSearch' in 0.0003 seconds. Added 1 classes and 2 folders.
[2016.06.17-00.14.23:738][  0]LogContentBrowser: Native class hierarchy updated for 'AddContentDialog' in 0.0012 seconds. Added 0 classes and 0 folders.
[2016.06.17-00.14.23:751][  0]LogContentBrowser: Native class hierarchy updated for 'SceneOutliner' in 0.0011 seconds. Added 1 classes and 2 folders.
[2016.06.17-00.14.23:771][  0]LogContentBrowser: Native class hierarchy updated for 'WorldBrowser' in 0.0005 seconds. Added 1 classes and 3 folders.
[2016.06.17-00.14.24:279][  0]LogCrashTracker: Crashtracker disabled due to settings.
[2016.06.17-00.14.24:283][  0]LogUObjectGlobals:Warning: オブジェクト 'Class なし.' が見つかりませんでした
[2016.06.17-00.14.24:309][  0]LogContentBrowser: Native class hierarchy updated for 'HierarchicalLODOutliner' in 0.0005 seconds. Added 1 classes and 2 folders.
[2016.06.17-00.14.24:310][  0]LogLoad: Full Startup: 9.61 seconds (BP compile: 0.04 seconds)
[2016.06.17-00.14.24:310][  0]LogExternalProfiler: Found external profiler: VSPerf
[2016.06.17-00.14.24:310][  0]LogExternalProfiler: Using external profiler: VSPerf
[2016.06.17-00.14.24:380][  0]LogWindowsTextInputMethodSystem:Display: IME system now activated using TSF (Microsoft IME).
[2016.06.17-00.14.24:383][  0]LogOcInput: OculusInput pre-init called
[2016.06.17-00.14.24:800][  0]SourceControl: 情報 On branch Shihara
[2016.06.17-00.14.24:800][  0]SourceControl: 情報 Your branch is up-to-date with 'origin/Shihara'.
[2016.06.17-00.14.24:800][  0]SourceControl: 情報 Changes not staged for commit:
[2016.06.17-00.14.24:800][  0]SourceControl: 情報   (use "git add <file>..." to update what will be committed)
[2016.06.17-00.14.24:800][  0]SourceControl: 情報   (use "git checkout -- <file>..." to discard changes in working directory)
[2016.06.17-00.14.24:800][  0]SourceControl: 情報 	modified:   StoryTerror/Intermediate/CachedAssetRegistry.bin
[2016.06.17-00.14.24:800][  0]SourceControl: 情報 	modified:   StoryTerror/Intermediate/Config/CoalescedSourceConfigs/DeviceProfiles.ini
[2016.06.17-00.14.24:800][  0]SourceControl: 情報 	modified:   StoryTerror/Intermediate/Config/CoalescedSourceConfigs/Engine.ini
[2016.06.17-00.14.24:801][  0]SourceControl: 情報 	modified:   StoryTerror/Intermediate/Config/CoalescedSourceConfigs/Game.ini
[2016.06.17-00.14.24:801][  0]SourceControl: 情報 	modified:   StoryTerror/Saved/AutoScreenshot.png
[2016.06.17-00.14.24:801][  0]SourceControl: 情報 	modified:   StoryTerror/Saved/Config/Windows/Editor.ini
[2016.06.17-00.14.24:801][  0]SourceControl: 情報 	modified:   StoryTerror/Saved/Config/Windows/EditorPerProjectUserSettings.ini
[2016.06.17-00.14.24:801][  0]SourceControl: 情報 	modified:   StoryTerror/Saved/Config/Windows/Engine.ini
[2016.06.17-00.14.24:801][  0]SourceControl: 情報 Untracked files:
[2016.06.17-00.14.24:801][  0]SourceControl: 情報   (use "git add <file>..." to include in what will be committed)
[2016.06.17-00.14.24:801][  0]SourceControl: 情報 	StoryTerror/Saved/Logs/
[2016.06.17-00.14.24:801][  0]SourceControl: 情報 	StoryTerror/Saved/Stats/2016.06.13-15.01.01Stats.csv
[2016.06.17-00.14.24:801][  0]SourceControl: 情報 no changes added to commit (use "git add" and/or "git commit -a")
[2016.06.17-00.14.24:801][  0]LogContentStreaming: Texture pool size now 700 MB
[2016.06.17-00.14.25:207][  1]LogAssetRegistry: Asset discovery search completed in 7.0352 seconds
[2016.06.17-00.14.25:207][  1]LogCollectionManager: Rebuilt the object cache for 1 collections in 0.000002 seconds (found 0 objects)
[2016.06.17-00.14.25:207][  1]LogCollectionManager: Fixed up redirectors for 1 collections in 0.000016 seconds (updated 0 objects)
[2016.06.17-00.14.25:236][  2]LogRenderer: Reallocating scene render targets to support 668x320 (Frame:2).
[2016.06.17-00.14.28:372][308]LogRenderer: Reallocating scene render targets to support 668x388 (Frame:309).
[2016.06.17-00.14.49:474][434]LogContentBrowser: Native class hierarchy updated for 'BlueprintGraph' in 0.0010 seconds. Added 108 classes and 0 folders.
[2016.06.17-00.15.05:924][141]LogEditorViewport: Clicking on Actor (LMB): StaticMeshActor (Floor)
[2016.06.17-00.15.16:155][  8]SourceControl: 情報 rm 'StoryTerror/Content/Shihara/Blueprints/NewBlueprint.uasset'
[2016.06.17-00.16.06:410][413]LogSavePackage: Save=14.15ms
[2016.06.17-00.16.06:410][413]LogSavePackage: Moving '../../../../../../Users/nwuser.DA/Documents/storyterror/StoryTerror/Saved/Mouse_PlayerControllerAA408D234A146EE5B3B4B3B9523AEDCF.tmp' to '../../../../../../Users/nwuser.DA/Documents/storyterror/StoryTerror/Content/Shihara/Blueprints/Mouse_PlayerController.uasset'
[2016.06.17-00.16.06:412][413]LogSavePackage: Total save time: 16.49ms
[2016.06.17-00.16.06:412][413]LogSavePackage:Display: Finished SavePackage ../../../../../../Users/nwuser.DA/Documents/storyterror/StoryTerror/Content/Shihara/Blueprints/Mouse_PlayerController.uasset
[2016.06.17-00.16.27:569][ 49]LogRenderer: Reallocating scene render targets to support 780x724 (Frame:7604).
[2016.06.17-00.19.10:860][688]LogSavePackage: Save=14.06ms
[2016.06.17-00.19.10:860][688]LogSavePackage: Moving '../../../../../../Users/nwuser.DA/Documents/storyterror/StoryTerror/Saved/Mouse_PlayerController7928CDD44AC394CCDB7FE4BB4DD6EC83.tmp' to '../../../../../../Users/nwuser.DA/Documents/storyterror/StoryTerror/Content/Shihara/Blueprints/Mouse_PlayerController.uasset'
[2016.06.17-00.19.10:865][688]LogSavePackage: Total save time: 24.42ms
[2016.06.17-00.19.10:865][688]LogSavePackage:Display: Finished SavePackage ../../../../../../Users/nwuser.DA/Documents/storyterror/StoryTerror/Content/Shihara/Blueprints/Mouse_PlayerController.uasset
[2016.06.17-00.19.13:634][ 20]BlueprintLog: New page: Mouse_PlayerController をコンパイル
[2016.06.17-00.19.13:776][ 20]BlueprintEditorCompileResults: 情報 [0299.10] Mouse_PlayerController のコンパイルに成功しました！  [ 141 ミリ秒]
[2016.06.17-00.22.49:049][697]LogSavePackage: Save=16.07ms
[2016.06.17-00.22.49:049][697]LogSavePackage: Moving '../../../../../../Users/nwuser.DA/Documents/storyterror/StoryTerror/Saved/Mouse_GameModeA772E28845F308ADB4A722A71E1CE521.tmp' to '../../../../../../Users/nwuser.DA/Documents/storyterror/StoryTerror/Content/Shihara/Blueprints/Mouse_GameMode.uasset'
[2016.06.17-00.22.49:051][697]LogSavePackage: Total save time: 18.47ms
[2016.06.17-00.22.49:051][697]LogSavePackage:Display: Finished SavePackage ../../../../../../Users/nwuser.DA/Documents/storyterror/StoryTerror/Content/Shihara/Blueprints/Mouse_GameMode.uasset
[2016.06.17-00.23.17:784][489]LogSlate:Warning: Prevented a slow task dialog from being summoned while a context menu was open
[2016.06.17-00.23.25:024][918]BlueprintLog: New page: Mouse_GameMode をコンパイル
[2016.06.17-00.23.25:155][918]BlueprintEditorCompileResults: 情報 [0550.49] Mouse_GameMode のコンパイルに成功しました！  [ 130 ミリ秒]
[2016.06.17-00.23.39:675][770]LogSavePackage: Save=65.74ms
[2016.06.17-00.23.39:675][770]LogSavePackage: Moving '../../../../../../Users/nwuser.DA/Documents/storyterror/StoryTerror/Saved/Mouse_GameMode2F22C64247DFB85EA0B59A8864B9900C.tmp' to '../../../../../../Users/nwuser.DA/Documents/storyterror/StoryTerror/Content/Shihara/Blueprints/Mouse_GameMode.uasset'
[2016.06.17-00.23.39:678][770]LogSavePackage: Total save time: 73.73ms
[2016.06.17-00.23.39:678][770]LogSavePackage:Display: Finished SavePackage ../../../../../../Users/nwuser.DA/Documents/storyterror/StoryTerror/Content/Shihara/Blueprints/Mouse_GameMode.uasset
[2016.06.17-00.24.03:741][203]LogSlate:Warning: Prevented a slow task dialog from being summoned while a context menu was open
[2016.06.17-00.24.06:837][385]Cmd: UpdateLandscapeSetup
[2016.06.17-00.24.06:865][386]SourceControl:Error: エラー fatal: Could not switch to '/Temp/': No such file or directory
[2016.06.17-00.24.10:245][583]SourceControl:Error: エラー fatal: Could not switch to '/Temp/': No such file or directory
[2016.06.17-00.24.13:391][587]SourceControl:Error: エラー fatal: Could not switch to '/Temp/': No such file or directory
[2016.06.17-00.24.16:389][762]SourceControl:Error: エラー fatal: Could not switch to '/Temp/': No such file or directory
[2016.06.17-00.24.19:145][766]SourceControl:Error: エラー fatal: Could not switch to '/Temp/': No such file or directory
[2016.06.17-00.24.22:500][966]Cmd: UpdateLandscapeSetup
[2016.06.17-00.24.25:685][151]SourceControl:Error: エラー fatal: Could not switch to '/Temp/': No such file or directory
[2016.06.17-00.24.31:807][155]SourceControl:Error: エラー fatal: Could not switch to '/Temp/': No such file or directory
[2016.06.17-00.25.31:335][698]SourceControl:Error: エラー fatal: Could not switch to '/Temp/': No such file or directory
[2016.06.17-00.25.40:069][698]Cmd: OBJ SAVEPACKAGE PACKAGE="/Game/Maps/Test" FILE="../../../../../../Users/nwuser.DA/Documents/storyterror/StoryTerror/Content/Maps/Test.umap" SILENT=true AUTOSAVING=false KEEPDIRTY=false
[2016.06.17-00.25.40:127][698]LogSavePackage: Save=38.66ms
[2016.06.17-00.25.40:127][698]LogSavePackage: Moving '../../../../../../Users/nwuser.DA/Documents/storyterror/StoryTerror/Saved/Test1250064C4AB3D39981A69DAF004B2619.tmp' to '../../../../../../Users/nwuser.DA/Documents/storyterror/StoryTerror/Content/Maps/Test.umap'
[2016.06.17-00.25.40:129][698]LogSavePackage: Total save time: 41.44ms
[2016.06.17-00.25.40:129][698]LogSavePackage:Display: Finished SavePackage ../../../../../../Users/nwuser.DA/Documents/storyterror/StoryTerror/Content/Maps/Test.umap
[2016.06.17-00.25.40:343][698]LogFileHelpers: Saving map 'Test' took 1.794
[2016.06.17-00.25.40:484][707]SourceControl:Error: エラー fatal: Could not switch to '/Temp/': No such file or directory
[2016.06.17-00.25.48:986][211]Cmd: OBJ SAVEPACKAGE PACKAGE="/Game/Maps/Test" FILE="../../../../../../Users/nwuser.DA/Documents/storyterror/StoryTerror/Content/Maps/Test.umap" SILENT=true AUTOSAVING=false KEEPDIRTY=false
[2016.06.17-00.25.49:037][211]LogSavePackage: Save=26.09ms
[2016.06.17-00.25.49:037][211]LogSavePackage: Moving '../../../../../../Users/nwuser.DA/Documents/storyterror/StoryTerror/Saved/TestB8E5AD0347CD526BA524FDB65210C1C3.tmp' to '../../../../../../Users/nwuser.DA/Documents/storyterror/StoryTerror/Content/Maps/Test.umap'
[2016.06.17-00.25.49:039][211]LogSavePackage: Total save time: 32.45ms
[2016.06.17-00.25.49:039][211]LogSavePackage:Display: Finished SavePackage ../../../../../../Users/nwuser.DA/Documents/storyterror/StoryTerror/Content/Maps/Test.umap
[2016.06.17-00.25.55:544][588]LogPlayLevel: PlayLevel: No blueprints needed recompiling
[2016.06.17-00.25.55:630][588]PIE: New page: PIEセッション: Test (2016/06/17 18:25:55)
[2016.06.17-00.25.55:631][588]LogPlayLevel: Creating play world package: /Game/Maps/UEDPIE_0_Test
[2016.06.17-00.25.55:632][588]LogPlayLevel: PIE: StaticDuplicateObject took: (0.001771s)
[2016.06.17-00.25.55:632][588]LogAIModule: Creating AISystem for world Test
[2016.06.17-00.25.55:633][588]LogPlayLevel: PIE: World Init took: (0.000716s)
[2016.06.17-00.25.55:633][588]LogPlayLevel: PIE: Created PIE world by copying editor world from /Game/Maps/Test.Test to /Game/Maps/UEDPIE_0_Test.Test (0.002741s)
[2016.06.17-00.25.55:652][588]LogInit: XAudio2 using 'スピーカー (Realtek High Definition Audio)' : 2 channels at 48 kHz using 32 bits per sample (channel mask 0x3)
[2016.06.17-00.25.55:659][588]LogInit: FAudioDevice initialized.
[2016.06.17-00.25.55:809][588]LogWorld: Game class is 'Mouse_GameMode_C'
[2016.06.17-00.25.55:813][588]LogWorld: Bringing World /Game/Maps/UEDPIE_0_Test.Test up for play (max tick rate 60) at 2016.06.17-09.25.55
[2016.06.17-00.25.55:813][588]LogWorld: Bringing up level for play took: 0.002703
[2016.06.17-00.25.55:879][588]LogContentBrowser: Native class hierarchy updated for 'MovieSceneCapture' in 0.0007 seconds. Added 9 classes and 0 folders.
[2016.06.17-00.25.55:880][588]PIE: 情報 /Game/Maps/UEDPIE_0_Test 0.552のプレイ イン エディタの開始時間
[2016.06.17-00.26.09:382][370]LogPlayLevel: PlayLevel: No blueprints needed recompiling
[2016.06.17-00.26.09:382][370]PIE: New page: PIEセッション: Test (2016/06/17 18:26:09)
[2016.06.17-00.26.09:382][370]LogPlayLevel: Creating play world package: /Game/Maps/UEDPIE_0_Test
[2016.06.17-00.26.09:384][370]LogPlayLevel: PIE: StaticDuplicateObject took: (0.001626s)
[2016.06.17-00.26.09:385][370]LogAIModule: Creating AISystem for world Test
[2016.06.17-00.26.09:385][370]LogPlayLevel: PIE: World Init took: (0.000772s)
[2016.06.17-00.26.09:385][370]LogPlayLevel: PIE: Created PIE world by copying editor world from /Game/Maps/Test.Test to /Game/Maps/UEDPIE_0_Test.Test (0.002676s)
[2016.06.17-00.26.09:404][370]LogInit: XAudio2 using 'スピーカー (Realtek High Definition Audio)' : 2 channels at 48 kHz using 32 bits per sample (channel mask 0x3)
[2016.06.17-00.26.09:412][370]LogInit: FAudioDevice initialized.
[2016.06.17-00.26.09:438][370]LogWorld: Game class is 'Mouse_GameMode_C'
[2016.06.17-00.26.09:441][370]LogWorld: Bringing World /Game/Maps/UEDPIE_0_Test.Test up for play (max tick rate 60) at 2016.06.17-09.26.09
[2016.06.17-00.26.09:442][370]LogWorld: Bringing up level for play took: 0.002052
[2016.06.17-00.26.09:443][370]PIE: 情報 /Game/Maps/UEDPIE_0_Test 0.116のプレイ イン エディタの開始時間
[2016.06.17-00.28.01:446][652]LogPlayLevel: PlayLevel: No blueprints needed recompiling
[2016.06.17-00.28.01:446][652]PIE: New page: PIEセッション: Test (2016/06/17 18:28:01)
[2016.06.17-00.28.01:446][652]LogPlayLevel: Creating play world package: /Game/Maps/UEDPIE_0_Test
[2016.06.17-00.28.01:450][652]LogPlayLevel: PIE: StaticDuplicateObject took: (0.003149s)
[2016.06.17-00.28.01:450][652]LogAIModule: Creating AISystem for world Test
[2016.06.17-00.28.01:451][652]LogPlayLevel: PIE: World Init took: (0.000984s)
[2016.06.17-00.28.01:451][652]LogPlayLevel: PIE: Created PIE world by copying editor world from /Game/Maps/Test.Test to /Game/Maps/UEDPIE_0_Test.Test (0.004408s)
[2016.06.17-00.28.01:471][652]LogInit: XAudio2 using 'スピーカー (Realtek High Definition Audio)' : 2 channels at 48 kHz using 32 bits per sample (channel mask 0x3)
[2016.06.17-00.28.01:479][652]LogInit: FAudioDevice initialized.
[2016.06.17-00.28.01:511][652]LogWorld: Game class is 'Mouse_GameMode_C'
[2016.06.17-00.28.01:514][652]LogWorld: Bringing World /Game/Maps/UEDPIE_0_Test.Test up for play (max tick rate 60) at 2016.06.17-09.28.01
[2016.06.17-00.28.01:515][652]LogWorld: Bringing up level for play took: 0.001911
[2016.06.17-00.28.01:516][652]PIE: 情報 /Game/Maps/UEDPIE_0_Test 0.191のプレイ イン エディタの開始時間
[2016.06.17-00.29.44:446][939]Cmd: MAP LOAD FILE="../../../../../../Users/nwuser.DA/Documents/storyterror/StoryTerror/Content/Maps/Test.umap" TEMPLATE=0 SHOWPROGRESS=1 FEATURELEVEL=3
[2016.06.17-00.29.44:483][939]LightingResults: New page: ライティングのビルド
[2016.06.17-00.29.44:503][939]LoadErrors: New page: マップをロード中: Test.umap
[2016.06.17-00.29.44:517][939]MapCheck: New page: マップをチェック
[2016.06.17-00.29.44:517][939]LightingResults: New page: <何も選択されていません>
[2016.06.17-00.29.44:572][939]LogAIModule: Creating AISystem for world Test
[2016.06.17-00.29.44:695][939]LogEditorServer: Finished looking for orphan Actors (0.000 secs)
[2016.06.17-00.29.44:741][939]Cmd: MAP CHECKDEP NOCLEARLOG
[2016.06.17-00.29.44:793][939]MapCheck: 情報 マップチェックが完了: 0 エラー、 0 警告、完了に 51.843ミリ秒かかりました。
[2016.06.17-00.29.44:793][939]LogFileHelpers: Loading map 'Test' took 2.148
[2016.06.17-00.29.46:516][ 41]LogEditorViewport: Clicking on Actor (LMB): StaticMeshActor (Floor)
[2016.06.17-00.36.50:728][262]Cmd: OBJ SAVEPACKAGE PACKAGE="/Game/Maps/Test" FILE="../../../../../../Users/nwuser.DA/Documents/storyterror/StoryTerror/Content/Maps/Test.umap" SILENT=true AUTOSAVING=false KEEPDIRTY=false
[2016.06.17-00.36.50:877][262]LogSavePackage: Save=125.10ms
[2016.06.17-00.36.50:877][262]LogSavePackage: Moving '../../../../../../Users/nwuser.DA/Documents/storyterror/StoryTerror/Saved/TestEA2BEC6E45FC9370B33C60B77CEFFBB4.tmp' to '../../../../../../Users/nwuser.DA/Documents/storyterror/StoryTerror/Content/Maps/Test.umap'
[2016.06.17-00.36.50:880][262]LogSavePackage: Total save time: 133.45ms
[2016.06.17-00.36.50:880][262]LogSavePackage:Display: Finished SavePackage ../../../../../../Users/nwuser.DA/Documents/storyterror/StoryTerror/Content/Maps/Test.umap
[2016.06.17-00.36.50:918][262]LogFileHelpers: Saving map 'Test' took 0.245
[2016.06.17-00.36.52:821][376]LogEditorViewport: Clicking on Actor (LMB): PlayerStart (Player Start)
[2016.06.17-00.43.48:716][194]BlueprintLog: New page: Test をコンパイル
[2016.06.17-00.43.48:811][194]BlueprintEditorCompileResults: 情報 [1774.22] Test のコンパイルに成功しました！  [ 94 ミリ秒]
[2016.06.17-00.43.55:767][344]Cmd: OBJ SAVEPACKAGE PACKAGE="/Game/Maps/Test" FILE="../../../../../../Users/nwuser.DA/Documents/storyterror/StoryTerror/Content/Maps/Test.umap" SILENT=true AUTOSAVING=false KEEPDIRTY=false
[2016.06.17-00.43.55:947][344]LogSavePackage: Save=154.02ms
[2016.06.17-00.43.55:947][344]LogSavePackage: Moving '../../../../../../Users/nwuser.DA/Documents/storyterror/StoryTerror/Saved/TestD0982D6D4335230C67DF5592D29F1DD7.tmp' to '../../../../../../Users/nwuser.DA/Documents/storyterror/StoryTerror/Content/Maps/Test.umap'
[2016.06.17-00.43.55:950][344]LogSavePackage: Total save time: 163.39ms
[2016.06.17-00.43.55:950][344]LogSavePackage:Display: Finished SavePackage ../../../../../../Users/nwuser.DA/Documents/storyterror/StoryTerror/Content/Maps/Test.umap
[2016.06.17-00.43.55:990][344]LogFileHelpers: Saving map 'Test' took 0.276
[2016.06.17-00.43.59:436][546]LogBlueprintUserMessages: Early PlayInEditor Detection: Level '/Game/Maps/Test.Test:PersistentLevel' has LevelScriptBlueprint '/Game/Maps/Test.Test:PersistentLevel.Test' with GeneratedClass '/Game/Maps/Test.Test_C' with ClassGeneratedBy '/Game/Maps/Test.Test:PersistentLevel.Test'
[2016.06.17-00.43.59:436][546]LogPlayLevel: PlayLevel: No blueprints needed recompiling
[2016.06.17-00.43.59:436][546]PIE: New page: PIEセッション: Test (2016/06/17 18:43:59)
[2016.06.17-00.43.59:436][546]LogPlayLevel: Creating play world package: /Game/Maps/UEDPIE_0_Test
[2016.06.17-00.43.59:442][546]LogPlayLevel: PIE: StaticDuplicateObject took: (0.005487s)
[2016.06.17-00.43.59:443][546]LogAIModule: Creating AISystem for world Test
[2016.06.17-00.43.59:443][546]LogPlayLevel: PIE: World Init took: (0.000914s)
[2016.06.17-00.43.59:443][546]LogPlayLevel: PIE: Created PIE world by copying editor world from /Game/Maps/Test.Test to /Game/Maps/UEDPIE_0_Test.Test (0.006655s)
[2016.06.17-00.43.59:470][546]LogInit: XAudio2 using 'スピーカー (Realtek High Definition Audio)' : 2 channels at 48 kHz using 32 bits per sample (channel mask 0x3)
[2016.06.17-00.43.59:478][546]LogInit: FAudioDevice initialized.
[2016.06.17-00.43.59:508][546]LogWorld: Game class is 'Mouse_GameMode_C'
[2016.06.17-00.43.59:511][546]LogWorld: Bringing World /Game/Maps/UEDPIE_0_Test.Test up for play (max tick rate 60) at 2016.06.17-09.43.59
[2016.06.17-00.43.59:511][546]LogWorld: Bringing up level for play took: 0.001789
[2016.06.17-00.43.59:513][546]PIE: 情報 /Game/Maps/UEDPIE_0_Test 0.248のプレイ イン エディタの開始時間
[2016.06.17-00.43.59:513][546]LogBlueprintUserMessages: Late PlayInEditor Detection: Level '/Game/Maps/Test.Test:PersistentLevel' has LevelScriptBlueprint '/Game/Maps/Test.Test:PersistentLevel.Test' with GeneratedClass '/Game/Maps/Test.Test_C' with ClassGeneratedBy '/Game/Maps/Test.Test:PersistentLevel.Test'
[2016.06.17-00.44.12:633][313]LogBlueprintUserMessages: Early EndPlayMap Detection: Level '/Game/Maps/Test.Test:PersistentLevel' has LevelScriptBlueprint '/Game/Maps/Test.Test:PersistentLevel.Test' with GeneratedClass '/Game/Maps/Test.Test_C' with ClassGeneratedBy '/Game/Maps/Test.Test:PersistentLevel.Test'
[2016.06.17-00.44.13:322][313]LogBlueprintUserMessages: Late EndPlayMap Detection: Level '/Game/Maps/Test.Test:PersistentLevel' has LevelScriptBlueprint '/Game/Maps/Test.Test:PersistentLevel.Test' with GeneratedClass '/Game/Maps/Test.Test_C' with ClassGeneratedBy '/Game/Maps/Test.Test:PersistentLevel.Test'
[2016.06.17-00.44.13:569][314]LogEditorViewport: Clicking on Actor (LMB): BP_Sky_Sphere_C (Sky Sphere)
[2016.06.17-00.46.53:807][750]BlueprintLog: New page: Test をコンパイル
[2016.06.17-00.46.53:895][750]BlueprintEditorCompileResults: 情報 [1959.29] Test のコンパイルに成功しました！  [ 87 ミリ秒]
[2016.06.17-00.46.56:563][869]Cmd: OBJ SAVEPACKAGE PACKAGE="/Game/Maps/Test" FILE="../../../../../../Users/nwuser.DA/Documents/storyterror/StoryTerror/Content/Maps/Test.umap" SILENT=true AUTOSAVING=false KEEPDIRTY=false
[2016.06.17-00.46.56:710][869]LogSavePackage: Save=127.88ms
[2016.06.17-00.46.56:710][869]LogSavePackage: Moving '../../../../../../Users/nwuser.DA/Documents/storyterror/StoryTerror/Saved/TestE65CEFC74CE97A82D1364A937FADDAF3.tmp' to '../../../../../../Users/nwuser.DA/Documents/storyterror/StoryTerror/Content/Maps/Test.umap'
[2016.06.17-00.46.56:714][869]LogSavePackage: Total save time: 132.42ms
[2016.06.17-00.46.56:714][869]LogSavePackage:Display: Finished SavePackage ../../../../../../Users/nwuser.DA/Documents/storyterror/StoryTerror/Content/Maps/Test.umap
[2016.06.17-00.46.56:754][869]LogFileHelpers: Saving map 'Test' took 0.245
[2016.06.17-00.52.24:209][811]LogEditorTransaction: Undo 選択対象を削除します
[2016.06.17-00.52.47:291][304]LogSlate:Warning: Prevented a slow task dialog from being summoned while a context menu was open
[2016.06.17-00.52.48:593][380]LogUObjectGlobals:Warning: オブジェクト 'Class なし.None' が見つかりませんでした
[2016.06.17-00.52.48:601][381]Cmd: UpdateLandscapeSetup
[2016.06.17-00.53.18:286][975]BlueprintLog: New page: Mouse_GameMode をコンパイル
[2016.06.17-00.53.18:441][975]BlueprintEditorCompileResults: 情報 [2343.79] Mouse_GameMode のコンパイルに成功しました！  [ 153 ミリ秒]
[2016.06.17-00.53.20:676][ 65]Cmd: OBJ SAVEPACKAGE PACKAGE="/Game/Maps/Test" FILE="../../../../../../Users/nwuser.DA/Documents/storyterror/StoryTerror/Content/Maps/Test.umap" SILENT=true AUTOSAVING=false KEEPDIRTY=false
[2016.06.17-00.53.20:846][ 65]LogSavePackage: Save=142.84ms
[2016.06.17-00.53.20:846][ 65]LogSavePackage: Moving '../../../../../../Users/nwuser.DA/Documents/storyterror/StoryTerror/Saved/TestE21854F747E24F624A0753A7F0E2F475.tmp' to '../../../../../../Users/nwuser.DA/Documents/storyterror/StoryTerror/Content/Maps/Test.umap'
[2016.06.17-00.53.20:850][ 65]LogSavePackage: Total save time: 152.41ms
[2016.06.17-00.53.20:850][ 65]LogSavePackage:Display: Finished SavePackage ../../../../../../Users/nwuser.DA/Documents/storyterror/StoryTerror/Content/Maps/Test.umap
[2016.06.17-00.53.20:884][ 65]LogFileHelpers: Saving map 'Test' took 0.265
[2016.06.17-00.53.20:910][ 65]LogSavePackage: Save=13.94ms
[2016.06.17-00.53.20:910][ 65]LogSavePackage: Moving '../../../../../../Users/nwuser.DA/Documents/storyterror/StoryTerror/Saved/Mouse_GameModeECEABFA147F5E8E3BDDE4F856471F412.tmp' to '../../../../../../Users/nwuser.DA/Documents/storyterror/StoryTerror/Content/Shihara/Blueprints/Mouse_GameMode.uasset'
[2016.06.17-00.53.20:912][ 65]LogSavePackage: Total save time: 22.10ms
[2016.06.17-00.53.20:912][ 65]LogSavePackage:Display: Finished SavePackage ../../../../../../Users/nwuser.DA/Documents/storyterror/StoryTerror/Content/Shihara/Blueprints/Mouse_GameMode.uasset
[2016.06.17-00.53.26:856][414]LogActorComponent: UnregisterComponent: (/Engine/Transient.EditorFloorComp) Not registered. Aborting.
[2016.06.17-00.53.29:056][541]LogEditorViewport: Clicking on Actor (LMB): BP_Sky_Sphere_C (Sky Sphere)
[2016.06.17-00.53.33:057][775]LogBlueprintUserMessages: Early PlayInEditor Detection: Level '/Game/Maps/Test.Test:PersistentLevel' has LevelScriptBlueprint '/Game/Maps/Test.Test:PersistentLevel.Test' with GeneratedClass '/Game/Maps/Test.Test_C' with ClassGeneratedBy '/Game/Maps/Test.Test:PersistentLevel.Test'
[2016.06.17-00.53.33:057][775]LogPlayLevel: PlayLevel: No blueprints needed recompiling
[2016.06.17-00.53.33:058][775]PIE: New page: PIEセッション: Test (2016/06/17 18:53:33)
[2016.06.17-00.53.33:058][775]LogPlayLevel: Creating play world package: /Game/Maps/UEDPIE_0_Test
[2016.06.17-00.53.33:065][775]LogPlayLevel: PIE: StaticDuplicateObject took: (0.006950s)
[2016.06.17-00.53.33:065][775]LogAIModule: Creating AISystem for world Test
[2016.06.17-00.53.33:066][775]LogPlayLevel: PIE: World Init took: (0.000997s)
[2016.06.17-00.53.33:066][775]LogPlayLevel: PIE: Created PIE world by copying editor world from /Game/Maps/Test.Test to /Game/Maps/UEDPIE_0_Test.Test (0.008238s)
[2016.06.17-00.53.33:092][775]LogInit: XAudio2 using 'スピーカー (Realtek High Definition Audio)' : 2 channels at 48 kHz using 32 bits per sample (channel mask 0x3)
[2016.06.17-00.53.33:099][775]LogInit: FAudioDevice initialized.
[2016.06.17-00.53.33:130][775]LogWorld: Game class is 'GameMode'
[2016.06.17-00.53.33:132][775]LogWorld: Bringing World /Game/Maps/UEDPIE_0_Test.Test up for play (max tick rate 60) at 2016.06.17-09.53.33
[2016.06.17-00.53.33:133][775]LogWorld: Bringing up level for play took: 0.001895
[2016.06.17-00.53.33:135][775]PIE: 情報 /Game/Maps/UEDPIE_0_Test -0.193のプレイ イン エディタの開始時間
[2016.06.17-00.53.33:135][775]LogBlueprintUserMessages: Late PlayInEditor Detection: Level '/Game/Maps/Test.Test:PersistentLevel' has LevelScriptBlueprint '/Game/Maps/Test.Test:PersistentLevel.Test' with GeneratedClass '/Game/Maps/Test.Test_C' with ClassGeneratedBy '/Game/Maps/Test.Test:PersistentLevel.Test'
[2016.06.17-00.53.37:828][ 56]LogBlueprintUserMessages: Early EndPlayMap Detection: Level '/Game/Maps/Test.Test:PersistentLevel' has LevelScriptBlueprint '/Game/Maps/Test.Test:PersistentLevel.Test' with GeneratedClass '/Game/Maps/Test.Test_C' with ClassGeneratedBy '/Game/Maps/Test.Test:PersistentLevel.Test'
[2016.06.17-00.53.38:189][ 56]LogBlueprintUserMessages: Late EndPlayMap Detection: Level '/Game/Maps/Test.Test:PersistentLevel' has LevelScriptBlueprint '/Game/Maps/Test.Test:PersistentLevel.Test' with GeneratedClass '/Game/Maps/Test.Test_C' with ClassGeneratedBy '/Game/Maps/Test.Test:PersistentLevel.Test'
[2016.06.17-00.59.37:885][617]LogSavePackage: Save=14.19ms
[2016.06.17-00.59.37:885][617]LogSavePackage: Moving '../../../../../../Users/nwuser.DA/Documents/storyterror/StoryTerror/Saved/PlayerControllerE13E316A40C822B517D9048F35D1E119.tmp' to '../../../../../../Users/nwuser.DA/Documents/storyterror/StoryTerror/Content/Shihara/Blueprints/PlayerController.uasset'
[2016.06.17-00.59.37:887][617]LogSavePackage: Total save time: 16.67ms
[2016.06.17-00.59.37:887][617]LogSavePackage:Display: Finished SavePackage ../../../../../../Users/nwuser.DA/Documents/storyterror/StoryTerror/Content/Shihara/Blueprints/PlayerController.uasset
[2016.06.17-00.59.59:157][637]SourceControl:Error: エラー error: pathspec 'C:/Users/nwuser.DA/Documents/storyterror/StoryTerror/Content/Shihara/Blueprints/PlayerController.uasset' did not match any file(s) known to git.
[2016.06.17-01.00.41:989][180]BlueprintLog: New page: Mouse_PlayerController をコンパイル
[2016.06.17-01.00.42:073][180]BlueprintEditorCompileResults: 情報 [2787.40] Mouse_PlayerController のコンパイルに成功しました！  [ 84 ミリ秒]
[2016.06.17-01.01.47:364][ 59]LogEditorTransaction: Undo 選択対象を削除します
[2016.06.17-01.01.55:252][516]BlueprintLog: New page: Test をコンパイル
[2016.06.17-01.01.55:343][516]BlueprintEditorCompileResults: 情報 [2860.67] Test のコンパイルに成功しました！  [ 90 ミリ秒]
[2016.06.17-01.02.46:449][831]Cmd: OBJ SAVEPACKAGE PACKAGE="/Game/Maps/Test" FILE="../../../../../../Users/nwuser.DA/Documents/storyterror/StoryTerror/Content/Maps/Test.umap" SILENT=true AUTOSAVING=false KEEPDIRTY=false
[2016.06.17-01.02.46:622][831]LogSavePackage: Save=148.25ms
[2016.06.17-01.02.46:622][831]LogSavePackage: Moving '../../../../../../Users/nwuser.DA/Documents/storyterror/StoryTerror/Saved/Test247BC37948140B53E3CBC29CD8CC3DDD.tmp' to '../../../../../../Users/nwuser.DA/Documents/storyterror/StoryTerror/Content/Maps/Test.umap'
[2016.06.17-01.02.46:625][831]LogSavePackage: Total save time: 158.04ms
[2016.06.17-01.02.46:625][831]LogSavePackage:Display: Finished SavePackage ../../../../../../Users/nwuser.DA/Documents/storyterror/StoryTerror/Content/Maps/Test.umap
[2016.06.17-01.02.46:664][831]LogFileHelpers: Saving map 'Test' took 0.275
[2016.06.17-01.02.46:689][831]LogSavePackage: Save=13.29ms
[2016.06.17-01.02.46:689][831]LogSavePackage: Moving '../../../../../../Users/nwuser.DA/Documents/storyterror/StoryTerror/Saved/Mouse_PlayerController386F7D864DCEC9DDE5D5E0BEB1354CE4.tmp' to '../../../../../../Users/nwuser.DA/Documents/storyterror/StoryTerror/Content/Shihara/Blueprints/Mouse_PlayerController.uasset'
[2016.06.17-01.02.46:692][831]LogSavePackage: Total save time: 21.42ms
[2016.06.17-01.02.46:692][831]LogSavePackage:Display: Finished SavePackage ../../../../../../Users/nwuser.DA/Documents/storyterror/StoryTerror/Content/Shihara/Blueprints/Mouse_PlayerController.uasset
[2016.06.17-01.03.07:378][ 61]LogBlueprintUserMessages: Early PlayInEditor Detection: Level '/Game/Maps/Test.Test:PersistentLevel' has LevelScriptBlueprint '/Game/Maps/Test.Test:PersistentLevel.Test' with GeneratedClass '/Game/Maps/Test.Test_C' with ClassGeneratedBy '/Game/Maps/Test.Test:PersistentLevel.Test'
[2016.06.17-01.03.07:378][ 61]LogPlayLevel: PlayLevel: No blueprints needed recompiling
[2016.06.17-01.03.07:378][ 61]PIE: New page: PIEセッション: Test (2016/06/17 19:03:07)
[2016.06.17-01.03.07:378][ 61]LogPlayLevel: Creating play world package: /Game/Maps/UEDPIE_0_Test
[2016.06.17-01.03.07:385][ 61]LogPlayLevel: PIE: StaticDuplicateObject took: (0.006774s)
[2016.06.17-01.03.07:385][ 61]LogAIModule: Creating AISystem for world Test
[2016.06.17-01.03.07:386][ 61]LogPlayLevel: PIE: World Init took: (0.000870s)
[2016.06.17-01.03.07:386][ 61]LogPlayLevel: PIE: Created PIE world by copying editor world from /Game/Maps/Test.Test to /Game/Maps/UEDPIE_0_Test.Test (0.007871s)
[2016.06.17-01.03.07:413][ 61]LogInit: XAudio2 using 'スピーカー (Realtek High Definition Audio)' : 2 channels at 48 kHz using 32 bits per sample (channel mask 0x3)
[2016.06.17-01.03.07:421][ 61]LogInit: FAudioDevice initialized.
[2016.06.17-01.03.07:453][ 61]LogWorld: Game class is 'GameMode'
[2016.06.17-01.03.07:456][ 61]LogWorld: Bringing World /Game/Maps/UEDPIE_0_Test.Test up for play (max tick rate 60) at 2016.06.17-10.03.07
[2016.06.17-01.03.07:456][ 61]LogWorld: Bringing up level for play took: 0.001648
[2016.06.17-01.03.07:458][ 61]PIE: 情報 /Game/Maps/UEDPIE_0_Test 0.121のプレイ イン エディタの開始時間
[2016.06.17-01.03.07:458][ 61]LogBlueprintUserMessages: Late PlayInEditor Detection: Level '/Game/Maps/Test.Test:PersistentLevel' has LevelScriptBlueprint '/Game/Maps/Test.Test:PersistentLevel.Test' with GeneratedClass '/Game/Maps/Test.Test_C' with ClassGeneratedBy '/Game/Maps/Test.Test:PersistentLevel.Test'
[2016.06.17-01.03.10:463][240]LogBlueprintUserMessages: Early EndPlayMap Detection: Level '/Game/Maps/Test.Test:PersistentLevel' has LevelScriptBlueprint '/Game/Maps/Test.Test:PersistentLevel.Test' with GeneratedClass '/Game/Maps/Test.Test_C' with ClassGeneratedBy '/Game/Maps/Test.Test:PersistentLevel.Test'
[2016.06.17-01.03.10:562][240]LogBlueprintUserMessages: Late EndPlayMap Detection: Level '/Game/Maps/Test.Test:PersistentLevel' has LevelScriptBlueprint '/Game/Maps/Test.Test:PersistentLevel.Test' with GeneratedClass '/Game/Maps/Test.Test_C' with ClassGeneratedBy '/Game/Maps/Test.Test:PersistentLevel.Test'
[2016.06.17-01.03.34:094][589]LogSlate:Warning: Prevented a slow task dialog from being summoned while a context menu was open
[2016.06.17-01.03.37:645][799]BlueprintLog: New page: Mouse_GameMode をコンパイル
[2016.06.17-01.03.37:785][799]BlueprintEditorCompileResults: 情報 [2963.12] Mouse_GameMode のコンパイルに成功しました！  [ 139 ミリ秒]
[2016.06.17-01.03.48:876][454]LogSlate:Warning: Prevented a slow task dialog from being summoned while a context menu was open
[2016.06.17-01.03.50:858][571]Cmd: UpdateLandscapeSetup
[2016.06.17-01.03.52:561][659]Cmd: OBJ SAVEPACKAGE PACKAGE="/Game/Maps/Test" FILE="../../../../../../Users/nwuser.DA/Documents/storyterror/StoryTerror/Content/Maps/Test.umap" SILENT=true AUTOSAVING=false KEEPDIRTY=false
[2016.06.17-01.03.52:741][659]LogSavePackage: Save=155.81ms
[2016.06.17-01.03.52:741][659]LogSavePackage: Moving '../../../../../../Users/nwuser.DA/Documents/storyterror/StoryTerror/Saved/Test5F0C19C84D7502A7623903B49FA2789A.tmp' to '../../../../../../Users/nwuser.DA/Documents/storyterror/StoryTerror/Content/Maps/Test.umap'
[2016.06.17-01.03.52:744][659]LogSavePackage: Total save time: 160.30ms
[2016.06.17-01.03.52:744][659]LogSavePackage:Display: Finished SavePackage ../../../../../../Users/nwuser.DA/Documents/storyterror/StoryTerror/Content/Maps/Test.umap
[2016.06.17-01.03.52:776][659]LogFileHelpers: Saving map 'Test' took 0.270
[2016.06.17-01.03.52:804][659]LogSavePackage: Save=12.93ms
[2016.06.17-01.03.52:804][659]LogSavePackage: Moving '../../../../../../Users/nwuser.DA/Documents/storyterror/StoryTerror/Saved/Mouse_GameModeC359707A40ECC5C52554B7819AFA2D29.tmp' to '../../../../../../Users/nwuser.DA/Documents/storyterror/StoryTerror/Content/Shihara/Blueprints/Mouse_GameMode.uasset'
[2016.06.17-01.03.52:806][659]LogSavePackage: Total save time: 21.20ms
[2016.06.17-01.03.52:806][659]LogSavePackage:Display: Finished SavePackage ../../../../../../Users/nwuser.DA/Documents/storyterror/StoryTerror/Content/Shihara/Blueprints/Mouse_GameMode.uasset
[2016.06.17-01.03.59:693][ 56]LogBlueprintUserMessages: Early PlayInEditor Detection: Level '/Game/Maps/Test.Test:PersistentLevel' has LevelScriptBlueprint '/Game/Maps/Test.Test:PersistentLevel.Test' with GeneratedClass '/Game/Maps/Test.Test_C' with ClassGeneratedBy '/Game/Maps/Test.Test:PersistentLevel.Test'
[2016.06.17-01.03.59:693][ 56]LogPlayLevel: PlayLevel: No blueprints needed recompiling
[2016.06.17-01.03.59:693][ 56]PIE: New page: PIEセッション: Test (2016/06/17 19:03:59)
[2016.06.17-01.03.59:693][ 56]LogPlayLevel: Creating play world package: /Game/Maps/UEDPIE_0_Test
[2016.06.17-01.03.59:703][ 56]LogPlayLevel: PIE: StaticDuplicateObject took: (0.010034s)
[2016.06.17-01.03.59:704][ 56]LogAIModule: Creating AISystem for world Test
[2016.06.17-01.03.59:704][ 56]LogPlayLevel: PIE: World Init took: (0.000962s)
[2016.06.17-01.03.59:704][ 56]LogPlayLevel: PIE: Created PIE world by copying editor world from /Game/Maps/Test.Test to /Game/Maps/UEDPIE_0_Test.Test (0.011247s)
[2016.06.17-01.03.59:728][ 56]LogInit: XAudio2 using 'スピーカー (Realtek High Definition Audio)' : 2 channels at 48 kHz using 32 bits per sample (channel mask 0x3)
[2016.06.17-01.03.59:735][ 56]LogInit: FAudioDevice initialized.
[2016.06.17-01.03.59:769][ 56]LogWorld: Game class is 'GameMode'
[2016.06.17-01.03.59:772][ 56]LogWorld: Bringing World /Game/Maps/UEDPIE_0_Test.Test up for play (max tick rate 60) at 2016.06.17-10.03.59
[2016.06.17-01.03.59:772][ 56]LogWorld: Bringing up level for play took: 0.001862
[2016.06.17-01.03.59:774][ 56]PIE: 情報 /Game/Maps/UEDPIE_0_Test 0.44のプレイ イン エディタの開始時間
[2016.06.17-01.03.59:774][ 56]LogBlueprintUserMessages: Late PlayInEditor Detection: Level '/Game/Maps/Test.Test:PersistentLevel' has LevelScriptBlueprint '/Game/Maps/Test.Test:PersistentLevel.Test' with GeneratedClass '/Game/Maps/Test.Test_C' with ClassGeneratedBy '/Game/Maps/Test.Test:PersistentLevel.Test'
[2016.06.17-01.04.03:177][259]LogBlueprintUserMessages: Early EndPlayMap Detection: Level '/Game/Maps/Test.Test:PersistentLevel' has LevelScriptBlueprint '/Game/Maps/Test.Test:PersistentLevel.Test' with GeneratedClass '/Game/Maps/Test.Test_C' with ClassGeneratedBy '/Game/Maps/Test.Test:PersistentLevel.Test'
[2016.06.17-01.04.03:396][259]LogBlueprintUserMessages: Late EndPlayMap Detection: Level '/Game/Maps/Test.Test:PersistentLevel' has LevelScriptBlueprint '/Game/Maps/Test.Test:PersistentLevel.Test' with GeneratedClass '/Game/Maps/Test.Test_C' with ClassGeneratedBy '/Game/Maps/Test.Test:PersistentLevel.Test'
[2016.06.17-01.05.09:967][456]LogSlate:Warning: Prevented a slow task dialog from being summoned while a context menu was open
[2016.06.17-01.05.11:370][538]Cmd: UpdateLandscapeSetup
[2016.06.17-01.05.18:850][976]Cmd: OBJ SAVEPACKAGE PACKAGE="/Game/Maps/Test" FILE="../../../../../../Users/nwuser.DA/Documents/storyterror/StoryTerror/Content/Maps/Test.umap" SILENT=true AUTOSAVING=false KEEPDIRTY=false
[2016.06.17-01.05.19:023][976]LogSavePackage: Save=150.52ms
[2016.06.17-01.05.19:023][976]LogSavePackage: Moving '../../../../../../Users/nwuser.DA/Documents/storyterror/StoryTerror/Saved/TestE470B6C54976503EC56DB99F985BA14F.tmp' to '../../../../../../Users/nwuser.DA/Documents/storyterror/StoryTerror/Content/Maps/Test.umap'
[2016.06.17-01.05.19:026][976]LogSavePackage: Total save time: 154.80ms
[2016.06.17-01.05.19:026][976]LogSavePackage:Display: Finished SavePackage ../../../../../../Users/nwuser.DA/Documents/storyterror/StoryTerror/Content/Maps/Test.umap
[2016.06.17-01.05.19:057][976]LogFileHelpers: Saving map 'Test' took 0.259
[2016.06.17-01.05.23:069][209]LogBlueprintUserMessages: Early PlayInEditor Detection: Level '/Game/Maps/Test.Test:PersistentLevel' has LevelScriptBlueprint '/Game/Maps/Test.Test:PersistentLevel.Test' with GeneratedClass '/Game/Maps/Test.Test_C' with ClassGeneratedBy '/Game/Maps/Test.Test:PersistentLevel.Test'
[2016.06.17-01.05.23:069][209]LogPlayLevel: PlayLevel: No blueprints needed recompiling
[2016.06.17-01.05.23:069][209]PIE: New page: PIEセッション: Test (2016/06/17 19:05:23)
[2016.06.17-01.05.23:069][209]LogPlayLevel: Creating play world package: /Game/Maps/UEDPIE_0_Test
[2016.06.17-01.05.23:076][209]LogPlayLevel: PIE: StaticDuplicateObject took: (0.006345s)
[2016.06.17-01.05.23:077][209]LogAIModule: Creating AISystem for world Test
[2016.06.17-01.05.23:077][209]LogPlayLevel: PIE: World Init took: (0.001184s)
[2016.06.17-01.05.23:078][209]LogPlayLevel: PIE: Created PIE world by copying editor world from /Game/Maps/Test.Test to /Game/Maps/UEDPIE_0_Test.Test (0.007862s)
[2016.06.17-01.05.23:105][209]LogInit: XAudio2 using 'スピーカー (Realtek High Definition Audio)' : 2 channels at 48 kHz using 32 bits per sample (channel mask 0x3)
[2016.06.17-01.05.23:112][209]LogInit: FAudioDevice initialized.
[2016.06.17-01.05.23:144][209]LogWorld: Game class is 'Mouse_GameMode_C'
[2016.06.17-01.05.23:147][209]LogWorld: Bringing World /Game/Maps/UEDPIE_0_Test.Test up for play (max tick rate 60) at 2016.06.17-10.05.23
[2016.06.17-01.05.23:147][209]LogWorld: Bringing up level for play took: 0.001714
[2016.06.17-01.05.23:149][209]PIE: 情報 /Game/Maps/UEDPIE_0_Test -0.181のプレイ イン エディタの開始時間
[2016.06.17-01.05.23:149][209]LogBlueprintUserMessages: Late PlayInEditor Detection: Level '/Game/Maps/Test.Test:PersistentLevel' has LevelScriptBlueprint '/Game/Maps/Test.Test:PersistentLevel.Test' with GeneratedClass '/Game/Maps/Test.Test_C' with ClassGeneratedBy '/Game/Maps/Test.Test:PersistentLevel.Test'
[2016.06.17-01.05.29:760][605]LogBlueprintUserMessages: Early EndPlayMap Detection: Level '/Game/Maps/Test.Test:PersistentLevel' has LevelScriptBlueprint '/Game/Maps/Test.Test:PersistentLevel.Test' with GeneratedClass '/Game/Maps/Test.Test_C' with ClassGeneratedBy '/Game/Maps/Test.Test:PersistentLevel.Test'
[2016.06.17-01.05.30:098][605]LogBlueprintUserMessages: Late EndPlayMap Detection: Level '/Game/Maps/Test.Test:PersistentLevel' has LevelScriptBlueprint '/Game/Maps/Test.Test:PersistentLevel.Test' with GeneratedClass '/Game/Maps/Test.Test_C' with ClassGeneratedBy '/Game/Maps/Test.Test:PersistentLevel.Test'
[2016.06.17-01.05.30:349][612]LogEditorViewport: Clicking on Actor (LMB): BP_Sky_Sphere_C (Sky Sphere)
[2016.06.17-01.05.31:609][659]LogEditorViewport: Clicking on Actor (LMB): BP_Sky_Sphere_C (Sky Sphere)
[2016.06.17-01.05.32:209][695]Cmd: SELECT NONE
[2016.06.17-01.05.34:693][844]LogEditorViewport: Clicking on Actor (LMB): BP_Sky_Sphere_C (Sky Sphere)
[2016.06.17-01.05.36:158][885]Cmd: SELECT NONE
[2016.06.17-01.05.38:799][ 35]LogEditorViewport: Clicking on Actor (LMB): BP_Sky_Sphere_C (Sky Sphere)
[2016.06.17-01.05.39:612][ 35]LogEditorViewport: Clicking on Actor (LMB): BP_Sky_Sphere_C (Sky Sphere)
[2016.06.17-01.11.20:398][751]BlueprintLog: New page: Test をコンパイル
[2016.06.17-01.11.20:496][751]BlueprintEditorCompileResults: 情報 [3425.85] Test のコンパイルに成功しました！  [ 97 ミリ秒]
[2016.06.17-01.11.58:633][630]Cmd: OBJ SAVEPACKAGE PACKAGE="/Game/Maps/Test" FILE="../../../../../../Users/nwuser.DA/Documents/storyterror/StoryTerror/Content/Maps/Test.umap" SILENT=true AUTOSAVING=false KEEPDIRTY=false
[2016.06.17-01.11.58:799][630]LogSavePackage: Save=142.16ms
[2016.06.17-01.11.58:799][630]LogSavePackage: Moving '../../../../../../Users/nwuser.DA/Documents/storyterror/StoryTerror/Saved/Test5546B6E24C01F7EEBA6DD0B85982AA61.tmp' to '../../../../../../Users/nwuser.DA/Documents/storyterror/StoryTerror/Content/Maps/Test.umap'
[2016.06.17-01.11.58:803][630]LogSavePackage: Total save time: 151.74ms
[2016.06.17-01.11.58:803][630]LogSavePackage:Display: Finished SavePackage ../../../../../../Users/nwuser.DA/Documents/storyterror/StoryTerror/Content/Maps/Test.umap
[2016.06.17-01.11.58:841][630]LogFileHelpers: Saving map 'Test' took 0.262
[2016.06.17-01.12.18:150][724]LogActorComponent: UnregisterComponent: (/Engine/Transient.EditorFloorComp) Not registered. Aborting.
[2016.06.17-01.12.20:448][724]LogWindowsTextInputMethodSystem:Display: IME system now activated using TSF (Microsoft IME).
[2016.06.17-01.12.20:712][725]Cmd: QUIT_EDITOR
[2016.06.17-01.12.21:098][725]LogExit: Preparing to exit.
[2016.06.17-01.12.22:226][725]LogExit: Editor shut down
[2016.06.17-01.12.22:228][725]LogExit: Transaction tracking system shut down
[2016.06.17-01.12.22:532][725]LogObj: Freed 0b from 0 cluster array pools.
[2016.06.17-01.12.22:532][725]LogExit: Object subsystem successfully closed.
[2016.06.17-01.12.22:563][725]LogD3D11RHI: Shutdown
[2016.06.17-01.12.22:563][725]LogD3D11RHI: CleanupD3DDevice
[2016.06.17-01.12.22:648][725]LogD3D11RHI: ~FD3D11DynamicRHI
[2016.06.17-01.12.22:689][725]LogDerivedDataCache: Shutdown
[2016.06.17-01.12.22:689][725]LogModuleManager: Shutting down and abandoning module MovieSceneCapture (206)
[2016.06.17-01.12.22:689][725]LogModuleManager: Shutting down and abandoning module BlueprintGraph (205)
[2016.06.17-01.12.22:689][725]LogModuleManager: Shutting down and abandoning module HierarchicalLODOutliner (204)
[2016.06.17-01.12.22:689][725]LogModuleManager: Shutting down and abandoning module CrashTracker (203)
[2016.06.17-01.12.22:689][725]LogModuleManager: Shutting down and abandoning module WorldBrowser (202)
[2016.06.17-01.12.22:690][725]LogModuleManager: Shutting down and abandoning module SceneOutliner (201)
[2016.06.17-01.12.22:690][725]LogModuleManager: Shutting down and abandoning module SuperSearch (200)
[2016.06.17-01.12.22:690][725]LogModuleManager: Shutting down and abandoning module WidgetCarousel (199)
[2016.06.17-01.12.22:690][725]LogModuleManager: Shutting down and abandoning module AddContentDialog (198)
[2016.06.17-01.12.22:696][725]LogModuleManager: Shutting down and abandoning module GameplayTags (197)
[2016.06.17-01.12.22:696][725]LogModuleManager: Shutting down and abandoning module EditorWidgets (196)
[2016.06.17-01.12.22:696][725]LogModuleManager: Shutting down and abandoning module CollectionManager (195)
[2016.06.17-01.12.22:696][725]LogModuleManager: Shutting down and abandoning module StatsViewer (194)
[2016.06.17-01.12.22:696][725]LogModuleManager: Shutting down and abandoning module FoliageEdit (193)
[2016.06.17-01.12.22:696][725]LogModuleManager: Shutting down and abandoning module LandscapeEditor (192)
[2016.06.17-01.12.22:697][725]LogModuleManager: Shutting down and abandoning module ActorPickerMode (191)
[2016.06.17-01.12.22:697][725]LogModuleManager: Shutting down and abandoning module GeometryMode (190)
[2016.06.17-01.12.22:697][725]LogModuleManager: Shutting down and abandoning module TextureAlignMode (189)
[2016.06.17-01.12.22:697][725]LogModuleManager: Shutting down and abandoning module BspMode (188)
[2016.06.17-01.12.22:697][725]LogModuleManager: Shutting down and abandoning module PlacementMode (187)
[2016.06.17-01.12.22:697][725]LogModuleManager: Shutting down and abandoning module AutomationWorker (186)
[2016.06.17-01.12.22:697][725]LogModuleManager: Shutting down and abandoning module CharacterAI (185)
[2016.06.17-01.12.22:697][725]LogModuleManager: Shutting down and abandoning module SmartSnapping (184)
[2016.06.17-01.12.22:697][725]LogModuleManager: Shutting down and abandoning module ViewportSnapping (183)
[2016.06.17-01.12.22:697][725]LogModuleManager: Shutting down and abandoning module LogVisualizer (182)
[2016.06.17-01.12.22:697][725]LogModuleManager: Shutting down and abandoning module GameProjectGeneration (181)
[2016.06.17-01.12.22:697][725]LogModuleManager: Shutting down and abandoning module IntroTutorials (180)
[2016.06.17-01.12.22:697][725]LogModuleManager: Shutting down and abandoning module EditorLiveStreaming (179)
[2016.06.17-01.12.22:697][725]LogModuleManager: Shutting down and abandoning module IOSPlatformEditor (178)
[2016.06.17-01.12.22:697][725]LogModuleManager: Shutting down and abandoning module HTML5PlatformEditor (177)
[2016.06.17-01.12.22:697][725]LogModuleManager: Shutting down and abandoning module AndroidDeviceDetection (176)
[2016.06.17-01.12.23:557][725]LogModuleManager: Shutting down and abandoning module AndroidPlatformEditor (175)
[2016.06.17-01.12.23:557][725]LogModuleManager: Shutting down and abandoning module IOSRuntimeSettings (174)
[2016.06.17-01.12.23:557][725]LogModuleManager: Shutting down and abandoning module AndroidRuntimeSettings (173)
[2016.06.17-01.12.23:557][725]LogModuleManager: Shutting down and abandoning module MergeActors (172)
[2016.06.17-01.12.23:557][725]LogModuleManager: Shutting down and abandoning module SizeMap (171)
[2016.06.17-01.12.23:557][725]LogModuleManager: Shutting down and abandoning module TreeMap (170)
[2016.06.17-01.12.23:557][725]LogModuleManager: Shutting down and abandoning module ReferenceViewer (169)
[2016.06.17-01.12.23:557][725]LogModuleManager: Shutting down and abandoning module LocalizationService (168)
[2016.06.17-01.12.23:557][725]LogModuleManager: Shutting down and abandoning module LocalizationDashboard (167)
[2016.06.17-01.12.23:557][725]LogModuleManager: Shutting down and abandoning module HardwareTargeting (166)
[2016.06.17-01.12.23:557][725]LogModuleManager: Shutting down and abandoning module DeviceProfileEditor (165)
[2016.06.17-01.12.23:557][725]LogModuleManager: Shutting down and abandoning module UndoHistory (164)
[2016.06.17-01.12.23:557][725]LogModuleManager: Shutting down and abandoning module UserFeedback (163)
[2016.06.17-01.12.23:557][725]LogModuleManager: Shutting down and abandoning module XmlParser (162)
[2016.06.17-01.12.23:557][725]LogModuleManager: Shutting down and abandoning module Blutility (161)
[2016.06.17-01.12.23:557][725]LogModuleManager: Shutting down and abandoning module ProjectTargetPlatformEditor (160)
[2016.06.17-01.12.23:558][725]LogModuleManager: Shutting down and abandoning module ProjectSettingsViewer (159)
[2016.06.17-01.12.23:558][725]LogModuleManager: Shutting down and abandoning module InputBindingEditor (158)
[2016.06.17-01.12.23:558][725]LogModuleManager: Shutting down and abandoning module EditorSettingsViewer (157)
[2016.06.17-01.12.23:558][725]LogModuleManager: Shutting down and abandoning module SettingsEditor (156)
[2016.06.17-01.12.23:558][725]LogModuleManager: Shutting down and abandoning module ProjectLauncher (155)
[2016.06.17-01.12.23:558][725]LogModuleManager: Shutting down and abandoning module SessionFrontend (154)
[2016.06.17-01.12.23:558][725]LogModuleManager: Shutting down and abandoning module ProfilerClient (153)
[2016.06.17-01.12.23:558][725]LogModuleManager: Shutting down and abandoning module TargetDeviceServices (152)
[2016.06.17-01.12.23:558][725]LogModuleManager: Shutting down and abandoning module DeviceManager (151)
[2016.06.17-01.12.23:590][725]LogModuleManager: Shutting down and abandoning module AutomationController (150)
[2016.06.17-01.12.23:590][725]LogModuleManager: Shutting down and abandoning module AutomationWindow (149)
[2016.06.17-01.12.23:590][725]LogModuleManager: Shutting down and abandoning module Layers (148)
[2016.06.17-01.12.23:590][725]LogModuleManager: Shutting down and abandoning module ComponentVisualizers (147)
[2016.06.17-01.12.23:590][725]LogModuleManager: Shutting down and abandoning module DetailCustomizations (146)
[2016.06.17-01.12.23:590][725]LogModuleManager: Shutting down and abandoning module PackagesDialog (145)
[2016.06.17-01.12.23:591][725]LogModuleManager: Shutting down and abandoning module Persona (144)
[2016.06.17-01.12.23:591][725]LogModuleManager: Shutting down and abandoning module Kismet (143)
[2016.06.17-01.12.23:591][725]LogModuleManager: Shutting down and abandoning module GraphEditor (142)
[2016.06.17-01.12.23:591][725]LogModuleManager: Shutting down and abandoning module ClassViewer (141)
[2016.06.17-01.12.23:592][725]LogModuleManager: Shutting down and abandoning module Toolbox (140)
[2016.06.17-01.12.23:592][725]LogModuleManager: Shutting down and abandoning module ModuleUI (139)
[2016.06.17-01.12.23:592][725]LogModuleManager: Shutting down and abandoning module MovieSceneTools (138)
[2016.06.17-01.12.23:592][725]LogModuleManager: Shutting down and abandoning module OutputLog (137)
[2016.06.17-01.12.23:592][725]LogModuleManager: Shutting down and abandoning module GammaUI (136)
[2016.06.17-01.12.23:592][725]LogModuleManager: Shutting down and abandoning module Documentation (135)
[2016.06.17-01.12.23:593][725]LogModuleManager: Shutting down and abandoning module StreamingPauseRendering (134)
[2016.06.17-01.12.23:593][725]LogModuleManager: Shutting down and abandoning module AnalyticsET (133)
[2016.06.17-01.12.23:593][725]LogModuleManager: Shutting down and abandoning module Analytics (132)
[2016.06.17-01.12.23:593][725]LogModuleManager: Shutting down and abandoning module PortalServices (131)
[2016.06.17-01.12.23:593][725]LogModuleManager: Shutting down and abandoning module PortalRpc (130)
[2016.06.17-01.12.23:593][725]LogModuleManager: Shutting down and abandoning module MessagingRpc (129)
[2016.06.17-01.12.23:593][725]LogModuleManager: Shutting down and abandoning module AITestSuite (128)
[2016.06.17-01.12.23:593][725]LogModuleManager: Shutting down and abandoning module GameplayDebugger (127)
[2016.06.17-01.12.23:593][725]LogModuleManager: Shutting down and abandoning module AIModule (126)
[2016.06.17-01.12.23:593][725]LogModuleManager: Shutting down and abandoning module ProfilerService (125)
[2016.06.17-01.12.23:724][725]LogModuleManager: Shutting down and abandoning module TaskGraph (124)
[2016.06.17-01.12.23:724][725]LogModuleManager: Shutting down and abandoning module SlateRemote (123)
[2016.06.17-01.12.23:724][725]LogModuleManager: Shutting down and abandoning module SteamVRController (122)
[2016.06.17-01.12.23:724][725]LogModuleManager: Shutting down and abandoning module SteamVR (121)
[2016.06.17-01.12.23:724][725]LogModuleManager: Shutting down and abandoning module ProceduralMeshComponent (120)
[2016.06.17-01.12.23:724][725]LogModuleManager: Shutting down and abandoning module OculusLibrary (119)
[2016.06.17-01.12.23:724][725]LogModuleManager: Shutting down and abandoning module OculusInput (118)
[2016.06.17-01.12.23:724][725]LogModuleManager: Shutting down and abandoning module CustomMeshComponent (117)
[2016.06.17-01.12.23:724][725]LogModuleManager: Shutting down and abandoning module CableComponent (116)
[2016.06.17-01.12.23:724][725]LogModuleManager: Shutting down and abandoning module ArchVisCharacter (115)
[2016.06.17-01.12.23:724][725]LogModuleManager: Shutting down and abandoning module MediaPlayerEditor (114)
[2016.06.17-01.12.23:724][725]LogModuleManager: Shutting down and abandoning module HTML5Networking (113)
[2016.06.17-01.12.23:724][725]LogModuleManager: Shutting down and abandoning module SpeedTreeImporter (112)
[2016.06.17-01.12.23:724][725]LogModuleManager: Shutting down and abandoning module PluginBrowser (111)
[2016.06.17-01.12.23:724][725]LogModuleManager: Shutting down and abandoning module EpicSurvey (110)
[2016.06.17-01.12.23:725][725]LogModuleManager: Shutting down and abandoning module DesktopPlatform (109)
[2016.06.17-01.12.23:725][725]LogModuleManager: Shutting down and abandoning module VisualStudioSourceCodeAccess (108)
[2016.06.17-01.12.23:725][725]LogModuleManager: Shutting down and abandoning module UObjectPlugin (107)
[2016.06.17-01.12.23:725][725]LogModuleManager: Shutting down and abandoning module SubversionSourceControl (106)
[2016.06.17-01.12.23:725][725]LogModuleManager: Shutting down and abandoning module PerforceSourceControl (105)
[2016.06.17-01.12.23:725][725]LogModuleManager: Shutting down and abandoning module SourceControl (104)
[2016.06.17-01.12.23:725][725]LogModuleManager: Shutting down and abandoning module GitSourceControl (103)
[2016.06.17-01.12.23:725][725]LogModuleManager: Shutting down and abandoning module LightPropagationVolumeEditor (102)
[2016.06.17-01.12.23:725][725]LogModuleManager: Shutting down and abandoning module PaperTiledImporter (101)
[2016.06.17-01.12.23:725][725]LogModuleManager: Shutting down and abandoning module PaperSpriteSheetImporter (100)
[2016.06.17-01.12.23:725][725]LogModuleManager: Shutting down and abandoning module MeshPaint (99)
[2016.06.17-01.12.23:725][725]LogModuleManager: Shutting down and abandoning module HotReload (98)
[2016.06.17-01.12.23:725][725]LogModuleManager: Shutting down and abandoning module MainFrame (97)
[2016.06.17-01.12.23:725][725]LogModuleManager: Shutting down and abandoning module LevelEditor (96)
[2016.06.17-01.12.23:727][725]LogModuleManager: Shutting down and abandoning module DirectoryWatcher (95)
[2016.06.17-01.12.23:733][725]LogModuleManager: Shutting down and abandoning module AssetRegistry (94)
[2016.06.17-01.12.23:933][725]LogModuleManager: Shutting down and abandoning module ContentBrowser (93)
[2016.06.17-01.12.23:935][725]LogModuleManager: Shutting down and abandoning module Paper2DEditor (92)
[2016.06.17-01.12.23:935][725]LogModuleManager: Shutting down and abandoning module UdpMessaging (91)
[2016.06.17-01.12.24:036][725]LogModuleManager: Shutting down and abandoning module LightPropagationVolumeRuntime (90)
[2016.06.17-01.12.24:036][725]LogModuleManager: Shutting down and abandoning module Paper2D (89)
[2016.06.17-01.12.24:036][725]LogModuleManager: Shutting down and abandoning module WindowsMoviePlayer (88)
[2016.06.17-01.12.24:036][725]LogModuleManager: Shutting down and abandoning module Media (87)
[2016.06.17-01.12.24:036][725]LogModuleManager: Shutting down and abandoning module WmfMedia (86)
[2016.06.17-01.12.24:036][725]LogModuleManager: Shutting down and abandoning module GameLiveStreaming (85)
[2016.06.17-01.12.24:036][725]LogModuleManager: Shutting down and abandoning module GameplayTagsEditor (84)
[2016.06.17-01.12.24:036][725]LogModuleManager: Shutting down and abandoning module OnlineBlueprintSupport (83)
[2016.06.17-01.12.24:036][725]LogModuleManager: Shutting down and abandoning module GameplayTasksEditor (82)
[2016.06.17-01.12.24:036][725]LogModuleManager: Shutting down and abandoning module PropertyEditor (81)
[2016.06.17-01.12.24:036][725]LogModuleManager: Shutting down and abandoning module BehaviorTreeEditor (80)
[2016.06.17-01.12.24:036][725]LogModuleManager: Shutting down and abandoning module FunctionalTesting (79)
[2016.06.17-01.12.24:036][725]LogModuleManager: Shutting down and abandoning module CollisionAnalyzer (78)
[2016.06.17-01.12.24:037][725]LogModuleManager: Shutting down and abandoning module WorkspaceMenuStructure (77)
[2016.06.17-01.12.24:037][725]LogModuleManager: Shutting down and abandoning module MessageLog (76)
[2016.06.17-01.12.24:037][725]LogModuleManager: Shutting down and abandoning module Sequencer (75)
[2016.06.17-01.12.24:037][725]LogModuleManager: Shutting down and abandoning module AssetTools (74)
[2016.06.17-01.12.24:037][725]LogModuleManager: Shutting down and abandoning module UMGEditor (73)
[2016.06.17-01.12.24:037][725]LogModuleManager: Shutting down and abandoning module UMG (72)
[2016.06.17-01.12.24:037][725]LogModuleManager: Shutting down and abandoning module SlateReflector (71)
[2016.06.17-01.12.24:037][725]LogModuleManager: Shutting down and abandoning module Slate (70)
[2016.06.17-01.12.24:037][725]LogModuleManager: Shutting down and abandoning module EditorStyle (69)
[2016.06.17-01.12.24:040][725]LogModuleManager: Shutting down and abandoning module SessionServices (68)
[2016.06.17-01.12.24:040][725]LogModuleManager: Shutting down and abandoning module SourceCodeAccess (67)
[2016.06.17-01.12.24:040][725]LogModuleManager: Shutting down and abandoning module HeadMountedDisplay (66)
[2016.06.17-01.12.24:040][725]LogModuleManager: Shutting down and abandoning module XAudio2 (65)
[2016.06.17-01.12.24:040][725]LogModuleManager: Shutting down and abandoning module Networking (63)
[2016.06.17-01.12.24:040][725]LogModuleManager: Shutting down and abandoning module Core (62)
[2016.06.17-01.12.24:040][725]LogModuleManager: Shutting down and abandoning module KismetCompiler (61)
[2016.06.17-01.12.24:040][725]LogModuleManager: Shutting down and abandoning module PhysXFormats (60)
[2016.06.17-01.12.24:040][725]LogModuleManager: Shutting down and abandoning module MeshUtilities (59)
[2016.06.17-01.12.24:040][725]LogModuleManager: Shutting down and abandoning module CookingStats (58)
[2016.06.17-01.12.24:040][725]LogModuleManager: Shutting down and abandoning module DerivedDataCache (57)
[2016.06.17-01.12.24:040][725]LogDerivedDataCache: Shutdown
[2016.06.17-01.12.24:040][725]LogModuleManager: Shutting down and abandoning module ShaderFormatOpenGL (56)
[2016.06.17-01.12.24:040][725]LogModuleManager: Shutting down and abandoning module ShaderFormatD3D (55)
[2016.06.17-01.12.24:040][725]LogModuleManager: Shutting down and abandoning module MetalShaderFormat (54)
[2016.06.17-01.12.24:040][725]LogModuleManager: Shutting down and abandoning module TextureFormatUncompressed (53)
[2016.06.17-01.12.24:040][725]LogModuleManager: Shutting down and abandoning module TextureFormatPVR (52)
[2016.06.17-01.12.24:040][725]LogModuleManager: Shutting down and abandoning module TextureFormatIntelISPCTexComp (51)
[2016.06.17-01.12.24:040][725]LogModuleManager: Shutting down and abandoning module TextureFormatDXT (50)
[2016.06.17-01.12.24:040][725]LogModuleManager: Shutting down and abandoning module ImageWrapper (49)
[2016.06.17-01.12.24:040][725]LogModuleManager: Shutting down and abandoning module TextureFormatASTC (48)
[2016.06.17-01.12.24:040][725]LogModuleManager: Shutting down and abandoning module TextureFormatAndroid (47)
[2016.06.17-01.12.24:040][725]LogModuleManager: Shutting down and abandoning module AudioFormatOpus (46)
[2016.06.17-01.12.24:040][725]LogModuleManager: Shutting down and abandoning module AudioFormatOgg (45)
[2016.06.17-01.12.24:040][725]LogModuleManager: Shutting down and abandoning module AudioFormatADPCM (44)
[2016.06.17-01.12.24:041][725]LogModuleManager: Shutting down and abandoning module LinuxTargetPlatform (43)
[2016.06.17-01.12.24:041][725]LogModuleManager: Shutting down and abandoning module LinuxServerTargetPlatform (42)
[2016.06.17-01.12.24:041][725]LogModuleManager: Shutting down and abandoning module LinuxNoEditorTargetPlatform (41)
[2016.06.17-01.12.24:041][725]LogModuleManager: Shutting down and abandoning module TVOSTargetPlatform (40)
[2016.06.17-01.12.24:041][725]LogModuleManager: Shutting down and abandoning module Messaging (39)
[2016.06.17-01.12.24:041][725]LogModuleManager: Shutting down and abandoning module IOSTargetPlatform (38)
[2016.06.17-01.12.24:041][725]LogModuleManager: Shutting down and abandoning module HTML5TargetPlatform (37)
[2016.06.17-01.12.24:041][725]LogModuleManager: Shutting down and abandoning module Android_PVRTCTargetPlatform (36)
[2016.06.17-01.12.24:041][725]LogModuleManager: Shutting down and abandoning module Android_MultiTargetPlatform (35)
[2016.06.17-01.12.24:041][725]LogModuleManager: Shutting down and abandoning module Android_ETC2TargetPlatform (34)
[2016.06.17-01.12.24:041][725]LogModuleManager: Shutting down and abandoning module Android_ETC1TargetPlatform (33)
[2016.06.17-01.12.24:041][725]LogModuleManager: Shutting down and abandoning module Android_DXTTargetPlatform (32)
[2016.06.17-01.12.24:041][725]LogModuleManager: Shutting down and abandoning module Android_ATCTargetPlatform (31)
[2016.06.17-01.12.24:041][725]LogModuleManager: Shutting down and abandoning module Android_ASTCTargetPlatform (30)
[2016.06.17-01.12.24:041][725]LogModuleManager: Shutting down and abandoning module AndroidTargetPlatform (29)
[2016.06.17-01.12.24:041][725]LogModuleManager: Shutting down and abandoning module WindowsTargetPlatform (28)
[2016.06.17-01.12.24:041][725]LogModuleManager: Shutting down and abandoning module WindowsServerTargetPlatform (27)
[2016.06.17-01.12.24:041][725]LogModuleManager: Shutting down and abandoning module WindowsNoEditorTargetPlatform (26)
[2016.06.17-01.12.24:041][725]LogModuleManager: Shutting down and abandoning module WindowsClientTargetPlatform (25)
[2016.06.17-01.12.24:041][725]LogModuleManager: Shutting down and abandoning module AllDesktopTargetPlatform (24)
[2016.06.17-01.12.24:041][725]LogModuleManager: Shutting down and abandoning module TargetPlatform (23)
[2016.06.17-01.12.24:041][725]LogModuleManager: Shutting down and abandoning module InputCore (22)
[2016.06.17-01.12.24:041][725]LogModuleManager: Shutting down and abandoning module Settings (21)
[2016.06.17-01.12.24:041][725]LogModuleManager: Shutting down and abandoning module OnlineSubsystem (19)
[2016.06.17-01.12.24:041][725]LogModuleManager: Shutting down and abandoning module HTTP (18)
[2016.06.17-01.12.25:043][725]LogModuleManager: Shutting down and abandoning module XMPP (17)
[2016.06.17-01.12.25:043][725]LogModuleManager: Shutting down and abandoning module OculusRift (16)
[2016.06.17-01.12.25:043][725]LogModuleManager: Shutting down and abandoning module ExampleDeviceProfileSelector (15)
[2016.06.17-01.12.25:043][725]LogModuleManager: Shutting down and abandoning module TextureCompressor (14)
[2016.06.17-01.12.25:043][725]LogModuleManager: Shutting down and abandoning module ShaderCore (13)
[2016.06.17-01.12.25:043][725]LogModuleManager: Shutting down and abandoning module Landscape (12)
[2016.06.17-01.12.25:043][725]LogModuleManager: Shutting down and abandoning module SlateRHIRenderer (11)
[2016.06.17-01.12.25:067][725]LogModuleManager: Shutting down and abandoning module OpenGLDrv (10)
[2016.06.17-01.12.25:067][725]LogModuleManager: Shutting down and abandoning module D3D11RHI (9)
[2016.06.17-01.12.25:067][725]LogModuleManager: Shutting down and abandoning module AnimGraphRuntime (8)
[2016.06.17-01.12.25:067][725]LogModuleManager: Shutting down and abandoning module Renderer (7)
[2016.06.17-01.12.25:067][725]LogModuleManager: Shutting down and abandoning module Engine (6)
[2016.06.17-01.12.25:067][725]LogModuleManager: Shutting down and abandoning module CoreUObject (5)
[2016.06.17-01.12.25:067][725]LogModuleManager: Shutting down and abandoning module NetworkFile (4)
[2016.06.17-01.12.25:067][725]LogModuleManager: Shutting down and abandoning module StreamingFile (3)
[2016.06.17-01.12.25:067][725]LogModuleManager: Shutting down and abandoning module SandboxFile (2)
[2016.06.17-01.12.25:067][725]LogModuleManager: Shutting down and abandoning module PakFile (1)
[2016.06.17-01.12.25:069][725]LogExit: Exiting.
[2016.06.17-01.12.25:089][725]Log file closed, 06/17/16 10:12:25
