Log file open, 06/13/16 14:50:25
LogInit:Display: Running engine for game: StoryTerror
LogPlatformFile: Not using cached read wrapper
LogInit:Display: RandInit(-656163031) SRandInit(-656163030).
LogTaskGraph: Started task graph with 4 named threads and 7 total threads.
LogStats: Stats thread started at 0.069318
LogInit: Version: 4.11.1-2934540+++UE4+Release-4.11
LogInit: API Version: 2927265
LogInit: Compiled (64-bit): Apr  6 2016 02:14:16
LogInit: Compiled with Visual C++: 19.00.23026.00
LogInit: Build Configuration: Development
LogInit: Branch Name: ++UE4+Release-4.11
LogInit: Command line:  
LogInit: Base directory: C:/Program Files (x86)/Epic Games/4.11/Engine/Binaries/Win64/
LogInit: Installed Engine Build: 1
LogInit: Using libcurl 7.41.0
LogInit:  - built for x86_64-pc-win32
LogInit:  - supports SSL with WinSSL
LogInit:  - other features:
LogInit:      CURL_VERSION_SSL
LogInit:      CURL_VERSION_IPV6
LogInit:      CURL_VERSION_ASYNCHDNS
LogInit:      CURL_VERSION_LARGEFILE
LogInit:      CURL_VERSION_IDN
LogInit:  CurlRequestOptions (configurable via config and command line):
LogInit:  - bVerifyPeer = true  - Libcurl will verify peer certificate
LogInit:  - bUseHttpProxy = false  - Libcurl will NOT use HTTP proxy
LogInit:  - bDontReuseConnections = false  - Libcurl will reuse connections
LogInit:  - CertBundlePath = nullptr  - Libcurl will use whatever was configured at build time.
LogInit: Presizing for max 16777216 objects, including 0 objects not considered by GC, pre-allocating 0 bytes for permanent pool.
LogInit: Object subsystem initialized
[2016.06.13-05.50.25:724][  0]LogInit: Selected Device Profile: [Windows]
[2016.06.13-05.50.25:724][  0]LogInit: Applying CVar settings loaded from the selected device profile: [Windows]
[2016.06.13-05.50.25:732][  0]LogInit: Computer: GM2150017
[2016.06.13-05.50.25:732][  0]LogInit: User: nwuser
[2016.06.13-05.50.25:732][  0]LogInit: CPU Page size=65536, Cores=4
[2016.06.13-05.50.25:732][  0]LogInit: High frequency timer resolution =2.435776 MHz
[2016.06.13-05.50.25:733][  0]LogMemory: Memory total: Physical=7.9GB (8GB approx)
[2016.06.13-05.50.25:733][  0]LogMemory: Platform Memory Stats for Windows
[2016.06.13-05.50.25:733][  0]LogMemory: Process Physical Memory: 313.23 MB used, 313.23 MB peak
[2016.06.13-05.50.25:733][  0]LogMemory: Process Virtual Memory: 314.86 MB used, 314.86 MB peak
[2016.06.13-05.50.25:733][  0]LogMemory: Physical Memory: 6904.55 MB used, 8114.15 MB total
[2016.06.13-05.50.25:733][  0]LogMemory: Virtual Memory: 652.90 MB used, 134217728.00 MB total
[2016.06.13-05.50.25:761][  0]LogTextLocalizationManager: No specific translations for ('ja-JP') exist, so ('ja') translations will be used.
[2016.06.13-05.50.25:835][  0]LogTextLocalizationManager:Warning: Loaded localization resources contain conflicting entries for (Namespace:K2Node, Key:false):
Localization Resource: (C:/Program Files (x86)/Epic Games/4.11/Engine/Content/Localization/EditorTutorials/ja/EditorTutorials.locres) Source String Hash: (816077464) Localized String: (偽)
Localization Resource: (C:/Program Files (x86)/Epic Games/4.11/Engine/Content/Localization/Engine/ja/Engine.locres) Source String Hash: (816077464) Localized String: (false)
[2016.06.13-05.50.25:835][  0]LogTextLocalizationManager:Warning: Loaded localization resources contain conflicting entries for (Namespace:K2Node, Key:true):
Localization Resource: (C:/Program Files (x86)/Epic Games/4.11/Engine/Content/Localization/EditorTutorials/ja/EditorTutorials.locres) Source String Hash: (-942328987) Localized String: (真)
Localization Resource: (C:/Program Files (x86)/Epic Games/4.11/Engine/Content/Localization/Engine/ja/Engine.locres) Source String Hash: (-942328987) Localized String: (true)
[2016.06.13-05.50.25:835][  0]LogTextLocalizationManager:Warning: Loaded localization resources contain conflicting entries for (Namespace:UObjectToolTips, Key:AnimNode_BlendSpacePlayer:bLoop):
Localization Resource: (C:/Program Files (x86)/Epic Games/4.11/Engine/Content/Localization/EditorTutorials/ja/EditorTutorials.locres) Source String Hash: (2133979316) Localized String: (再生が最後まで終わった後、ロープ再生するようにしますか？)
Localization Resource: (C:/Program Files (x86)/Epic Games/4.11/Engine/Content/Localization/ToolTips/ja/ToolTips.locres) Source String Hash: (2133979316) Localized String: (ループが最後まで到達した時に、アニメーションのループを継続するべきか？)
[2016.06.13-05.50.25:835][  0]LogTextLocalizationManager:Warning: Loaded localization resources contain conflicting entries for (Namespace:UObjectToolTips, Key:AnimNode_BlendSpacePlayer:X):
Localization Resource: (C:/Program Files (x86)/Epic Games/4.11/Engine/Content/Localization/EditorTutorials/ja/EditorTutorials.locres) Source String Hash: (2060772590) Localized String: (ブレンドスペースで値を取得するX座標)
Localization Resource: (C:/Program Files (x86)/Epic Games/4.11/Engine/Content/Localization/ToolTips/ja/ToolTips.locres) Source String Hash: (2060772590) Localized String: (ブレンドスペースでサンプリングするX座標)
[2016.06.13-05.50.25:835][  0]LogTextLocalizationManager:Warning: Loaded localization resources contain conflicting entries for (Namespace:UObjectToolTips, Key:AnimNode_BlendSpacePlayer:Y):
Localization Resource: (C:/Program Files (x86)/Epic Games/4.11/Engine/Content/Localization/EditorTutorials/ja/EditorTutorials.locres) Source String Hash: (-1719607538) Localized String: (ブレンドスペースで値を取得するY座標)
Localization Resource: (C:/Program Files (x86)/Epic Games/4.11/Engine/Content/Localization/ToolTips/ja/ToolTips.locres) Source String Hash: (-1719607538) Localized String: (ブレンドスペースでサンプリングするY座標)
[2016.06.13-05.50.25:835][  0]LogTextLocalizationManager:Warning: Loaded localization resources contain conflicting entries for (Namespace:UObjectToolTips, Key:AnimNode_BlendSpacePlayer:Z):
Localization Resource: (C:/Program Files (x86)/Epic Games/4.11/Engine/Content/Localization/EditorTutorials/ja/EditorTutorials.locres) Source String Hash: (1728943471) Localized String: (ブレンドスペースで値を取得するZ座標)
Localization Resource: (C:/Program Files (x86)/Epic Games/4.11/Engine/Content/Localization/ToolTips/ja/ToolTips.locres) Source String Hash: (1728943471) Localized String: (ブレンドスペースでサンプリングするZ座標)
[2016.06.13-05.50.25:835][  0]LogTextLocalizationManager:Warning: Loaded localization resources contain conflicting entries for (Namespace:UObjectToolTips, Key:AnimNode_BlendSpacePlayer:BlendSpace):
Localization Resource: (C:/Program Files (x86)/Epic Games/4.11/Engine/Content/Localization/EditorTutorials/ja/EditorTutorials.locres) Source String Hash: (1599043277) Localized String: (再生するブレンドスペースのアセット)
Localization Resource: (C:/Program Files (x86)/Epic Games/4.11/Engine/Content/Localization/ToolTips/ja/ToolTips.locres) Source String Hash: (1599043277) Localized String: (再生するブレンド空間アセット)
[2016.06.13-05.50.25:835][  0]LogTextLocalizationManager:Warning: Loaded localization resources contain conflicting entries for (Namespace:UObjectToolTips, Key:AnimNode_StateMachine:MaxTransitionsPerFrame):
Localization Resource: (C:/Program Files (x86)/Epic Games/4.11/Engine/Content/Localization/EditorTutorials/ja/EditorTutorials.locres) Source String Hash: (1567650430) Localized String: (このマシーンで1フレームあたりに同時に処理できるトランジションの最大数)
Localization Resource: (C:/Program Files (x86)/Epic Games/4.11/Engine/Content/Localization/ToolTips/ja/ToolTips.locres) Source String Hash: (1567650430) Localized String: (単一フレームでマシーンが「同時」に受け取れる遷移の最大数)
[2016.06.13-05.50.25:835][  0]LogTextLocalizationManager:Warning: Loaded localization resources contain conflicting entries for (Namespace:UObjectToolTips, Key:AnimNode_BlendSpacePlayer:PlayRate):
Localization Resource: (C:/Program Files (x86)/Epic Games/4.11/Engine/Content/Localization/EditorTutorials/ja/EditorTutorials.locres) Source String Hash: (-1274923958) Localized String: (再生速度の倍率です。負の数値も使う事ができます。その場合逆再生になります。)
Localization Resource: (C:/Program Files (x86)/Epic Games/4.11/Engine/Content/Localization/ToolTips/ja/ToolTips.locres) Source String Hash: (-1274923958) Localized String: (再生レート乗数。アニメーションを逆再生する負の値にすることができます。)
[2016.06.13-05.50.25:990][  0]LogD3D11RHI: D3D11 adapters:
[2016.06.13-05.50.26:017][  0]LogD3D11RHI:    0. 'NVIDIA GeForce GTX 960M   ' (Feature Level 11_0)
[2016.06.13-05.50.26:017][  0]LogD3D11RHI:       1995MB of dedicated video memory, 0MB of dedicated system memory, and 4057MB of shared system memory, 1 output[s]
[2016.06.13-05.50.26:023][  0]LogD3D11RHI:    1. 'Intel(R) HD Graphics 4600' (Feature Level 11_0)
[2016.06.13-05.50.26:023][  0]LogD3D11RHI:       112MB of dedicated video memory, 0MB of dedicated system memory, and 4057MB of shared system memory, 0 output[s]
[2016.06.13-05.50.26:024][  0]LogD3D11RHI:    2. 'Microsoft Basic Render Driver' (Feature Level 11_0)
[2016.06.13-05.50.26:024][  0]LogD3D11RHI:       0MB of dedicated video memory, 0MB of dedicated system memory, and 4057MB of shared system memory, 0 output[s]
[2016.06.13-05.50.26:024][  0]LogD3D11RHI: Chosen D3D11 Adapter: 0
[2016.06.13-05.50.26:156][  0]LogD3D11RHI: Creating new Direct3DDevice
[2016.06.13-05.50.26:156][  0]LogD3D11RHI:     Adapter Name: NVIDIA GeForce GTX 960M   
[2016.06.13-05.50.26:156][  0]LogD3D11RHI:   Driver Version: Unknown (internal Unknown)
[2016.06.13-05.50.26:156][  0]LogD3D11RHI:      Driver Date: Unknown
[2016.06.13-05.50.26:156][  0]LogRHI: Texture pool is 1361 MB (70% of 1945 MB)
[2016.06.13-05.50.26:171][  0]LogD3D11RHI: Async texture creation enabled
[2016.06.13-05.50.26:184][  0]LogShaderCompilers: Guid format shader working directory is -19 characters bigger than the processId version (../../../../../../Users/nwuser.DA/Documents/storyterror/StoryTerror/Intermediate/Shaders/WorkingDirectory/741916/).
[2016.06.13-05.50.26:185][  0]LogShaderCompilers: Cleaned the shader compiler working directory 'C:/Users/nwuser.DA/AppData/Local/Temp/UnrealShaderWorkingDir/7988CEFF4BD87AB66FE6F99F47A798E4/'.
[2016.06.13-05.50.26:185][  0]LogShaderCompilers:Display: Using Local Shader Compiler.
[2016.06.13-05.50.27:476][  0]LogTemp:Display: Loaded TP AllDesktopTargetPlatform
[2016.06.13-05.50.27:483][  0]LogTemp:Display: Loaded TP WindowsClientTargetPlatform
[2016.06.13-05.50.27:489][  0]LogTemp:Display: Loaded TP WindowsNoEditorTargetPlatform
[2016.06.13-05.50.27:494][  0]LogTemp:Display: Loaded TP WindowsServerTargetPlatform
[2016.06.13-05.50.27:499][  0]LogTemp:Display: Loaded TP WindowsTargetPlatform
[2016.06.13-05.50.27:503][  0]LogTemp:Display: Loaded TP AndroidTargetPlatform
[2016.06.13-05.50.27:506][  0]LogTemp:Display: Loaded TP Android_ASTCTargetPlatform
[2016.06.13-05.50.27:510][  0]LogTemp:Display: Loaded TP Android_ATCTargetPlatform
[2016.06.13-05.50.27:513][  0]LogTemp:Display: Loaded TP Android_DXTTargetPlatform
[2016.06.13-05.50.27:519][  0]LogTemp:Display: Loaded TP Android_ETC1TargetPlatform
[2016.06.13-05.50.27:524][  0]LogTemp:Display: Loaded TP Android_ETC2TargetPlatform
[2016.06.13-05.50.27:534][  0]LogTemp:Display: Loaded TP Android_MultiTargetPlatform
[2016.06.13-05.50.27:534][  0]LogTemp:Display: Loaded TP Android_PVRTCTargetPlatform
[2016.06.13-05.50.27:535][  0]LogTemp:Display: Loaded TP HTML5TargetPlatform
[2016.06.13-05.50.27:553][  0]LogTemp:Display: Loaded TP IOSTargetPlatform
[2016.06.13-05.50.27:556][  0]LogTemp:Display: Loaded TP TVOSTargetPlatform
[2016.06.13-05.50.27:559][  0]LogTemp:Display: Loaded TP LinuxNoEditorTargetPlatform
[2016.06.13-05.50.27:562][  0]LogTemp:Display: Loaded TP LinuxServerTargetPlatform
[2016.06.13-05.50.27:566][  0]LogTemp:Display: Loaded TP LinuxTargetPlatform
[2016.06.13-05.50.27:566][  0]LogTargetPlatformManager:Display: Building Assets For Windows
[2016.06.13-05.50.27:645][  0]LogDerivedDataCache:Display: Max Cache Size: 512 MB
[2016.06.13-05.50.28:145][  0]LogDerivedDataCache: Loaded boot cache 0.50s 46MB C:/Users/nwuser.DA/AppData/Local/UnrealEngine/4.11/DerivedDataCache/Boot.ddc.
[2016.06.13-05.50.28:145][  0]LogDerivedDataCache:Display: Loaded Boot cache: C:/Users/nwuser.DA/AppData/Local/UnrealEngine/4.11/DerivedDataCache/Boot.ddc
[2016.06.13-05.50.28:145][  0]LogDerivedDataCache: FDerivedDataBackendGraph:  Pak pak cache file ../../../../../../Users/nwuser.DA/Documents/storyterror/StoryTerror/DerivedDataCache/DDC.ddp not found, will not use a pak cache.
[2016.06.13-05.50.28:145][  0]LogDerivedDataCache: Unable to find inner node Pak for hierarchical cache Hierarchy.
[2016.06.13-05.50.28:145][  0]LogDerivedDataCache: FDerivedDataBackendGraph:  CompressedPak pak cache file ../../../../../../Users/nwuser.DA/Documents/storyterror/StoryTerror/DerivedDataCache/Compressed.ddp not found, will not use a pak cache.
[2016.06.13-05.50.28:145][  0]LogDerivedDataCache: Unable to find inner node CompressedPak for hierarchical cache Hierarchy.
[2016.06.13-05.50.28:166][  0]LogDerivedDataCache:Display: Pak cache opened for reading ../../../Engine/DerivedDataCache/Compressed.ddp.
[2016.06.13-05.50.28:179][  0]LogDerivedDataCache: Using Local data cache path C:/Users/nwuser.DA/AppData/Local/UnrealEngine/Common/DerivedDataCache: Writable
[2016.06.13-05.50.28:361][  0]LogInit: Selected Device Profile: [Windows]
[2016.06.13-05.50.28:362][  0]LogContentStreaming: Texture pool size is 0.00 MB
[2016.06.13-05.50.28:401][  0]LogMaterial: Uniform references updated for custom material expression Custom.
[2016.06.13-05.50.28:551][  0]LogMeshUtilities: No automatic mesh reduction module available
[2016.06.13-05.50.28:551][  0]LogMeshUtilities: No automatic mesh merging module available
[2016.06.13-05.50.28:551][  0]LogMeshUtilities: No distributed automatic mesh merging module available
[2016.06.13-05.50.28:876][  0]LogUObjectArray: 27678 objects as part of root set at end of initial load.
[2016.06.13-05.50.28:876][  0]LogUObjectAllocator: 5591384 out of 0 bytes used by permanent object pool.
[2016.06.13-05.50.28:876][  0]LogUObjectArray: CloseDisregardForGC: 0/0 objects in disregard for GC pool
[2016.06.13-05.50.28:883][  0]LogInit: WinSock: version 1.1 (2.2), MaxSocks=32767, MaxUdp=65467
[2016.06.13-05.50.29:104][  0]LogSlate: SlateFontCache - WITH_FREETYPE: 1, WITH_HARFBUZZ: 1
[2016.06.13-05.50.29:104][  0]LogSlate: SlateFontCache - WITH_FREETYPE: 1, WITH_HARFBUZZ: 1
[2016.06.13-05.50.32:129][  0]LogStreaming:Warning: Failed to read file '../../../Engine/Content/Editor/Slate/Common/Selection_16x.png' error.
[2016.06.13-05.50.32:129][  0]LogSlate: Could not find file for Slate resource: ../../../Engine/Content/Editor/Slate/Common/Selection_16x.png
[2016.06.13-05.50.32:129][  0]LogStreaming:Warning: Failed to read file '../../../Engine/Content/Editor/Slate/Common/Selection_16x.png' error.
[2016.06.13-05.50.32:129][  0]LogSlate: Could not find file for Slate resource: ../../../Engine/Content/Editor/Slate/Common/Selection_16x.png
[2016.06.13-05.50.32:129][  0]LogStreaming:Warning: Failed to read file '../../../Engine/Content/Editor/Slate/Common/Selection_16x.png' error.
[2016.06.13-05.50.32:129][  0]LogSlate: Could not find file for Slate resource: ../../../Engine/Content/Editor/Slate/Common/Selection_16x.png
[2016.06.13-05.50.47:988][  0]LogUdpMessaging: Initializing bridge on interface 0.0.0.0:0 to multicast group 230.0.0.1:6666.
[2016.06.13-05.50.48:384][  0]LogAssetRegistry: FAssetRegistry took 0.0211 seconds to start up
[2016.06.13-05.50.48:387][  0]LogDirectoryWatcher:Warning: Failed to begin reading directory changes for ../../../../../../Users/nwuser.DA/Documents/storyterror/StoryTerror/Content/. Error: この操作を正しく終了しました。 (0x00000000)
[2016.06.13-05.50.48:530][  0]SourceControl: 情報 ソースコントロールは無効です
[2016.06.13-05.50.49:567][  0]LogEngine: Initializing Engine...
[2016.06.13-05.50.49:568][  0]LogHMD: SteamVR failed to initialize.  Err: 110
[2016.06.13-05.50.49:569][  0]LogHMD: SteamVR failed to initialize.  Err: 110
[2016.06.13-05.50.49:706][  0]LogAIModule: Creating AISystem for world NewWorld
[2016.06.13-05.50.49:710][  0]LogInit: XAudio2 using 'スピーカー (Realtek High Definition Audio)' : 2 channels at 48 kHz using 32 bits per sample (channel mask 0x3)
[2016.06.13-05.50.49:721][  0]LogInit: FAudioDevice initialized.
[2016.06.13-05.50.49:746][  0]LogDerivedDataCache: Saved boot cache 0.03s 46MB C:/Users/nwuser.DA/AppData/Local/UnrealEngine/4.11/DerivedDataCache/Boot.ddc.
[2016.06.13-05.50.49:752][  0]LogInit: Texture streaming: Enabled
[2016.06.13-05.50.49:887][  0]LogInit: Transaction tracking system initialized
[2016.06.13-05.50.49:909][  0]BlueprintLog: New page: エディタの読み込み
[2016.06.13-05.50.50:211][  0]LocalizationService: 情報 ローカライズのサービスが無効になりました
[2016.06.13-05.50.51:278][  0]LogConsoleResponse:Display: 
[2016.06.13-05.50.52:170][  0]LogFileCache: Scanning file cache for directory 'C:/Users/nwuser.DA/Documents/storyterror/StoryTerror/Content/' took 0.01s
[2016.06.13-05.50.52:170][  0]LogDirectoryWatcher:Warning: Failed to begin reading directory changes for C:/Users/nwuser.DA/Documents/storyterror/StoryTerror/Content/. Error: この操作を正しく終了しました。 (0x00000000)
[2016.06.13-05.50.52:170][  0]LogCook:Display: Max memory allowance for cook 8192mb
[2016.06.13-05.50.52:170][  0]LogCook:Display: Mobile HDR setting 1
[2016.06.13-05.50.52:170][  0]LogCook:Display: Done creating registry. It took  0.00s.
[2016.06.13-05.50.52:891][  0]Cmd: MAP LOAD FILE="../../../Engine/Content/Maps/Templates/Template_Default.umap" TEMPLATE=1 SHOWPROGRESS=1 FEATURELEVEL=3
[2016.06.13-05.50.52:935][  0]LightingResults: New page: ライティングのビルド
[2016.06.13-05.50.52:938][  0]MapCheck: New page: マップをチェック
[2016.06.13-05.50.52:938][  0]LightingResults: New page: <何も選択されていません>
[2016.06.13-05.50.53:332][  0]LogAIModule: Creating AISystem for world Untitled_1
[2016.06.13-05.50.53:553][  0]LogEditorServer: Finished looking for orphan Actors (0.000 secs)
[2016.06.13-05.50.53:559][  0]Cmd: MAP CHECKDEP NOCLEARLOG
[2016.06.13-05.50.53:614][  0]MapCheck: 情報 マップチェックが完了: 0 エラー、 0 警告、完了に 54.497ミリ秒かかりました。
[2016.06.13-05.50.53:614][  0]LogFileHelpers: Loading map 'Template_Default' took 0.723
[2016.06.13-05.50.53:910][  0]LogCollectionManager: Loaded 1 collections in 0.003277 seconds
[2016.06.13-05.50.53:954][  0]LogFileCache: Scanning file cache for directory 'C:/Users/nwuser.DA/Documents/storyterror/StoryTerror/Saved/Collections/' took 0.01s
[2016.06.13-05.50.53:954][  0]LogFileCache: Scanning file cache for directory 'C:/Users/nwuser.DA/Documents/storyterror/StoryTerror/Content/Developers/nwuser/Collections/' took 0.01s
[2016.06.13-05.50.53:954][  0]LogFileCache: Scanning file cache for directory 'C:/Users/nwuser.DA/Documents/storyterror/StoryTerror/Content/Collections/' took 0.01s
[2016.06.13-05.50.53:954][  0]LogCollectionManager: Rebuilt the GUID cache for 1 collections in 0.000006 seconds
[2016.06.13-05.50.53:954][  0]LogCollectionManager: Rebuilt the hierarchy cache for 1 collections in 0.000000 seconds
[2016.06.13-05.50.53:964][  0]LogContentBrowser: Native class hierarchy populated in 0.0098 seconds. Added 1979 classes and 343 folders.
[2016.06.13-05.50.53:969][  0]LogStats: UGameplayTagsManager::ConstructGameplayTagTree: Construct from data asset -  0.000 s
[2016.06.13-05.50.53:969][  0]LogStats: UGameplayTagsManager::ConstructGameplayTagTree: GameplayTagTreeChangedEvent.Broadcast -  0.000 s
[2016.06.13-05.50.53:970][  0]LogContentBrowser: Native class hierarchy updated for 'GameplayTags' in 0.0005 seconds. Added 12 classes and 0 folders.
[2016.06.13-05.50.53:976][  0]LogContentBrowser: Native class hierarchy updated for 'WidgetCarousel' in 0.0004 seconds. Added 0 classes and 0 folders.
[2016.06.13-05.50.54:088][  0]LogContentBrowser: Native class hierarchy updated for 'SuperSearch' in 0.0007 seconds. Added 1 classes and 2 folders.
[2016.06.13-05.50.55:360][  0]LogContentBrowser: Native class hierarchy updated for 'AddContentDialog' in 0.0012 seconds. Added 0 classes and 0 folders.
[2016.06.13-05.50.55:376][  0]LogContentBrowser: Native class hierarchy updated for 'SceneOutliner' in 0.0012 seconds. Added 1 classes and 2 folders.
[2016.06.13-05.50.55:396][  0]LogContentBrowser: Native class hierarchy updated for 'WorldBrowser' in 0.0008 seconds. Added 1 classes and 3 folders.
[2016.06.13-05.50.55:490][  0]LogCrashTracker: Crashtracker disabled due to settings.
[2016.06.13-05.50.55:497][  0]LogUObjectGlobals:Warning: オブジェクト 'Class なし.' が見つかりませんでした
[2016.06.13-05.50.55:524][  0]LogContentBrowser: Native class hierarchy updated for 'HierarchicalLODOutliner' in 0.0005 seconds. Added 1 classes and 2 folders.
[2016.06.13-05.50.55:524][  0]LogLoad: Full Startup: 30.45 seconds (BP compile: 0.12 seconds)
[2016.06.13-05.50.55:524][  0]LogExternalProfiler: Found external profiler: VSPerf
[2016.06.13-05.50.55:524][  0]LogExternalProfiler: Using external profiler: VSPerf
[2016.06.13-05.50.55:609][  0]LogWindowsTextInputMethodSystem:Display: IME system now activated using TSF (Microsoft IME).
[2016.06.13-05.50.55:612][  0]LogOcInput: OculusInput pre-init called
[2016.06.13-05.50.55:797][  0]SourceControl: 情報 On branch master
[2016.06.13-05.50.55:797][  0]SourceControl: 情報 Your branch is up-to-date with 'origin/master'.
[2016.06.13-05.50.55:797][  0]SourceControl: 情報 Changes not staged for commit:
[2016.06.13-05.50.55:797][  0]SourceControl: 情報   (use "git add <file>..." to update what will be committed)
[2016.06.13-05.50.55:798][  0]SourceControl: 情報   (use "git checkout -- <file>..." to discard changes in working directory)
[2016.06.13-05.50.55:798][  0]SourceControl: 情報 	modified:   StoryTerror/Intermediate/Config/CoalescedSourceConfigs/DeviceProfiles.ini
[2016.06.13-05.50.55:798][  0]SourceControl: 情報 	modified:   StoryTerror/Intermediate/Config/CoalescedSourceConfigs/Engine.ini
[2016.06.13-05.50.55:798][  0]SourceControl: 情報 	modified:   StoryTerror/Intermediate/Config/CoalescedSourceConfigs/Game.ini
[2016.06.13-05.50.55:798][  0]SourceControl: 情報 	modified:   StoryTerror/Saved/Config/Windows/Engine.ini
[2016.06.13-05.50.55:798][  0]SourceControl: 情報 Untracked files:
[2016.06.13-05.50.55:798][  0]SourceControl: 情報   (use "git add <file>..." to include in what will be committed)
[2016.06.13-05.50.55:798][  0]SourceControl: 情報 	StoryTerror/Saved/Logs/
[2016.06.13-05.50.55:798][  0]SourceControl: 情報 no changes added to commit (use "git add" and/or "git commit -a")
[2016.06.13-05.50.55:798][  0]LogContentStreaming: Texture pool size now 700 MB
[2016.06.13-05.50.56:171][  0]LogRenderer: Reallocating scene render targets to support 792x400 (Frame:2).
[2016.06.13-05.51.01:256][293]LogAssetRegistry: Asset discovery search completed in 12.8919 seconds
[2016.06.13-05.51.01:256][293]LogCollectionManager: Rebuilt the object cache for 1 collections in 0.000004 seconds (found 0 objects)
[2016.06.13-05.51.01:256][293]LogCollectionManager: Fixed up redirectors for 1 collections in 0.000031 seconds (updated 0 objects)
[2016.06.13-06.02.42:824][965]LogEditorViewport: Clicking on Actor (LMB): StaticMeshActor (Floor)
[2016.06.13-06.02.56:402][ 50]LogEditorViewport: Clicking on Actor (LMB): BP_Sky_Sphere_C (Sky Sphere)
[2016.06.13-06.03.09:147][211]LogContentBrowser: Native class hierarchy updated for 'BlueprintGraph' in 0.0020 seconds. Added 108 classes and 0 folders.
[2016.06.13-06.03.13:840][376]LogFileHelpers: Editor autosave (incl. sublevels) for '/Temp/Untitled_1' took 0.051
[2016.06.13-06.03.13:849][376]OBJ SavePackage: Generating thumbnails for [0] asset(s) in package [/Game/Blueprints/NewBlueprint] ([1] browsable assets)...
[2016.06.13-06.03.13:849][376]OBJ SavePackage: Finished generating thumbnails for package [/Game/Blueprints/NewBlueprint]
[2016.06.13-06.03.13:884][376]LogSavePackage: Save=31.43ms
[2016.06.13-06.03.13:884][376]LogSavePackage: Moving '../../../../../../Users/nwuser.DA/Documents/storyterror/StoryTerror/Saved/NewBlueprint_Auto1BFF7B1294D37989F4C2B6C91F212084A.tmp' to '../../../../../../Users/nwuser.DA/Documents/storyterror/StoryTerror/Saved/Autosaves/Game/Blueprints/NewBlueprint_Auto1.uasset'
[2016.06.13-06.03.13:887][376]LogSavePackage: Total save time: 34.83ms
[2016.06.13-06.03.13:887][376]LogSavePackage:Display: Finished SavePackage ../../../../../../Users/nwuser.DA/Documents/storyterror/StoryTerror/Saved/Autosaves/Game/Blueprints/NewBlueprint_Auto1.uasset
[2016.06.13-06.03.13:887][376]LogFileHelpers: Auto-saving content packages took 0.046
[2016.06.13-06.03.22:805][845]SourceControl: 情報 On branch Shihara
[2016.06.13-06.03.22:805][845]SourceControl: 情報 Changes not staged for commit:
[2016.06.13-06.03.22:805][845]SourceControl: 情報   (use "git add <file>..." to update what will be committed)
[2016.06.13-06.03.22:805][845]SourceControl: 情報   (use "git checkout -- <file>..." to discard changes in working directory)
[2016.06.13-06.03.22:805][845]SourceControl: 情報 	modified:   StoryTerror/Intermediate/CachedAssetRegistry.bin
[2016.06.13-06.03.22:805][845]SourceControl: 情報 	modified:   StoryTerror/Intermediate/Config/CoalescedSourceConfigs/DeviceProfiles.ini
[2016.06.13-06.03.22:805][845]SourceControl: 情報 	modified:   StoryTerror/Intermediate/Config/CoalescedSourceConfigs/Engine.ini
[2016.06.13-06.03.22:805][845]SourceControl: 情報 	modified:   StoryTerror/Intermediate/Config/CoalescedSourceConfigs/Game.ini
[2016.06.13-06.03.22:806][845]SourceControl: 情報 	modified:   StoryTerror/Saved/Autosaves/PackageRestoreData.json
[2016.06.13-06.03.22:806][845]SourceControl: 情報 	modified:   StoryTerror/Saved/Config/Windows/Editor.ini
[2016.06.13-06.03.22:806][845]SourceControl: 情報 	modified:   StoryTerror/Saved/Config/Windows/EditorPerProjectUserSettings.ini
[2016.06.13-06.03.22:806][845]SourceControl: 情報 	modified:   StoryTerror/Saved/Config/Windows/Engine.ini
[2016.06.13-06.03.22:806][845]SourceControl: 情報 Untracked files:
[2016.06.13-06.03.22:806][845]SourceControl: 情報   (use "git add <file>..." to include in what will be committed)
[2016.06.13-06.03.22:806][845]SourceControl: 情報 	StoryTerror/Saved/Autosaves/Game/
[2016.06.13-06.03.22:806][845]SourceControl: 情報 	StoryTerror/Saved/Logs/
[2016.06.13-06.03.22:806][845]SourceControl: 情報 	StoryTerror/Saved/Stats/2016.06.13-15.01.01Stats.csv
[2016.06.13-06.03.22:806][845]SourceControl: 情報 no changes added to commit (use "git add" and/or "git commit -a")
[2016.06.13-06.03.23:482][845]LogMetaData: Removing '/Game/Shihara/Blueprints/NewBlueprint.NewBlueprint:UserConstructionScript.K2Node_FunctionEntry_6' ref from Metadata '/Game/Blueprints/NewBlueprint.PackageMetaData'
[2016.06.13-06.03.23:482][845]LogMetaData: Removing '/Game/Shihara/Blueprints/NewBlueprint.SKEL_NewBlueprint_C:DefaultSceneRoot' ref from Metadata '/Game/Blueprints/NewBlueprint.PackageMetaData'
[2016.06.13-06.03.23:482][845]LogMetaData: Removing '/Game/Shihara/Blueprints/NewBlueprint.SKEL_NewBlueprint_C:UserConstructionScript' ref from Metadata '/Game/Blueprints/NewBlueprint.PackageMetaData'
[2016.06.13-06.03.23:482][845]LogMetaData: Removing '/Game/Shihara/Blueprints/NewBlueprint.SKEL_NewBlueprint_C' ref from Metadata '/Game/Blueprints/NewBlueprint.PackageMetaData'
[2016.06.13-06.03.23:482][845]LogMetaData: Removing '/Game/Shihara/Blueprints/NewBlueprint.NewBlueprint_C:DefaultSceneRoot' ref from Metadata '/Game/Blueprints/NewBlueprint.PackageMetaData'
[2016.06.13-06.03.23:482][845]LogMetaData: Removing '/Game/Shihara/Blueprints/NewBlueprint.NewBlueprint_C:UserConstructionScript' ref from Metadata '/Game/Blueprints/NewBlueprint.PackageMetaData'
[2016.06.13-06.03.23:482][845]LogMetaData: Removing '/Game/Shihara/Blueprints/NewBlueprint.NewBlueprint_C' ref from Metadata '/Game/Blueprints/NewBlueprint.PackageMetaData'
[2016.06.13-06.03.23:482][845]LogMetaData: Removing '/Game/Shihara/Blueprints/NewBlueprint.NewBlueprint:EventGraph.K2Node_Event_3' ref from Metadata '/Game/Blueprints/NewBlueprint.PackageMetaData'
[2016.06.13-06.03.23:482][845]LogMetaData: Removing '/Game/Shihara/Blueprints/NewBlueprint.NewBlueprint:EventGraph.K2Node_Event_4' ref from Metadata '/Game/Blueprints/NewBlueprint.PackageMetaData'
[2016.06.13-06.03.23:555][845]Cmd: OBJ SAVEPACKAGE PACKAGE="/Game/Shihara/Blueprints/NewBlueprint" FILE="../../../../../../Users/nwuser.DA/Documents/storyterror/StoryTerror/Content/Shihara/Blueprints/NewBlueprint.uasset" SILENT=true
[2016.06.13-06.03.23:608][845]LogSavePackage: Save=48.73ms
[2016.06.13-06.03.23:608][845]LogSavePackage: Moving '../../../../../../Users/nwuser.DA/Documents/storyterror/StoryTerror/Saved/NewBlueprint41292D75482162B5D6F7F6A5A742324C.tmp' to '../../../../../../Users/nwuser.DA/Documents/storyterror/StoryTerror/Content/Shihara/Blueprints/NewBlueprint.uasset'
[2016.06.13-06.03.23:616][845]LogSavePackage: Total save time: 57.09ms
[2016.06.13-06.03.23:616][845]LogSavePackage:Display: Finished SavePackage ../../../../../../Users/nwuser.DA/Documents/storyterror/StoryTerror/Content/Shihara/Blueprints/NewBlueprint.uasset
[2016.06.13-06.03.25:880][928]Cmd: OBJ SAVEPACKAGE PACKAGE="/Game/Blueprints/NewBlueprint" FILE="../../../../../../Users/nwuser.DA/Documents/storyterror/StoryTerror/Content/Blueprints/NewBlueprint.uasset" SILENT=true
[2016.06.13-06.03.25:893][928]LogSavePackage: Save=8.97ms
[2016.06.13-06.03.25:893][928]LogSavePackage: Moving '../../../../../../Users/nwuser.DA/Documents/storyterror/StoryTerror/Saved/NewBlueprintD06ECBA8405B214F20B9D38BA12BFAC2.tmp' to '../../../../../../Users/nwuser.DA/Documents/storyterror/StoryTerror/Content/Blueprints/NewBlueprint.uasset'
[2016.06.13-06.03.25:900][928]LogSavePackage: Total save time: 16.31ms
[2016.06.13-06.03.25:900][928]LogSavePackage:Display: Finished SavePackage ../../../../../../Users/nwuser.DA/Documents/storyterror/StoryTerror/Content/Blueprints/NewBlueprint.uasset
[2016.06.13-06.13.06:542][413]Cmd: QUIT_EDITOR
[2016.06.13-06.13.06:599][413]LogWindowsTextInputMethodSystem:Display: IME system now activated using TSF (Microsoft IME).
[2016.06.13-06.13.06:648][413]LogExit: Preparing to exit.
[2016.06.13-06.13.07:631][413]LogExit: Editor shut down
[2016.06.13-06.13.07:633][413]LogExit: Transaction tracking system shut down
[2016.06.13-06.13.07:818][413]LogObj: Freed 0b from 0 cluster array pools.
[2016.06.13-06.13.07:819][413]LogExit: Object subsystem successfully closed.
[2016.06.13-06.13.07:839][413]LogD3D11RHI: Shutdown
[2016.06.13-06.13.07:839][413]LogD3D11RHI: CleanupD3DDevice
[2016.06.13-06.13.07:907][413]LogD3D11RHI: ~FD3D11DynamicRHI
[2016.06.13-06.13.08:014][413]LogDerivedDataCache: Shutdown
[2016.06.13-06.13.08:014][413]LogModuleManager: Shutting down and abandoning module BlueprintGraph (205)
[2016.06.13-06.13.08:014][413]LogModuleManager: Shutting down and abandoning module HierarchicalLODOutliner (204)
[2016.06.13-06.13.08:014][413]LogModuleManager: Shutting down and abandoning module CrashTracker (203)
[2016.06.13-06.13.08:014][413]LogModuleManager: Shutting down and abandoning module WorldBrowser (202)
[2016.06.13-06.13.08:014][413]LogModuleManager: Shutting down and abandoning module SceneOutliner (201)
[2016.06.13-06.13.08:014][413]LogModuleManager: Shutting down and abandoning module SuperSearch (200)
[2016.06.13-06.13.08:014][413]LogModuleManager: Shutting down and abandoning module WidgetCarousel (199)
[2016.06.13-06.13.08:014][413]LogModuleManager: Shutting down and abandoning module AddContentDialog (198)
[2016.06.13-06.13.08:021][413]LogModuleManager: Shutting down and abandoning module GameplayTags (197)
[2016.06.13-06.13.08:021][413]LogModuleManager: Shutting down and abandoning module EditorWidgets (196)
[2016.06.13-06.13.08:021][413]LogModuleManager: Shutting down and abandoning module CollectionManager (195)
[2016.06.13-06.13.08:022][413]LogModuleManager: Shutting down and abandoning module StatsViewer (194)
[2016.06.13-06.13.08:022][413]LogModuleManager: Shutting down and abandoning module FoliageEdit (193)
[2016.06.13-06.13.08:022][413]LogModuleManager: Shutting down and abandoning module LandscapeEditor (192)
[2016.06.13-06.13.08:022][413]LogModuleManager: Shutting down and abandoning module ActorPickerMode (191)
[2016.06.13-06.13.08:022][413]LogModuleManager: Shutting down and abandoning module GeometryMode (190)
[2016.06.13-06.13.08:022][413]LogModuleManager: Shutting down and abandoning module TextureAlignMode (189)
[2016.06.13-06.13.08:022][413]LogModuleManager: Shutting down and abandoning module BspMode (188)
[2016.06.13-06.13.08:022][413]LogModuleManager: Shutting down and abandoning module PlacementMode (187)
[2016.06.13-06.13.08:022][413]LogModuleManager: Shutting down and abandoning module AutomationWorker (186)
[2016.06.13-06.13.08:022][413]LogModuleManager: Shutting down and abandoning module CharacterAI (185)
[2016.06.13-06.13.08:022][413]LogModuleManager: Shutting down and abandoning module SmartSnapping (184)
[2016.06.13-06.13.08:022][413]LogModuleManager: Shutting down and abandoning module ViewportSnapping (183)
[2016.06.13-06.13.08:022][413]LogModuleManager: Shutting down and abandoning module LogVisualizer (182)
[2016.06.13-06.13.08:022][413]LogModuleManager: Shutting down and abandoning module GameProjectGeneration (181)
[2016.06.13-06.13.08:022][413]LogModuleManager: Shutting down and abandoning module IntroTutorials (180)
[2016.06.13-06.13.08:023][413]LogModuleManager: Shutting down and abandoning module EditorLiveStreaming (179)
[2016.06.13-06.13.08:023][413]LogModuleManager: Shutting down and abandoning module IOSPlatformEditor (178)
[2016.06.13-06.13.08:023][413]LogModuleManager: Shutting down and abandoning module HTML5PlatformEditor (177)
[2016.06.13-06.13.08:023][413]LogModuleManager: Shutting down and abandoning module AndroidDeviceDetection (176)
[2016.06.13-06.13.08:769][413]LogModuleManager: Shutting down and abandoning module AndroidPlatformEditor (175)
[2016.06.13-06.13.08:769][413]LogModuleManager: Shutting down and abandoning module IOSRuntimeSettings (174)
[2016.06.13-06.13.08:769][413]LogModuleManager: Shutting down and abandoning module AndroidRuntimeSettings (173)
[2016.06.13-06.13.08:769][413]LogModuleManager: Shutting down and abandoning module MergeActors (172)
[2016.06.13-06.13.08:769][413]LogModuleManager: Shutting down and abandoning module SizeMap (171)
[2016.06.13-06.13.08:769][413]LogModuleManager: Shutting down and abandoning module TreeMap (170)
[2016.06.13-06.13.08:769][413]LogModuleManager: Shutting down and abandoning module ReferenceViewer (169)
[2016.06.13-06.13.08:769][413]LogModuleManager: Shutting down and abandoning module LocalizationService (168)
[2016.06.13-06.13.08:769][413]LogModuleManager: Shutting down and abandoning module LocalizationDashboard (167)
[2016.06.13-06.13.08:769][413]LogModuleManager: Shutting down and abandoning module HardwareTargeting (166)
[2016.06.13-06.13.08:769][413]LogModuleManager: Shutting down and abandoning module DeviceProfileEditor (165)
[2016.06.13-06.13.08:770][413]LogModuleManager: Shutting down and abandoning module UndoHistory (164)
[2016.06.13-06.13.08:770][413]LogModuleManager: Shutting down and abandoning module UserFeedback (163)
[2016.06.13-06.13.08:770][413]LogModuleManager: Shutting down and abandoning module XmlParser (162)
[2016.06.13-06.13.08:770][413]LogModuleManager: Shutting down and abandoning module Blutility (161)
[2016.06.13-06.13.08:770][413]LogModuleManager: Shutting down and abandoning module ProjectTargetPlatformEditor (160)
[2016.06.13-06.13.08:771][413]LogModuleManager: Shutting down and abandoning module ProjectSettingsViewer (159)
[2016.06.13-06.13.08:771][413]LogModuleManager: Shutting down and abandoning module InputBindingEditor (158)
[2016.06.13-06.13.08:771][413]LogModuleManager: Shutting down and abandoning module EditorSettingsViewer (157)
[2016.06.13-06.13.08:771][413]LogModuleManager: Shutting down and abandoning module SettingsEditor (156)
[2016.06.13-06.13.08:772][413]LogModuleManager: Shutting down and abandoning module ProjectLauncher (155)
[2016.06.13-06.13.08:772][413]LogModuleManager: Shutting down and abandoning module SessionFrontend (154)
[2016.06.13-06.13.08:772][413]LogModuleManager: Shutting down and abandoning module ProfilerClient (153)
[2016.06.13-06.13.08:772][413]LogModuleManager: Shutting down and abandoning module TargetDeviceServices (152)
[2016.06.13-06.13.08:772][413]LogModuleManager: Shutting down and abandoning module DeviceManager (151)
[2016.06.13-06.13.08:804][413]LogModuleManager: Shutting down and abandoning module AutomationController (150)
[2016.06.13-06.13.08:804][413]LogModuleManager: Shutting down and abandoning module AutomationWindow (149)
[2016.06.13-06.13.08:804][413]LogModuleManager: Shutting down and abandoning module Layers (148)
[2016.06.13-06.13.08:804][413]LogModuleManager: Shutting down and abandoning module ComponentVisualizers (147)
[2016.06.13-06.13.08:804][413]LogModuleManager: Shutting down and abandoning module DetailCustomizations (146)
[2016.06.13-06.13.08:805][413]LogModuleManager: Shutting down and abandoning module PackagesDialog (145)
[2016.06.13-06.13.08:805][413]LogModuleManager: Shutting down and abandoning module Persona (144)
[2016.06.13-06.13.08:805][413]LogModuleManager: Shutting down and abandoning module Kismet (143)
[2016.06.13-06.13.08:805][413]LogModuleManager: Shutting down and abandoning module GraphEditor (142)
[2016.06.13-06.13.08:805][413]LogModuleManager: Shutting down and abandoning module ClassViewer (141)
[2016.06.13-06.13.08:807][413]LogModuleManager: Shutting down and abandoning module Toolbox (140)
[2016.06.13-06.13.08:807][413]LogModuleManager: Shutting down and abandoning module ModuleUI (139)
[2016.06.13-06.13.08:807][413]LogModuleManager: Shutting down and abandoning module MovieSceneTools (138)
[2016.06.13-06.13.08:807][413]LogModuleManager: Shutting down and abandoning module OutputLog (137)
[2016.06.13-06.13.08:807][413]LogModuleManager: Shutting down and abandoning module GammaUI (136)
[2016.06.13-06.13.08:807][413]LogModuleManager: Shutting down and abandoning module Documentation (135)
[2016.06.13-06.13.08:807][413]LogModuleManager: Shutting down and abandoning module StreamingPauseRendering (134)
[2016.06.13-06.13.08:807][413]LogModuleManager: Shutting down and abandoning module AnalyticsET (133)
[2016.06.13-06.13.08:807][413]LogModuleManager: Shutting down and abandoning module Analytics (132)
[2016.06.13-06.13.08:808][413]LogModuleManager: Shutting down and abandoning module PortalServices (131)
[2016.06.13-06.13.08:808][413]LogModuleManager: Shutting down and abandoning module PortalRpc (130)
[2016.06.13-06.13.08:808][413]LogModuleManager: Shutting down and abandoning module MessagingRpc (129)
[2016.06.13-06.13.08:808][413]LogModuleManager: Shutting down and abandoning module AITestSuite (128)
[2016.06.13-06.13.08:808][413]LogModuleManager: Shutting down and abandoning module GameplayDebugger (127)
[2016.06.13-06.13.08:808][413]LogModuleManager: Shutting down and abandoning module AIModule (126)
[2016.06.13-06.13.08:808][413]LogModuleManager: Shutting down and abandoning module ProfilerService (125)
[2016.06.13-06.13.08:899][413]LogModuleManager: Shutting down and abandoning module TaskGraph (124)
[2016.06.13-06.13.08:899][413]LogModuleManager: Shutting down and abandoning module SlateRemote (123)
[2016.06.13-06.13.08:899][413]LogModuleManager: Shutting down and abandoning module SteamVRController (122)
[2016.06.13-06.13.08:899][413]LogModuleManager: Shutting down and abandoning module SteamVR (121)
[2016.06.13-06.13.08:899][413]LogModuleManager: Shutting down and abandoning module ProceduralMeshComponent (120)
[2016.06.13-06.13.08:899][413]LogModuleManager: Shutting down and abandoning module OculusLibrary (119)
[2016.06.13-06.13.08:899][413]LogModuleManager: Shutting down and abandoning module OculusInput (118)
[2016.06.13-06.13.08:899][413]LogModuleManager: Shutting down and abandoning module CustomMeshComponent (117)
[2016.06.13-06.13.08:899][413]LogModuleManager: Shutting down and abandoning module CableComponent (116)
[2016.06.13-06.13.08:899][413]LogModuleManager: Shutting down and abandoning module ArchVisCharacter (115)
[2016.06.13-06.13.08:899][413]LogModuleManager: Shutting down and abandoning module MediaPlayerEditor (114)
[2016.06.13-06.13.08:899][413]LogModuleManager: Shutting down and abandoning module HTML5Networking (113)
[2016.06.13-06.13.08:899][413]LogModuleManager: Shutting down and abandoning module SpeedTreeImporter (112)
[2016.06.13-06.13.08:899][413]LogModuleManager: Shutting down and abandoning module PluginBrowser (111)
[2016.06.13-06.13.08:899][413]LogModuleManager: Shutting down and abandoning module EpicSurvey (110)
[2016.06.13-06.13.08:899][413]LogModuleManager: Shutting down and abandoning module DesktopPlatform (109)
[2016.06.13-06.13.08:899][413]LogModuleManager: Shutting down and abandoning module VisualStudioSourceCodeAccess (108)
[2016.06.13-06.13.08:899][413]LogModuleManager: Shutting down and abandoning module UObjectPlugin (107)
[2016.06.13-06.13.08:899][413]LogModuleManager: Shutting down and abandoning module SubversionSourceControl (106)
[2016.06.13-06.13.08:899][413]LogModuleManager: Shutting down and abandoning module PerforceSourceControl (105)
[2016.06.13-06.13.08:899][413]LogModuleManager: Shutting down and abandoning module SourceControl (104)
[2016.06.13-06.13.08:899][413]LogModuleManager: Shutting down and abandoning module GitSourceControl (103)
[2016.06.13-06.13.08:899][413]LogModuleManager: Shutting down and abandoning module LightPropagationVolumeEditor (102)
[2016.06.13-06.13.08:899][413]LogModuleManager: Shutting down and abandoning module PaperTiledImporter (101)
[2016.06.13-06.13.08:899][413]LogModuleManager: Shutting down and abandoning module PaperSpriteSheetImporter (100)
[2016.06.13-06.13.08:899][413]LogModuleManager: Shutting down and abandoning module MeshPaint (99)
[2016.06.13-06.13.08:899][413]LogModuleManager: Shutting down and abandoning module HotReload (98)
[2016.06.13-06.13.08:900][413]LogModuleManager: Shutting down and abandoning module MainFrame (97)
[2016.06.13-06.13.08:900][413]LogModuleManager: Shutting down and abandoning module LevelEditor (96)
[2016.06.13-06.13.08:901][413]LogModuleManager: Shutting down and abandoning module DirectoryWatcher (95)
[2016.06.13-06.13.08:906][413]LogModuleManager: Shutting down and abandoning module AssetRegistry (94)
[2016.06.13-06.13.09:101][413]LogModuleManager: Shutting down and abandoning module ContentBrowser (93)
[2016.06.13-06.13.09:103][413]LogModuleManager: Shutting down and abandoning module Paper2DEditor (92)
[2016.06.13-06.13.09:103][413]LogModuleManager: Shutting down and abandoning module UdpMessaging (91)
[2016.06.13-06.13.09:204][413]LogModuleManager: Shutting down and abandoning module LightPropagationVolumeRuntime (90)
[2016.06.13-06.13.09:204][413]LogModuleManager: Shutting down and abandoning module Paper2D (89)
[2016.06.13-06.13.09:204][413]LogModuleManager: Shutting down and abandoning module WindowsMoviePlayer (88)
[2016.06.13-06.13.09:204][413]LogModuleManager: Shutting down and abandoning module Media (87)
[2016.06.13-06.13.09:204][413]LogModuleManager: Shutting down and abandoning module WmfMedia (86)
[2016.06.13-06.13.09:204][413]LogModuleManager: Shutting down and abandoning module GameLiveStreaming (85)
[2016.06.13-06.13.09:204][413]LogModuleManager: Shutting down and abandoning module GameplayTagsEditor (84)
[2016.06.13-06.13.09:204][413]LogModuleManager: Shutting down and abandoning module OnlineBlueprintSupport (83)
[2016.06.13-06.13.09:204][413]LogModuleManager: Shutting down and abandoning module GameplayTasksEditor (82)
[2016.06.13-06.13.09:204][413]LogModuleManager: Shutting down and abandoning module PropertyEditor (81)
[2016.06.13-06.13.09:205][413]LogModuleManager: Shutting down and abandoning module BehaviorTreeEditor (80)
[2016.06.13-06.13.09:205][413]LogModuleManager: Shutting down and abandoning module FunctionalTesting (79)
[2016.06.13-06.13.09:205][413]LogModuleManager: Shutting down and abandoning module CollisionAnalyzer (78)
[2016.06.13-06.13.09:205][413]LogModuleManager: Shutting down and abandoning module WorkspaceMenuStructure (77)
[2016.06.13-06.13.09:205][413]LogModuleManager: Shutting down and abandoning module MessageLog (76)
[2016.06.13-06.13.09:205][413]LogModuleManager: Shutting down and abandoning module Sequencer (75)
[2016.06.13-06.13.09:205][413]LogModuleManager: Shutting down and abandoning module AssetTools (74)
[2016.06.13-06.13.09:205][413]LogModuleManager: Shutting down and abandoning module UMGEditor (73)
[2016.06.13-06.13.09:205][413]LogModuleManager: Shutting down and abandoning module UMG (72)
[2016.06.13-06.13.09:205][413]LogModuleManager: Shutting down and abandoning module SlateReflector (71)
[2016.06.13-06.13.09:205][413]LogModuleManager: Shutting down and abandoning module Slate (70)
[2016.06.13-06.13.09:205][413]LogModuleManager: Shutting down and abandoning module EditorStyle (69)
[2016.06.13-06.13.09:208][413]LogModuleManager: Shutting down and abandoning module SessionServices (68)
[2016.06.13-06.13.09:208][413]LogModuleManager: Shutting down and abandoning module SourceCodeAccess (67)
[2016.06.13-06.13.09:208][413]LogModuleManager: Shutting down and abandoning module HeadMountedDisplay (66)
[2016.06.13-06.13.09:208][413]LogModuleManager: Shutting down and abandoning module XAudio2 (65)
[2016.06.13-06.13.09:208][413]LogModuleManager: Shutting down and abandoning module Networking (63)
[2016.06.13-06.13.09:208][413]LogModuleManager: Shutting down and abandoning module Core (62)
[2016.06.13-06.13.09:208][413]LogModuleManager: Shutting down and abandoning module KismetCompiler (61)
[2016.06.13-06.13.09:208][413]LogModuleManager: Shutting down and abandoning module PhysXFormats (60)
[2016.06.13-06.13.09:208][413]LogModuleManager: Shutting down and abandoning module MeshUtilities (59)
[2016.06.13-06.13.09:208][413]LogModuleManager: Shutting down and abandoning module CookingStats (58)
[2016.06.13-06.13.09:208][413]LogModuleManager: Shutting down and abandoning module DerivedDataCache (57)
[2016.06.13-06.13.09:208][413]LogDerivedDataCache: Shutdown
[2016.06.13-06.13.09:208][413]LogModuleManager: Shutting down and abandoning module ShaderFormatOpenGL (56)
[2016.06.13-06.13.09:208][413]LogModuleManager: Shutting down and abandoning module ShaderFormatD3D (55)
[2016.06.13-06.13.09:208][413]LogModuleManager: Shutting down and abandoning module MetalShaderFormat (54)
[2016.06.13-06.13.09:209][413]LogModuleManager: Shutting down and abandoning module TextureFormatUncompressed (53)
[2016.06.13-06.13.09:209][413]LogModuleManager: Shutting down and abandoning module TextureFormatPVR (52)
[2016.06.13-06.13.09:209][413]LogModuleManager: Shutting down and abandoning module TextureFormatIntelISPCTexComp (51)
[2016.06.13-06.13.09:209][413]LogModuleManager: Shutting down and abandoning module TextureFormatDXT (50)
[2016.06.13-06.13.09:209][413]LogModuleManager: Shutting down and abandoning module ImageWrapper (49)
[2016.06.13-06.13.09:209][413]LogModuleManager: Shutting down and abandoning module TextureFormatASTC (48)
[2016.06.13-06.13.09:209][413]LogModuleManager: Shutting down and abandoning module TextureFormatAndroid (47)
[2016.06.13-06.13.09:209][413]LogModuleManager: Shutting down and abandoning module AudioFormatOpus (46)
[2016.06.13-06.13.09:209][413]LogModuleManager: Shutting down and abandoning module AudioFormatOgg (45)
[2016.06.13-06.13.09:209][413]LogModuleManager: Shutting down and abandoning module AudioFormatADPCM (44)
[2016.06.13-06.13.09:209][413]LogModuleManager: Shutting down and abandoning module LinuxTargetPlatform (43)
[2016.06.13-06.13.09:209][413]LogModuleManager: Shutting down and abandoning module LinuxServerTargetPlatform (42)
[2016.06.13-06.13.09:209][413]LogModuleManager: Shutting down and abandoning module LinuxNoEditorTargetPlatform (41)
[2016.06.13-06.13.09:209][413]LogModuleManager: Shutting down and abandoning module TVOSTargetPlatform (40)
[2016.06.13-06.13.09:209][413]LogModuleManager: Shutting down and abandoning module Messaging (39)
[2016.06.13-06.13.09:209][413]LogModuleManager: Shutting down and abandoning module IOSTargetPlatform (38)
[2016.06.13-06.13.09:209][413]LogModuleManager: Shutting down and abandoning module HTML5TargetPlatform (37)
[2016.06.13-06.13.09:209][413]LogModuleManager: Shutting down and abandoning module Android_PVRTCTargetPlatform (36)
[2016.06.13-06.13.09:209][413]LogModuleManager: Shutting down and abandoning module Android_MultiTargetPlatform (35)
[2016.06.13-06.13.09:209][413]LogModuleManager: Shutting down and abandoning module Android_ETC2TargetPlatform (34)
[2016.06.13-06.13.09:209][413]LogModuleManager: Shutting down and abandoning module Android_ETC1TargetPlatform (33)
[2016.06.13-06.13.09:209][413]LogModuleManager: Shutting down and abandoning module Android_DXTTargetPlatform (32)
[2016.06.13-06.13.09:209][413]LogModuleManager: Shutting down and abandoning module Android_ATCTargetPlatform (31)
[2016.06.13-06.13.09:209][413]LogModuleManager: Shutting down and abandoning module Android_ASTCTargetPlatform (30)
[2016.06.13-06.13.09:209][413]LogModuleManager: Shutting down and abandoning module AndroidTargetPlatform (29)
[2016.06.13-06.13.09:209][413]LogModuleManager: Shutting down and abandoning module WindowsTargetPlatform (28)
[2016.06.13-06.13.09:209][413]LogModuleManager: Shutting down and abandoning module WindowsServerTargetPlatform (27)
[2016.06.13-06.13.09:209][413]LogModuleManager: Shutting down and abandoning module WindowsNoEditorTargetPlatform (26)
[2016.06.13-06.13.09:209][413]LogModuleManager: Shutting down and abandoning module WindowsClientTargetPlatform (25)
[2016.06.13-06.13.09:209][413]LogModuleManager: Shutting down and abandoning module AllDesktopTargetPlatform (24)
[2016.06.13-06.13.09:209][413]LogModuleManager: Shutting down and abandoning module TargetPlatform (23)
[2016.06.13-06.13.09:209][413]LogModuleManager: Shutting down and abandoning module InputCore (22)
[2016.06.13-06.13.09:209][413]LogModuleManager: Shutting down and abandoning module Settings (21)
[2016.06.13-06.13.09:210][413]LogModuleManager: Shutting down and abandoning module OnlineSubsystem (19)
[2016.06.13-06.13.09:210][413]LogModuleManager: Shutting down and abandoning module HTTP (18)
[2016.06.13-06.13.11:212][413]LogModuleManager: Shutting down and abandoning module XMPP (17)
[2016.06.13-06.13.11:212][413]LogModuleManager: Shutting down and abandoning module OculusRift (16)
[2016.06.13-06.13.11:212][413]LogModuleManager: Shutting down and abandoning module ExampleDeviceProfileSelector (15)
[2016.06.13-06.13.11:212][413]LogModuleManager: Shutting down and abandoning module TextureCompressor (14)
[2016.06.13-06.13.11:212][413]LogModuleManager: Shutting down and abandoning module ShaderCore (13)
[2016.06.13-06.13.11:212][413]LogModuleManager: Shutting down and abandoning module Landscape (12)
[2016.06.13-06.13.11:212][413]LogModuleManager: Shutting down and abandoning module SlateRHIRenderer (11)
[2016.06.13-06.13.11:228][413]LogModuleManager: Shutting down and abandoning module OpenGLDrv (10)
[2016.06.13-06.13.11:228][413]LogModuleManager: Shutting down and abandoning module D3D11RHI (9)
[2016.06.13-06.13.11:228][413]LogModuleManager: Shutting down and abandoning module AnimGraphRuntime (8)
[2016.06.13-06.13.11:228][413]LogModuleManager: Shutting down and abandoning module Renderer (7)
[2016.06.13-06.13.11:228][413]LogModuleManager: Shutting down and abandoning module Engine (6)
[2016.06.13-06.13.11:228][413]LogModuleManager: Shutting down and abandoning module CoreUObject (5)
[2016.06.13-06.13.11:228][413]LogModuleManager: Shutting down and abandoning module NetworkFile (4)
[2016.06.13-06.13.11:228][413]LogModuleManager: Shutting down and abandoning module StreamingFile (3)
[2016.06.13-06.13.11:228][413]LogModuleManager: Shutting down and abandoning module SandboxFile (2)
[2016.06.13-06.13.11:228][413]LogModuleManager: Shutting down and abandoning module PakFile (1)
[2016.06.13-06.13.11:229][413]LogExit: Exiting.
[2016.06.13-06.13.11:248][413]Log file closed, 06/13/16 15:13:11
