Log file open, 06/20/16 09:01:58
LogInit:Display: Running engine for game: StoryTerror
LogPlatformFile: Not using cached read wrapper
LogInit:Display: RandInit(-541670837) SRandInit(-541670836).
LogTaskGraph: Started task graph with 4 named threads and 7 total threads.
LogStats: Stats thread started at 0.069835
LogInit: Version: 4.11.1-2934540+++UE4+Release-4.11
LogInit: API Version: 2927265
LogInit: Compiled (64-bit): Apr  6 2016 02:14:16
LogInit: Compiled with Visual C++: 19.00.23026.00
LogInit: Build Configuration: Development
LogInit: Branch Name: ++UE4+Release-4.11
LogInit: Command line: -EpicPortal 
LogInit: Base directory: C:/Program Files (x86)/Epic Games/4.11/Engine/Binaries/Win64/
LogInit: Installed Engine Build: 1
LogInit: Using libcurl 7.41.0
LogInit:  - built for x86_64-pc-win32
LogInit:  - supports SSL with WinSSL
LogInit:  - other features:
LogInit:      CURL_VERSION_SSL
LogInit:      CURL_VERSION_IPV6
LogInit:      CURL_VERSION_ASYNCHDNS
LogInit:      CURL_VERSION_LARGEFILE
LogInit:      CURL_VERSION_IDN
LogInit:  CurlRequestOptions (configurable via config and command line):
LogInit:  - bVerifyPeer = true  - Libcurl will verify peer certificate
LogInit:  - bUseHttpProxy = false  - Libcurl will NOT use HTTP proxy
LogInit:  - bDontReuseConnections = false  - Libcurl will reuse connections
LogInit:  - CertBundlePath = nullptr  - Libcurl will use whatever was configured at build time.
LogInit: Presizing for max 16777216 objects, including 0 objects not considered by GC, pre-allocating 0 bytes for permanent pool.
LogInit: Object subsystem initialized
[2016.06.20-00.01.58:949][  0]LogInit: Selected Device Profile: [Windows]
[2016.06.20-00.01.58:949][  0]LogInit: Applying CVar settings loaded from the selected device profile: [Windows]
[2016.06.20-00.01.58:960][  0]LogInit: Computer: GM2150017
[2016.06.20-00.01.58:960][  0]LogInit: User: nwuser
[2016.06.20-00.01.58:960][  0]LogInit: CPU Page size=65536, Cores=4
[2016.06.20-00.01.58:960][  0]LogInit: High frequency timer resolution =2.435777 MHz
[2016.06.20-00.01.58:960][  0]LogMemory: Memory total: Physical=7.9GB (8GB approx)
[2016.06.20-00.01.58:960][  0]LogMemory: Platform Memory Stats for Windows
[2016.06.20-00.01.58:960][  0]LogMemory: Process Physical Memory: 313.25 MB used, 313.25 MB peak
[2016.06.20-00.01.58:960][  0]LogMemory: Process Virtual Memory: 314.86 MB used, 314.86 MB peak
[2016.06.20-00.01.58:960][  0]LogMemory: Physical Memory: 4018.21 MB used, 8114.15 MB total
[2016.06.20-00.01.58:960][  0]LogMemory: Virtual Memory: 652.90 MB used, 134217728.00 MB total
[2016.06.20-00.01.59:017][  0]LogTextLocalizationManager: No specific translations for ('ja-JP') exist, so ('ja') translations will be used.
[2016.06.20-00.01.59:093][  0]LogTextLocalizationManager:Warning: Loaded localization resources contain conflicting entries for (Namespace:K2Node, Key:false):
Localization Resource: (C:/Program Files (x86)/Epic Games/4.11/Engine/Content/Localization/EditorTutorials/ja/EditorTutorials.locres) Source String Hash: (816077464) Localized String: (偽)
Localization Resource: (C:/Program Files (x86)/Epic Games/4.11/Engine/Content/Localization/Engine/ja/Engine.locres) Source String Hash: (816077464) Localized String: (false)
[2016.06.20-00.01.59:093][  0]LogTextLocalizationManager:Warning: Loaded localization resources contain conflicting entries for (Namespace:K2Node, Key:true):
Localization Resource: (C:/Program Files (x86)/Epic Games/4.11/Engine/Content/Localization/EditorTutorials/ja/EditorTutorials.locres) Source String Hash: (-942328987) Localized String: (真)
Localization Resource: (C:/Program Files (x86)/Epic Games/4.11/Engine/Content/Localization/Engine/ja/Engine.locres) Source String Hash: (-942328987) Localized String: (true)
[2016.06.20-00.01.59:094][  0]LogTextLocalizationManager:Warning: Loaded localization resources contain conflicting entries for (Namespace:UObjectToolTips, Key:AnimNode_BlendSpacePlayer:bLoop):
Localization Resource: (C:/Program Files (x86)/Epic Games/4.11/Engine/Content/Localization/EditorTutorials/ja/EditorTutorials.locres) Source String Hash: (2133979316) Localized String: (再生が最後まで終わった後、ロープ再生するようにしますか？)
Localization Resource: (C:/Program Files (x86)/Epic Games/4.11/Engine/Content/Localization/ToolTips/ja/ToolTips.locres) Source String Hash: (2133979316) Localized String: (ループが最後まで到達した時に、アニメーションのループを継続するべきか？)
[2016.06.20-00.01.59:094][  0]LogTextLocalizationManager:Warning: Loaded localization resources contain conflicting entries for (Namespace:UObjectToolTips, Key:AnimNode_BlendSpacePlayer:X):
Localization Resource: (C:/Program Files (x86)/Epic Games/4.11/Engine/Content/Localization/EditorTutorials/ja/EditorTutorials.locres) Source String Hash: (2060772590) Localized String: (ブレンドスペースで値を取得するX座標)
Localization Resource: (C:/Program Files (x86)/Epic Games/4.11/Engine/Content/Localization/ToolTips/ja/ToolTips.locres) Source String Hash: (2060772590) Localized String: (ブレンドスペースでサンプリングするX座標)
[2016.06.20-00.01.59:094][  0]LogTextLocalizationManager:Warning: Loaded localization resources contain conflicting entries for (Namespace:UObjectToolTips, Key:AnimNode_BlendSpacePlayer:Y):
Localization Resource: (C:/Program Files (x86)/Epic Games/4.11/Engine/Content/Localization/EditorTutorials/ja/EditorTutorials.locres) Source String Hash: (-1719607538) Localized String: (ブレンドスペースで値を取得するY座標)
Localization Resource: (C:/Program Files (x86)/Epic Games/4.11/Engine/Content/Localization/ToolTips/ja/ToolTips.locres) Source String Hash: (-1719607538) Localized String: (ブレンドスペースでサンプリングするY座標)
[2016.06.20-00.01.59:094][  0]LogTextLocalizationManager:Warning: Loaded localization resources contain conflicting entries for (Namespace:UObjectToolTips, Key:AnimNode_BlendSpacePlayer:Z):
Localization Resource: (C:/Program Files (x86)/Epic Games/4.11/Engine/Content/Localization/EditorTutorials/ja/EditorTutorials.locres) Source String Hash: (1728943471) Localized String: (ブレンドスペースで値を取得するZ座標)
Localization Resource: (C:/Program Files (x86)/Epic Games/4.11/Engine/Content/Localization/ToolTips/ja/ToolTips.locres) Source String Hash: (1728943471) Localized String: (ブレンドスペースでサンプリングするZ座標)
[2016.06.20-00.01.59:094][  0]LogTextLocalizationManager:Warning: Loaded localization resources contain conflicting entries for (Namespace:UObjectToolTips, Key:AnimNode_BlendSpacePlayer:BlendSpace):
Localization Resource: (C:/Program Files (x86)/Epic Games/4.11/Engine/Content/Localization/EditorTutorials/ja/EditorTutorials.locres) Source String Hash: (1599043277) Localized String: (再生するブレンドスペースのアセット)
Localization Resource: (C:/Program Files (x86)/Epic Games/4.11/Engine/Content/Localization/ToolTips/ja/ToolTips.locres) Source String Hash: (1599043277) Localized String: (再生するブレンド空間アセット)
[2016.06.20-00.01.59:094][  0]LogTextLocalizationManager:Warning: Loaded localization resources contain conflicting entries for (Namespace:UObjectToolTips, Key:AnimNode_StateMachine:MaxTransitionsPerFrame):
Localization Resource: (C:/Program Files (x86)/Epic Games/4.11/Engine/Content/Localization/EditorTutorials/ja/EditorTutorials.locres) Source String Hash: (1567650430) Localized String: (このマシーンで1フレームあたりに同時に処理できるトランジションの最大数)
Localization Resource: (C:/Program Files (x86)/Epic Games/4.11/Engine/Content/Localization/ToolTips/ja/ToolTips.locres) Source String Hash: (1567650430) Localized String: (単一フレームでマシーンが「同時」に受け取れる遷移の最大数)
[2016.06.20-00.01.59:094][  0]LogTextLocalizationManager:Warning: Loaded localization resources contain conflicting entries for (Namespace:UObjectToolTips, Key:AnimNode_BlendSpacePlayer:PlayRate):
Localization Resource: (C:/Program Files (x86)/Epic Games/4.11/Engine/Content/Localization/EditorTutorials/ja/EditorTutorials.locres) Source String Hash: (-1274923958) Localized String: (再生速度の倍率です。負の数値も使う事ができます。その場合逆再生になります。)
Localization Resource: (C:/Program Files (x86)/Epic Games/4.11/Engine/Content/Localization/ToolTips/ja/ToolTips.locres) Source String Hash: (-1274923958) Localized String: (再生レート乗数。アニメーションを逆再生する負の値にすることができます。)
[2016.06.20-00.01.59:257][  0]LogD3D11RHI: D3D11 adapters:
[2016.06.20-00.01.59:290][  0]LogD3D11RHI:    0. 'NVIDIA GeForce GTX 960M   ' (Feature Level 11_0)
[2016.06.20-00.01.59:290][  0]LogD3D11RHI:       1995MB of dedicated video memory, 0MB of dedicated system memory, and 4057MB of shared system memory, 1 output[s]
[2016.06.20-00.01.59:295][  0]LogD3D11RHI:    1. 'Intel(R) HD Graphics 4600' (Feature Level 11_0)
[2016.06.20-00.01.59:295][  0]LogD3D11RHI:       112MB of dedicated video memory, 0MB of dedicated system memory, and 4057MB of shared system memory, 0 output[s]
[2016.06.20-00.01.59:296][  0]LogD3D11RHI:    2. 'Microsoft Basic Render Driver' (Feature Level 11_0)
[2016.06.20-00.01.59:296][  0]LogD3D11RHI:       0MB of dedicated video memory, 0MB of dedicated system memory, and 4057MB of shared system memory, 0 output[s]
[2016.06.20-00.01.59:296][  0]LogD3D11RHI: Chosen D3D11 Adapter: 0
[2016.06.20-00.01.59:302][  0]LogD3D11RHI: Creating new Direct3DDevice
[2016.06.20-00.01.59:302][  0]LogD3D11RHI:     Adapter Name: NVIDIA GeForce GTX 960M   
[2016.06.20-00.01.59:302][  0]LogD3D11RHI:   Driver Version: Unknown (internal Unknown)
[2016.06.20-00.01.59:302][  0]LogD3D11RHI:      Driver Date: Unknown
[2016.06.20-00.01.59:302][  0]LogRHI: Texture pool is 1361 MB (70% of 1945 MB)
[2016.06.20-00.01.59:316][  0]LogD3D11RHI: Async texture creation enabled
[2016.06.20-00.01.59:329][  0]LogShaderCompilers: Guid format shader working directory is -18 characters bigger than the processId version (../../../../../../Users/nwuser.DA/Documents/storyterror/StoryTerror/Intermediate/Shaders/WorkingDirectory/10824/).
[2016.06.20-00.01.59:329][  0]LogShaderCompilers: Cleaned the shader compiler working directory 'C:/Users/nwuser.DA/AppData/Local/Temp/UnrealShaderWorkingDir/10E8EA3F474F2CCA6EE163BD3ED097B7/'.
[2016.06.20-00.01.59:329][  0]LogShaderCompilers:Display: Using Local Shader Compiler.
[2016.06.20-00.02.02:135][  0]LogTemp:Display: Loaded TP AllDesktopTargetPlatform
[2016.06.20-00.02.02:139][  0]LogTemp:Display: Loaded TP WindowsClientTargetPlatform
[2016.06.20-00.02.02:143][  0]LogTemp:Display: Loaded TP WindowsNoEditorTargetPlatform
[2016.06.20-00.02.02:148][  0]LogTemp:Display: Loaded TP WindowsServerTargetPlatform
[2016.06.20-00.02.02:152][  0]LogTemp:Display: Loaded TP WindowsTargetPlatform
[2016.06.20-00.02.02:155][  0]LogTemp:Display: Loaded TP AndroidTargetPlatform
[2016.06.20-00.02.02:158][  0]LogTemp:Display: Loaded TP Android_ASTCTargetPlatform
[2016.06.20-00.02.02:161][  0]LogTemp:Display: Loaded TP Android_ATCTargetPlatform
[2016.06.20-00.02.02:164][  0]LogTemp:Display: Loaded TP Android_DXTTargetPlatform
[2016.06.20-00.02.02:166][  0]LogTemp:Display: Loaded TP Android_ETC1TargetPlatform
[2016.06.20-00.02.02:169][  0]LogTemp:Display: Loaded TP Android_ETC2TargetPlatform
[2016.06.20-00.02.02:174][  0]LogTemp:Display: Loaded TP Android_MultiTargetPlatform
[2016.06.20-00.02.02:174][  0]LogTemp:Display: Loaded TP Android_PVRTCTargetPlatform
[2016.06.20-00.02.02:175][  0]LogTemp:Display: Loaded TP HTML5TargetPlatform
[2016.06.20-00.02.02:191][  0]LogTemp:Display: Loaded TP IOSTargetPlatform
[2016.06.20-00.02.02:193][  0]LogTemp:Display: Loaded TP TVOSTargetPlatform
[2016.06.20-00.02.02:196][  0]LogTemp:Display: Loaded TP LinuxNoEditorTargetPlatform
[2016.06.20-00.02.02:199][  0]LogTemp:Display: Loaded TP LinuxServerTargetPlatform
[2016.06.20-00.02.02:202][  0]LogTemp:Display: Loaded TP LinuxTargetPlatform
[2016.06.20-00.02.02:202][  0]LogTargetPlatformManager:Display: Building Assets For Windows
[2016.06.20-00.02.02:268][  0]LogDerivedDataCache:Display: Max Cache Size: 512 MB
[2016.06.20-00.02.02:317][  0]LogDerivedDataCache: Loaded boot cache 0.05s 46MB C:/Users/nwuser.DA/AppData/Local/UnrealEngine/4.11/DerivedDataCache/Boot.ddc.
[2016.06.20-00.02.02:317][  0]LogDerivedDataCache:Display: Loaded Boot cache: C:/Users/nwuser.DA/AppData/Local/UnrealEngine/4.11/DerivedDataCache/Boot.ddc
[2016.06.20-00.02.02:317][  0]LogDerivedDataCache: FDerivedDataBackendGraph:  Pak pak cache file ../../../../../../Users/nwuser.DA/Documents/storyterror/StoryTerror/DerivedDataCache/DDC.ddp not found, will not use a pak cache.
[2016.06.20-00.02.02:317][  0]LogDerivedDataCache: Unable to find inner node Pak for hierarchical cache Hierarchy.
[2016.06.20-00.02.02:317][  0]LogDerivedDataCache: FDerivedDataBackendGraph:  CompressedPak pak cache file ../../../../../../Users/nwuser.DA/Documents/storyterror/StoryTerror/DerivedDataCache/Compressed.ddp not found, will not use a pak cache.
[2016.06.20-00.02.02:317][  0]LogDerivedDataCache: Unable to find inner node CompressedPak for hierarchical cache Hierarchy.
[2016.06.20-00.02.02:331][  0]LogDerivedDataCache:Display: Pak cache opened for reading ../../../Engine/DerivedDataCache/Compressed.ddp.
[2016.06.20-00.02.02:343][  0]LogDerivedDataCache: Using Local data cache path C:/Users/nwuser.DA/AppData/Local/UnrealEngine/Common/DerivedDataCache: Writable
[2016.06.20-00.02.03:730][  0]LogInit: Selected Device Profile: [Windows]
[2016.06.20-00.02.03:730][  0]LogContentStreaming: Texture pool size is 0.00 MB
[2016.06.20-00.02.03:759][  0]LogMaterial: Uniform references updated for custom material expression Custom.
[2016.06.20-00.02.03:869][  0]LogMeshUtilities: No automatic mesh reduction module available
[2016.06.20-00.02.03:869][  0]LogMeshUtilities: No automatic mesh merging module available
[2016.06.20-00.02.03:869][  0]LogMeshUtilities: No distributed automatic mesh merging module available
[2016.06.20-00.02.04:133][  0]LogUObjectArray: 27678 objects as part of root set at end of initial load.
[2016.06.20-00.02.04:133][  0]LogUObjectAllocator: 5591392 out of 0 bytes used by permanent object pool.
[2016.06.20-00.02.04:133][  0]LogUObjectArray: CloseDisregardForGC: 0/0 objects in disregard for GC pool
[2016.06.20-00.02.04:159][  0]LogInit: WinSock: version 1.1 (2.2), MaxSocks=32767, MaxUdp=65467
[2016.06.20-00.02.04:585][  0]LogSlate: SlateFontCache - WITH_FREETYPE: 1, WITH_HARFBUZZ: 1
[2016.06.20-00.02.04:585][  0]LogSlate: SlateFontCache - WITH_FREETYPE: 1, WITH_HARFBUZZ: 1
[2016.06.20-00.02.04:668][  0]LogStreaming:Warning: Failed to read file '../../../Engine/Content/Editor/Slate/Common/Selection_16x.png' error.
[2016.06.20-00.02.04:668][  0]LogSlate: Could not find file for Slate resource: ../../../Engine/Content/Editor/Slate/Common/Selection_16x.png
[2016.06.20-00.02.04:668][  0]LogStreaming:Warning: Failed to read file '../../../Engine/Content/Editor/Slate/Common/Selection_16x.png' error.
[2016.06.20-00.02.04:668][  0]LogSlate: Could not find file for Slate resource: ../../../Engine/Content/Editor/Slate/Common/Selection_16x.png
[2016.06.20-00.02.04:668][  0]LogStreaming:Warning: Failed to read file '../../../Engine/Content/Editor/Slate/Common/Selection_16x.png' error.
[2016.06.20-00.02.04:668][  0]LogSlate: Could not find file for Slate resource: ../../../Engine/Content/Editor/Slate/Common/Selection_16x.png
[2016.06.20-00.02.05:177][  0]LogUdpMessaging: Initializing bridge on interface 0.0.0.0:0 to multicast group 230.0.0.1:6666.
[2016.06.20-00.02.05:361][  0]LogAssetRegistry: FAssetRegistry took 0.0219 seconds to start up
[2016.06.20-00.02.05:774][  0]SourceControl: 情報 ソースコントロールは無効です
[2016.06.20-00.02.07:230][  0]LogEngine: Initializing Engine...
[2016.06.20-00.02.07:231][  0]LogHMD: SteamVR failed to initialize.  Err: 110
[2016.06.20-00.02.07:232][  0]LogHMD: SteamVR failed to initialize.  Err: 110
[2016.06.20-00.02.07:406][  0]LogAIModule: Creating AISystem for world NewWorld
[2016.06.20-00.02.07:410][  0]LogInit: XAudio2 using 'スピーカー (Realtek High Definition Audio)' : 2 channels at 48 kHz using 32 bits per sample (channel mask 0x3)
[2016.06.20-00.02.07:430][  0]LogInit: FAudioDevice initialized.
[2016.06.20-00.02.07:454][  0]LogDerivedDataCache: Saved boot cache 0.02s 46MB C:/Users/nwuser.DA/AppData/Local/UnrealEngine/4.11/DerivedDataCache/Boot.ddc.
[2016.06.20-00.02.07:459][  0]LogInit: Texture streaming: Enabled
[2016.06.20-00.02.07:541][  0]LogInit: Transaction tracking system initialized
[2016.06.20-00.02.07:708][  0]BlueprintLog: New page: エディタの読み込み
[2016.06.20-00.02.08:271][  0]LocalizationService: 情報 ローカライズのサービスが無効になりました
[2016.06.20-00.02.08:912][  0]LogConsoleResponse:Display: 
[2016.06.20-00.02.09:036][  0]LogCook:Display: Max memory allowance for cook 8192mb
[2016.06.20-00.02.09:036][  0]LogCook:Display: Mobile HDR setting 1
[2016.06.20-00.02.09:036][  0]LogCook:Display: Done creating registry. It took  0.00s.
[2016.06.20-00.02.09:316][  0]LogFileCache: Scanning file cache for directory 'C:/Users/nwuser.DA/Documents/storyterror/StoryTerror/Content/' took 0.03s
[2016.06.20-00.02.09:316][  0]Cmd: MAP LOAD FILE="../../../Engine/Content/Maps/Templates/Template_Default.umap" TEMPLATE=1 SHOWPROGRESS=1 FEATURELEVEL=3
[2016.06.20-00.02.09:316][  0]LightingResults: New page: ライティングのビルド
[2016.06.20-00.02.09:319][  0]MapCheck: New page: マップをチェック
[2016.06.20-00.02.09:319][  0]LightingResults: New page: <何も選択されていません>
[2016.06.20-00.02.09:535][  0]LogAIModule: Creating AISystem for world Untitled_1
[2016.06.20-00.02.09:540][  0]LogEditorServer: Finished looking for orphan Actors (0.000 secs)
[2016.06.20-00.02.09:544][  0]Cmd: MAP CHECKDEP NOCLEARLOG
[2016.06.20-00.02.09:576][  0]MapCheck: 情報 マップチェックが完了: 0 エラー、 0 警告、完了に 32.373ミリ秒かかりました。
[2016.06.20-00.02.09:576][  0]LogFileHelpers: Loading map 'Template_Default' took 0.261
[2016.06.20-00.02.11:188][  0]LogCollectionManager: Loaded 1 collections in 0.004057 seconds
[2016.06.20-00.02.11:717][  0]LogFileCache: Scanning file cache for directory 'C:/Users/nwuser.DA/Documents/storyterror/StoryTerror/Saved/Collections/' took 0.01s
[2016.06.20-00.02.11:717][  0]LogFileCache: Scanning file cache for directory 'C:/Users/nwuser.DA/Documents/storyterror/StoryTerror/Content/Developers/nwuser/Collections/' took 0.01s
[2016.06.20-00.02.11:717][  0]LogFileCache: Scanning file cache for directory 'C:/Users/nwuser.DA/Documents/storyterror/StoryTerror/Content/Collections/' took 0.01s
[2016.06.20-00.02.11:717][  0]LogCollectionManager: Rebuilt the GUID cache for 1 collections in 0.000009 seconds
[2016.06.20-00.02.11:717][  0]LogCollectionManager: Rebuilt the hierarchy cache for 1 collections in 0.000001 seconds
[2016.06.20-00.02.11:732][  0]LogContentBrowser: Native class hierarchy populated in 0.0139 seconds. Added 1979 classes and 343 folders.
[2016.06.20-00.02.11:768][  0]LogStats: UGameplayTagsManager::ConstructGameplayTagTree: Construct from data asset -  0.000 s
[2016.06.20-00.02.11:768][  0]LogStats: UGameplayTagsManager::ConstructGameplayTagTree: GameplayTagTreeChangedEvent.Broadcast -  0.000 s
[2016.06.20-00.02.11:769][  0]LogContentBrowser: Native class hierarchy updated for 'GameplayTags' in 0.0005 seconds. Added 12 classes and 0 folders.
[2016.06.20-00.02.11:795][  0]LogContentBrowser: Native class hierarchy updated for 'WidgetCarousel' in 0.0011 seconds. Added 0 classes and 0 folders.
[2016.06.20-00.02.11:959][  0]LogContentBrowser: Native class hierarchy updated for 'SuperSearch' in 0.0012 seconds. Added 1 classes and 2 folders.
[2016.06.20-00.02.14:404][  0]LogContentBrowser: Native class hierarchy updated for 'AddContentDialog' in 0.0012 seconds. Added 0 classes and 0 folders.
[2016.06.20-00.02.14:430][  0]LogContentBrowser: Native class hierarchy updated for 'SceneOutliner' in 0.0013 seconds. Added 1 classes and 2 folders.
[2016.06.20-00.02.14:514][  0]LogContentBrowser: Native class hierarchy updated for 'WorldBrowser' in 0.0009 seconds. Added 1 classes and 3 folders.
[2016.06.20-00.02.16:017][  0]LogCrashTracker: Crashtracker disabled due to settings.
[2016.06.20-00.02.16:089][  0]LogUObjectGlobals:Warning: オブジェクト 'Class なし.' が見つかりませんでした
[2016.06.20-00.02.16:120][  0]LogContentBrowser: Native class hierarchy updated for 'HierarchicalLODOutliner' in 0.0007 seconds. Added 1 classes and 2 folders.
[2016.06.20-00.02.16:120][  0]LogLoad: Full Startup: 18.39 seconds (BP compile: 0.04 seconds)
[2016.06.20-00.02.16:120][  0]LogExternalProfiler: Found external profiler: VSPerf
[2016.06.20-00.02.16:120][  0]LogExternalProfiler: Using external profiler: VSPerf
[2016.06.20-00.02.16:209][  0]LogWindowsTextInputMethodSystem:Display: IME system now activated using TSF (Microsoft IME).
[2016.06.20-00.02.16:214][  0]LogOcInput: OculusInput pre-init called
[2016.06.20-00.02.16:929][  0]SourceControl: 情報 On branch Shihara
[2016.06.20-00.02.16:929][  0]SourceControl: 情報 Your branch is up-to-date with 'origin/Shihara'.
[2016.06.20-00.02.16:929][  0]SourceControl: 情報 Changes to be committed:
[2016.06.20-00.02.16:929][  0]SourceControl: 情報   (use "git reset HEAD <file>..." to unstage)
[2016.06.20-00.02.16:929][  0]SourceControl: 情報 	new file:   StoryTerror/Content/Maps/Test.umap
[2016.06.20-00.02.16:929][  0]SourceControl: 情報 	new file:   StoryTerror/Content/Shihara/Blueprints/Mouse_GameMode.uasset
[2016.06.20-00.02.16:929][  0]SourceControl: 情報 	new file:   StoryTerror/Content/Shihara/Blueprints/Mouse_PlayerController.uasset
[2016.06.20-00.02.16:929][  0]SourceControl: 情報 	deleted:    StoryTerror/Content/Shihara/Blueprints/NewBlueprint.uasset
[2016.06.20-00.02.16:929][  0]SourceControl: 情報 Changes not staged for commit:
[2016.06.20-00.02.16:929][  0]SourceControl: 情報   (use "git add <file>..." to update what will be committed)
[2016.06.20-00.02.16:930][  0]SourceControl: 情報   (use "git checkout -- <file>..." to discard changes in working directory)
[2016.06.20-00.02.16:930][  0]SourceControl: 情報 	modified:   StoryTerror/Content/Maps/Test.umap
[2016.06.20-00.02.16:930][  0]SourceControl: 情報 	modified:   StoryTerror/Content/Shihara/Blueprints/Mouse_GameMode.uasset
[2016.06.20-00.02.16:930][  0]SourceControl: 情報 	modified:   StoryTerror/Content/Shihara/Blueprints/Mouse_PlayerController.uasset
[2016.06.20-00.02.16:930][  0]SourceControl: 情報 	modified:   StoryTerror/Intermediate/CachedAssetRegistry.bin
[2016.06.20-00.02.16:930][  0]SourceControl: 情報 	modified:   StoryTerror/Intermediate/Config/CoalescedSourceConfigs/DeviceProfiles.ini
[2016.06.20-00.02.16:930][  0]SourceControl: 情報 	modified:   StoryTerror/Intermediate/Config/CoalescedSourceConfigs/Engine.ini
[2016.06.20-00.02.16:930][  0]SourceControl: 情報 	modified:   StoryTerror/Intermediate/Config/CoalescedSourceConfigs/Game.ini
[2016.06.20-00.02.16:930][  0]SourceControl: 情報 	modified:   StoryTerror/Saved/AutoScreenshot.png
[2016.06.20-00.02.16:930][  0]SourceControl: 情報 	modified:   StoryTerror/Saved/Config/Windows/Editor.ini
[2016.06.20-00.02.16:930][  0]SourceControl: 情報 	modified:   StoryTerror/Saved/Config/Windows/EditorPerProjectUserSettings.ini
[2016.06.20-00.02.16:930][  0]SourceControl: 情報 	modified:   StoryTerror/Saved/Config/Windows/Engine.ini
[2016.06.20-00.02.16:930][  0]SourceControl: 情報 Untracked files:
[2016.06.20-00.02.16:930][  0]SourceControl: 情報   (use "git add <file>..." to include in what will be committed)
[2016.06.20-00.02.16:930][  0]SourceControl: 情報 	StoryTerror/Saved/Backup/
[2016.06.20-00.02.16:930][  0]SourceControl: 情報 	StoryTerror/Saved/Config/WorldState/
[2016.06.20-00.02.16:930][  0]SourceControl: 情報 	StoryTerror/Saved/Logs/
[2016.06.20-00.02.16:930][  0]SourceControl: 情報 	StoryTerror/Saved/Stats/2016.06.13-15.01.01Stats.csv
[2016.06.20-00.02.16:930][  0]SourceControl: 情報 	StoryTerror/Saved/Stats/2016.06.17-09.24.25Stats.csv
[2016.06.20-00.02.16:930][  0]SourceControl: 情報 	StoryTerror/Saved/Stats/2016.06.17-10.38.00Stats.csv
[2016.06.20-00.02.16:930][  0]LogContentStreaming: Texture pool size now 700 MB
[2016.06.20-00.02.18:195][  1]LogRenderer: Reallocating scene render targets to support 736x332 (Frame:2).
[2016.06.20-00.02.18:205][  1]LogAssetRegistry: Asset discovery search completed in 12.8747 seconds
[2016.06.20-00.02.18:205][  1]LogCollectionManager: Rebuilt the object cache for 1 collections in 0.000002 seconds (found 0 objects)
[2016.06.20-00.02.18:205][  1]LogCollectionManager: Fixed up redirectors for 1 collections in 0.000028 seconds (updated 0 objects)
[2016.06.20-00.02.26:723][764]LogContentBrowser: Native class hierarchy updated for 'BlueprintGraph' in 0.0010 seconds. Added 108 classes and 0 folders.
[2016.06.20-00.08.00:061][389]LogRenderer: Reallocating scene render targets to support 856x400 (Frame:684).
[2016.06.20-00.08.03:122][734]LogActorComponent: UnregisterComponent: (/Engine/Transient.EditorFloorComp) Not registered. Aborting.
[2016.06.20-00.08.07:534][210]LogAIModule: Creating AISystem for world Test
[2016.06.20-00.08.07:578][210]Cmd: MAP LOAD FILE="../../../../../../Users/nwuser.DA/Documents/storyterror/StoryTerror/Content/Maps/Test.umap" TEMPLATE=0 SHOWPROGRESS=1 FEATURELEVEL=3
[2016.06.20-00.08.07:578][210]LightingResults: New page: ライティングのビルド
[2016.06.20-00.08.07:598][210]LoadErrors: New page: マップをロード中: Test.umap
[2016.06.20-00.08.07:599][210]MapCheck: New page: マップをチェック
[2016.06.20-00.08.07:599][210]LightingResults: New page: <何も選択されていません>
[2016.06.20-00.08.07:742][210]LogEditorServer: Finished looking for orphan Actors (0.000 secs)
[2016.06.20-00.08.07:778][210]Cmd: MAP CHECKDEP NOCLEARLOG
[2016.06.20-00.08.07:835][210]MapCheck: 情報 マップチェックが完了: 0 エラー、 0 警告、完了に 57.36ミリ秒かかりました。
[2016.06.20-00.08.07:835][210]LogFileHelpers: Loading map 'Test' took 0.260
[2016.06.20-00.08.10:381][496]LogBlueprintUserMessages: Early PlayInEditor Detection: Level '/Game/Maps/Test.Test:PersistentLevel' has LevelScriptBlueprint '/Game/Maps/Test.Test:PersistentLevel.Test' with GeneratedClass '/Game/Maps/Test.Test_C' with ClassGeneratedBy '/Game/Maps/Test.Test:PersistentLevel.Test'
[2016.06.20-00.08.10:381][496]LogPlayLevel: PlayLevel: No blueprints needed recompiling
[2016.06.20-00.08.10:407][496]PIE: New page: PIEセッション: Test (2016/06/20 18:08:10)
[2016.06.20-00.08.10:407][496]LogPlayLevel: Creating play world package: /Game/Maps/UEDPIE_0_Test
[2016.06.20-00.08.10:413][496]LogPlayLevel: PIE: StaticDuplicateObject took: (0.006441s)
[2016.06.20-00.08.10:414][496]LogAIModule: Creating AISystem for world Test
[2016.06.20-00.08.10:414][496]LogPlayLevel: PIE: World Init took: (0.000631s)
[2016.06.20-00.08.10:414][496]LogPlayLevel: PIE: Created PIE world by copying editor world from /Game/Maps/Test.Test to /Game/Maps/UEDPIE_0_Test.Test (0.007283s)
[2016.06.20-00.08.10:431][496]LogInit: XAudio2 using 'スピーカー (Realtek High Definition Audio)' : 2 channels at 48 kHz using 32 bits per sample (channel mask 0x3)
[2016.06.20-00.08.10:439][496]LogInit: FAudioDevice initialized.
[2016.06.20-00.08.10:555][496]LogWorld: Game class is 'Mouse_GameMode_C'
[2016.06.20-00.08.10:590][496]LogWorld: Bringing World /Game/Maps/UEDPIE_0_Test.Test up for play (max tick rate 0) at 2016.06.20-09.08.10
[2016.06.20-00.08.10:591][496]LogWorld: Bringing up level for play took: 0.001798
[2016.06.20-00.08.10:595][496]LogContentBrowser: Native class hierarchy updated for 'MovieSceneCapture' in 0.0004 seconds. Added 9 classes and 0 folders.
[2016.06.20-00.08.10:597][496]PIE: 情報 /Game/Maps/UEDPIE_0_Test 1.027のプレイ イン エディタの開始時間
[2016.06.20-00.08.10:597][496]LogBlueprintUserMessages: Late PlayInEditor Detection: Level '/Game/Maps/Test.Test:PersistentLevel' has LevelScriptBlueprint '/Game/Maps/Test.Test:PersistentLevel.Test' with GeneratedClass '/Game/Maps/Test.Test_C' with ClassGeneratedBy '/Game/Maps/Test.Test:PersistentLevel.Test'
[2016.06.20-00.08.15:944][118]LogBlueprintUserMessages: Early EndPlayMap Detection: Level '/Game/Maps/Test.Test:PersistentLevel' has LevelScriptBlueprint '/Game/Maps/Test.Test:PersistentLevel.Test' with GeneratedClass '/Game/Maps/Test.Test_C' with ClassGeneratedBy '/Game/Maps/Test.Test:PersistentLevel.Test'
[2016.06.20-00.08.16:026][118]LogBlueprintUserMessages: Late EndPlayMap Detection: Level '/Game/Maps/Test.Test:PersistentLevel' has LevelScriptBlueprint '/Game/Maps/Test.Test:PersistentLevel.Test' with GeneratedClass '/Game/Maps/Test.Test_C' with ClassGeneratedBy '/Game/Maps/Test.Test:PersistentLevel.Test'
[2016.06.20-00.09.00:825][159]LightingResults: New page: ライティングのビルド
[2016.06.20-00.09.00:844][159]MapCheck: New page: マップをチェック
[2016.06.20-00.09.00:844][159]LightingResults: New page: <何も選択されていません>
[2016.06.20-00.09.00:861][159]LogAIModule: Creating AISystem for world NewWorld
[2016.06.20-00.09.00:991][159]LoadErrors: New page: 新規のマップ
[2016.06.20-00.09.01:024][159]LogAIModule: Creating AISystem for world Test
[2016.06.20-00.09.02:422][159]SourceControl:Error: エラー error: pathspec 'C:/Users/nwuser.DA/Documents/storyterror/StoryTerror/Content/Maps/Test.umap' did not match any file(s) known to git.
[2016.06.20-00.09.12:100][203]LogEditorViewport: Clicking Background
[2016.06.20-00.15.38:350][505]LogSavePackage: Save=10.45ms
[2016.06.20-00.15.38:350][505]LogSavePackage: Moving '../../../../../../Users/nwuser.DA/Documents/storyterror/StoryTerror/Saved/testDE28B4714B9BD9F17579478D8E65A041.tmp' to '../../../../../../Users/nwuser.DA/Documents/storyterror/StoryTerror/Content/Shihara/Maps/test.umap'
[2016.06.20-00.15.38:352][505]LogSavePackage: Total save time: 12.88ms
[2016.06.20-00.15.38:352][505]LogSavePackage:Display: Finished SavePackage ../../../../../../Users/nwuser.DA/Documents/storyterror/StoryTerror/Content/Shihara/Maps/test.umap
[2016.06.20-00.15.38:471][505]LogFileHelpers: Saving map 'test' took 0.206
[2016.06.20-00.15.39:386][611]Cmd: MAP LOAD FILE="../../../../../../Users/nwuser.DA/Documents/storyterror/StoryTerror/Content/Shihara/Maps/test.umap" TEMPLATE=0 SHOWPROGRESS=1 FEATURELEVEL=3
[2016.06.20-00.15.39:386][611]LightingResults: New page: ライティングのビルド
[2016.06.20-00.15.39:406][611]LoadErrors: New page: マップをロード中: test.umap
[2016.06.20-00.15.39:406][611]MapCheck: New page: マップをチェック
[2016.06.20-00.15.39:406][611]LightingResults: New page: <何も選択されていません>
[2016.06.20-00.15.39:537][611]LogEditorServer: Finished looking for orphan Actors (0.000 secs)
[2016.06.20-00.15.39:537][611]LogAIModule: Creating AISystem for world test
[2016.06.20-00.15.39:573][611]Cmd: MAP CHECKDEP NOCLEARLOG
[2016.06.20-00.15.39:626][611]MapCheck: 情報 マップチェックが完了: 0 エラー、 0 警告、完了に 52.841ミリ秒かかりました。
[2016.06.20-00.15.39:626][611]LogFileHelpers: Loading map 'test' took 0.246
[2016.06.20-00.15.56:958][622]Cmd: MAP LOAD FILE="../../../../../../Users/nwuser.DA/Documents/storyterror/StoryTerror/Content/Shihara/Maps/test.umap" TEMPLATE=0 SHOWPROGRESS=1 FEATURELEVEL=3
[2016.06.20-00.15.56:958][622]LightingResults: New page: ライティングのビルド
[2016.06.20-00.15.56:978][622]LoadErrors: New page: マップをロード中: test.umap
[2016.06.20-00.15.56:979][622]MapCheck: New page: マップをチェック
[2016.06.20-00.15.56:979][622]LightingResults: New page: <何も選択されていません>
[2016.06.20-00.15.57:000][622]LogAIModule: Creating AISystem for world test
[2016.06.20-00.15.57:108][622]LogEditorServer: Finished looking for orphan Actors (0.000 secs)
[2016.06.20-00.15.57:145][622]Cmd: MAP CHECKDEP NOCLEARLOG
[2016.06.20-00.15.57:195][622]MapCheck: 情報 マップチェックが完了: 0 エラー、 0 警告、完了に 50.189ミリ秒かかりました。
[2016.06.20-00.15.57:196][622]LogFileHelpers: Loading map 'test' took 0.239
[2016.06.20-00.16.04:762][298]LightingResults: New page: ライティングのビルド
[2016.06.20-00.16.04:789][298]MapCheck: New page: マップをチェック
[2016.06.20-00.16.04:789][298]LightingResults: New page: <何も選択されていません>
[2016.06.20-00.16.04:807][298]LogAIModule: Creating AISystem for world NewWorld
[2016.06.20-00.16.04:930][298]LoadErrors: New page: 新規のマップ
[2016.06.20-00.16.04:935][298]LogAIModule: Creating AISystem for world test
[2016.06.20-00.16.05:483][298]SourceControl:Error: エラー error: pathspec 'C:/Users/nwuser.DA/Documents/storyterror/StoryTerror/Content/Shihara/Maps/test.umap' did not match any file(s) known to git.
[2016.06.20-00.16.24:568][498]LogActorFactory: Actor Factory created Cube
[2016.06.20-00.16.24:867][521]LogActorFactory: Actor Factory created Cube
[2016.06.20-00.16.25:023][521]SourceControl:Error: エラー fatal: Could not switch to '/Temp/': No such file or directory
[2016.06.20-00.16.26:572][706]Cmd: DELETE
[2016.06.20-00.16.26:572][706]Cmd: ACTOR DELETE
[2016.06.20-00.16.26:572][706]LogEditorActor: Deleted Actor: StaticMeshActor
[2016.06.20-00.16.26:592][706]LogEditorActor: Deleted 1 Actors (0.020 secs)
[2016.06.20-00.16.50:320][ 96]LogActorComponent: UnregisterComponent: (/Engine/Transient.MovementComponent0) Not registered. Aborting.
[2016.06.20-00.16.50:451][ 96]SourceControl:Error: エラー fatal: Could not switch to '/Temp/': No such file or directory
[2016.06.20-00.16.52:375][110]SourceControl:Error: エラー fatal: Could not switch to '/Temp/': No such file or directory
[2016.06.20-00.17.13:065][290]SourceControl:Error: エラー fatal: Could not switch to '/Temp/': No such file or directory
[2016.06.20-00.17.19:138][304]SourceControl:Error: エラー fatal: Could not switch to '/Temp/': No such file or directory
[2016.06.20-00.17.31:442][537]SourceControl:Error: エラー fatal: Could not switch to '/Temp/': No such file or directory
[2016.06.20-00.17.37:403][537]LogSavePackage: Save=10.43ms
[2016.06.20-00.17.37:403][537]LogSavePackage: Moving '../../../../../../Users/nwuser.DA/Documents/storyterror/StoryTerror/Saved/TestA0E530DF42DD64B245E856A5BE402950.tmp' to '../../../../../../Users/nwuser.DA/Documents/storyterror/StoryTerror/Content/Shihara/Maps/Test.umap'
[2016.06.20-00.17.37:406][537]LogSavePackage: Total save time: 12.94ms
[2016.06.20-00.17.37:406][537]LogSavePackage:Display: Finished SavePackage ../../../../../../Users/nwuser.DA/Documents/storyterror/StoryTerror/Content/Shihara/Maps/Test.umap
[2016.06.20-00.17.37:619][537]LogFileHelpers: Saving map 'Test' took 0.341
[2016.06.20-00.17.37:721][537]LogSavePackage: Save=28.59ms
[2016.06.20-00.17.37:721][537]LogSavePackage: Moving '../../../../../../Users/nwuser.DA/Documents/storyterror/StoryTerror/Saved/NewWorldD0F94F0049F0EF35DE56CA9384252516.tmp' to '../../../../../../Users/nwuser.DA/Documents/storyterror/StoryTerror/Content/Shihara/Maps/NewWorld.umap'
[2016.06.20-00.17.37:723][537]LogSavePackage: Total save time: 31.24ms
[2016.06.20-00.17.37:723][537]LogSavePackage:Display: Finished SavePackage ../../../../../../Users/nwuser.DA/Documents/storyterror/StoryTerror/Content/Shihara/Maps/NewWorld.umap
[2016.06.20-00.17.37:850][537]LogFileHelpers: Saving map 'NewWorld' took 0.229
[2016.06.20-00.17.37:982][551]SourceControl:Error: エラー fatal: Could not switch to '/Temp/': No such file or directory
[2016.06.20-00.17.50:684][723]SourceControl:Error: エラー error: pathspec 'C:/Users/nwuser.DA/Documents/storyterror/StoryTerror/Content/Shihara/Maps/NewWorld.umap' did not match any file(s) known to git.
[2016.06.20-00.17.51:530][820]Cmd: MAP LOAD FILE="../../../../../../Users/nwuser.DA/Documents/storyterror/StoryTerror/Content/Shihara/Maps/Test.umap" TEMPLATE=0 SHOWPROGRESS=1 FEATURELEVEL=3
[2016.06.20-00.17.51:530][820]LightingResults: New page: ライティングのビルド
[2016.06.20-00.17.51:551][820]LoadErrors: New page: マップをロード中: Test.umap
[2016.06.20-00.17.51:551][820]MapCheck: New page: マップをチェック
[2016.06.20-00.17.51:552][820]LightingResults: New page: <何も選択されていません>
[2016.06.20-00.17.51:571][820]LogAIModule: Creating AISystem for world Test
[2016.06.20-00.17.51:690][820]LogEditorServer: Finished looking for orphan Actors (0.000 secs)
[2016.06.20-00.17.51:728][820]Cmd: MAP CHECKDEP NOCLEARLOG
[2016.06.20-00.17.51:789][820]MapCheck: 情報 マップチェックが完了: 0 エラー、 0 警告、完了に 60.315ミリ秒かかりました。
[2016.06.20-00.17.51:789][820]LogFileHelpers: Loading map 'Test' took 0.267
[2016.06.20-00.18.38:926][623]LightingResults: New page: ライティングのビルド
[2016.06.20-00.18.38:961][623]MapCheck: New page: マップをチェック
[2016.06.20-00.18.38:961][623]LightingResults: New page: <何も選択されていません>
[2016.06.20-00.18.38:977][623]LogAIModule: Creating AISystem for world NewWorld
[2016.06.20-00.18.39:100][623]LoadErrors: New page: 新規のマップ
[2016.06.20-00.18.39:106][623]LogAIModule: Creating AISystem for world Test
[2016.06.20-00.18.39:632][623]SourceControl:Error: エラー error: pathspec 'C:/Users/nwuser.DA/Documents/storyterror/StoryTerror/Content/Shihara/Maps/Test.umap' did not match any file(s) known to git.
[2016.06.20-00.18.43:565][978]Cmd: MAP LOAD FILE="../../../Engine/Content/Maps/Templates/Template_Default.umap" TEMPLATE=1 SHOWPROGRESS=1 FEATURELEVEL=3
[2016.06.20-00.18.43:610][978]LightingResults: New page: ライティングのビルド
[2016.06.20-00.18.43:632][978]LoadErrors: New page: マップをロード中: Template_Default.umap
[2016.06.20-00.18.43:633][978]MapCheck: New page: マップをチェック
[2016.06.20-00.18.43:633][978]LightingResults: New page: <何も選択されていません>
[2016.06.20-00.18.43:698][978]LogAIModule: Creating AISystem for world Untitled_5
[2016.06.20-00.18.43:821][978]LogEditorServer: Finished looking for orphan Actors (0.000 secs)
[2016.06.20-00.18.43:834][978]Cmd: MAP CHECKDEP NOCLEARLOG
[2016.06.20-00.18.43:885][978]MapCheck: 情報 マップチェックが完了: 0 エラー、 0 警告、完了に 51.673ミリ秒かかりました。
[2016.06.20-00.18.43:885][978]LogFileHelpers: Loading map 'Template_Default' took 0.322
[2016.06.20-00.18.48:695][542]SourceControl:Error: エラー fatal: Could not switch to '/Temp/': No such file or directory
[2016.06.20-00.18.59:196][542]LogSavePackage: Save=30.87ms
[2016.06.20-00.18.59:196][542]LogSavePackage: Moving '../../../../../../Users/nwuser.DA/Documents/storyterror/StoryTerror/Saved/Test8ADD87C741AB146E39B162BADCF7E4AF.tmp' to '../../../../../../Users/nwuser.DA/Documents/storyterror/StoryTerror/Content/Shihara/Maps/Test.umap'
[2016.06.20-00.18.59:198][542]LogSavePackage: Total save time: 32.27ms
[2016.06.20-00.18.59:198][542]LogSavePackage:Display: Finished SavePackage ../../../../../../Users/nwuser.DA/Documents/storyterror/StoryTerror/Content/Shihara/Maps/Test.umap
[2016.06.20-00.18.59:389][542]LogFileHelpers: Saving map 'Test' took 0.379
[2016.06.20-00.18.59:523][557]SourceControl:Error: エラー fatal: Could not switch to '/Temp/': No such file or directory
[2016.06.20-00.21.34:684][123]LogPlayLevel: PlayLevel: No blueprints needed recompiling
[2016.06.20-00.21.34:684][123]PIE: New page: PIEセッション: Test (2016/06/20 18:21:34)
[2016.06.20-00.21.34:684][123]LogPlayLevel: Creating play world package: /Game/Shihara/Maps/UEDPIE_0_Test
[2016.06.20-00.21.34:686][123]LogPlayLevel: PIE: StaticDuplicateObject took: (0.002295s)
[2016.06.20-00.21.34:687][123]LogAIModule: Creating AISystem for world Test
[2016.06.20-00.21.34:687][123]LogPlayLevel: PIE: World Init took: (0.001055s)
[2016.06.20-00.21.34:688][123]LogPlayLevel: PIE: Created PIE world by copying editor world from /Game/Shihara/Maps/Test.Test to /Game/Shihara/Maps/UEDPIE_0_Test.Test (0.003657s)
[2016.06.20-00.21.34:710][123]LogInit: XAudio2 using 'スピーカー (Realtek High Definition Audio)' : 2 channels at 48 kHz using 32 bits per sample (channel mask 0x3)
[2016.06.20-00.21.34:718][123]LogInit: FAudioDevice initialized.
[2016.06.20-00.21.34:749][123]LogWorld: Game class is 'GameMode'
[2016.06.20-00.21.34:752][123]LogWorld: Bringing World /Game/Shihara/Maps/UEDPIE_0_Test.Test up for play (max tick rate 0) at 2016.06.20-09.21.34
[2016.06.20-00.21.34:753][123]LogWorld: Bringing up level for play took: 0.002143
[2016.06.20-00.21.34:755][123]PIE: 情報 /Game/Shihara/Maps/UEDPIE_0_Test -0.724のプレイ イン エディタの開始時間
[2016.06.20-00.31.57:830][661]SourceControl: 情報 fatal: C:/Program Files (x86)/Epic Games/4.11/Engine/Content/ArtTools/RenderToTexture/Textures/127grey.uasset: 'C:/Program Files (x86)/Epic Games/4.11/Engine/Content/ArtTools/RenderToTexture/Textures/127grey.uasset' is outside repository
[2016.06.20-00.31.57:830][661]SourceControl: 情報 fatal: C:/Program Files (x86)/Epic Games/4.11/Engine/Content/EngineLightProfiles/180Degree_IES.uasset: 'C:/Program Files (x86)/Epic Games/4.11/Engine/Content/EngineLightProfiles/180Degree_IES.uasset' is outside repository
[2016.06.20-00.31.57:830][661]SourceControl: 情報 fatal: C:/Program Files (x86)/Epic Games/4.11/Engine/Content/Functions/Engine_MaterialFunctions01/ImageAdjustment/3ColorBlend.uasset: 'C:/Program Files (x86)/Epic Games/4.11/Engine/Content/Functions/Engine_MaterialFunctions01/ImageAdjustment/3ColorBlend.uasset' is outside repository
[2016.06.20-00.31.57:831][661]SourceControl: 情報 fatal: C:/Program Files (x86)/Epic Games/4.11/Engine/Content/Functions/Engine_MaterialFunctions02/Texturing/3dParticleOpacity.uasset: 'C:/Program Files (x86)/Epic Games/4.11/Engine/Content/Functions/Engine_MaterialFunctions02/Texturing/3dParticleOpacity.uasset' is outside repository
[2016.06.20-00.31.57:831][661]SourceControl: 情報 fatal: C:/Program Files (x86)/Epic Games/4.11/Engine/Content/Functions/Engine_MaterialFunctions02/ExampleContent/3dParticleOpacity_Mat.uasset: 'C:/Program Files (x86)/Epic Games/4.11/Engine/Content/Functions/Engine_MaterialFunctions02/ExampleContent/3dParticleOpacity_Mat.uasset' is outside repository
[2016.06.20-00.31.57:831][661]SourceControl: 情報 fatal: C:/Program Files (x86)/Epic Games/4.11/Engine/Content/Functions/Engine_MaterialFunctions02/3PointLevels.uasset: 'C:/Program Files (x86)/Epic Games/4.11/Engine/Content/Functions/Engine_MaterialFunctions02/3PointLevels.uasset' is outside repository
[2016.06.20-00.32.06:397][668]SourceControl: 情報 fatal: C:/Program Files (x86)/Epic Games/4.11/Engine/Content/ArtTools/RenderToTexture/Textures/127grey.uasset: 'C:/Program Files (x86)/Epic Games/4.11/Engine/Content/ArtTools/RenderToTexture/Textures/127grey.uasset' is outside repository
[2016.06.20-00.32.06:398][668]SourceControl: 情報 fatal: C:/Program Files (x86)/Epic Games/4.11/Engine/Content/EngineLightProfiles/180Degree_IES.uasset: 'C:/Program Files (x86)/Epic Games/4.11/Engine/Content/EngineLightProfiles/180Degree_IES.uasset' is outside repository
[2016.06.20-00.32.06:398][668]SourceControl: 情報 fatal: C:/Program Files (x86)/Epic Games/4.11/Engine/Content/Functions/Engine_MaterialFunctions01/ImageAdjustment/3ColorBlend.uasset: 'C:/Program Files (x86)/Epic Games/4.11/Engine/Content/Functions/Engine_MaterialFunctions01/ImageAdjustment/3ColorBlend.uasset' is outside repository
[2016.06.20-00.32.06:398][668]SourceControl: 情報 fatal: C:/Program Files (x86)/Epic Games/4.11/Engine/Content/Functions/Engine_MaterialFunctions02/Texturing/3dParticleOpacity.uasset: 'C:/Program Files (x86)/Epic Games/4.11/Engine/Content/Functions/Engine_MaterialFunctions02/Texturing/3dParticleOpacity.uasset' is outside repository
[2016.06.20-00.32.06:398][668]SourceControl: 情報 fatal: C:/Program Files (x86)/Epic Games/4.11/Engine/Content/Functions/Engine_MaterialFunctions02/ExampleContent/3dParticleOpacity_Mat.uasset: 'C:/Program Files (x86)/Epic Games/4.11/Engine/Content/Functions/Engine_MaterialFunctions02/ExampleContent/3dParticleOpacity_Mat.uasset' is outside repository
[2016.06.20-00.32.06:398][668]SourceControl: 情報 fatal: C:/Program Files (x86)/Epic Games/4.11/Engine/Content/Functions/Engine_MaterialFunctions02/3PointLevels.uasset: 'C:/Program Files (x86)/Epic Games/4.11/Engine/Content/Functions/Engine_MaterialFunctions02/3PointLevels.uasset' is outside repository
[2016.06.20-00.32.11:221][201]SourceControl: 情報 fatal: C:/Program Files (x86)/Epic Games/4.11/Engine/Content/BasicShapes/BasicShapeMaterial.uasset: 'C:/Program Files (x86)/Epic Games/4.11/Engine/Content/BasicShapes/BasicShapeMaterial.uasset' is outside repository
[2016.06.20-00.32.14:260][550]SourceControl: 情報 fatal: C:/Program Files (x86)/Epic Games/4.11/Engine/Content/ArtTools/RenderToTexture/Textures/127grey.uasset: 'C:/Program Files (x86)/Epic Games/4.11/Engine/Content/ArtTools/RenderToTexture/Textures/127grey.uasset' is outside repository
[2016.06.20-00.32.14:260][550]SourceControl: 情報 fatal: C:/Program Files (x86)/Epic Games/4.11/Engine/Content/EngineLightProfiles/180Degree_IES.uasset: 'C:/Program Files (x86)/Epic Games/4.11/Engine/Content/EngineLightProfiles/180Degree_IES.uasset' is outside repository
[2016.06.20-00.32.14:260][550]SourceControl: 情報 fatal: C:/Program Files (x86)/Epic Games/4.11/Engine/Content/Functions/Engine_MaterialFunctions01/ImageAdjustment/3ColorBlend.uasset: 'C:/Program Files (x86)/Epic Games/4.11/Engine/Content/Functions/Engine_MaterialFunctions01/ImageAdjustment/3ColorBlend.uasset' is outside repository
[2016.06.20-00.32.14:260][550]SourceControl: 情報 fatal: C:/Program Files (x86)/Epic Games/4.11/Engine/Content/Functions/Engine_MaterialFunctions02/Texturing/3dParticleOpacity.uasset: 'C:/Program Files (x86)/Epic Games/4.11/Engine/Content/Functions/Engine_MaterialFunctions02/Texturing/3dParticleOpacity.uasset' is outside repository
[2016.06.20-00.32.14:260][550]SourceControl: 情報 fatal: C:/Program Files (x86)/Epic Games/4.11/Engine/Content/Functions/Engine_MaterialFunctions02/ExampleContent/3dParticleOpacity_Mat.uasset: 'C:/Program Files (x86)/Epic Games/4.11/Engine/Content/Functions/Engine_MaterialFunctions02/ExampleContent/3dParticleOpacity_Mat.uasset' is outside repository
[2016.06.20-00.32.14:260][550]SourceControl: 情報 fatal: C:/Program Files (x86)/Epic Games/4.11/Engine/Content/Functions/Engine_MaterialFunctions02/3PointLevels.uasset: 'C:/Program Files (x86)/Epic Games/4.11/Engine/Content/Functions/Engine_MaterialFunctions02/3PointLevels.uasset' is outside repository
[2016.06.20-00.36.52:810][903]LogEditorViewport: Clicking on Actor (LMB): StaticMeshActor (Floor)
[2016.06.20-00.36.55:927][252]LogWindowsTextInputMethodSystem:Display: IME system now activated using TSF (Microsoft IME).
[2016.06.20-00.36.56:166][253]Cmd: QUIT_EDITOR
[2016.06.20-00.36.57:055][253]LogExit: Preparing to exit.
[2016.06.20-00.36.57:811][253]LogExit: Editor shut down
[2016.06.20-00.36.57:813][253]LogExit: Transaction tracking system shut down
[2016.06.20-00.36.58:086][253]LogObj: Freed 0b from 0 cluster array pools.
[2016.06.20-00.36.58:086][253]LogExit: Object subsystem successfully closed.
[2016.06.20-00.36.58:109][253]LogD3D11RHI: Shutdown
[2016.06.20-00.36.58:109][253]LogD3D11RHI: CleanupD3DDevice
[2016.06.20-00.36.58:185][253]LogD3D11RHI: ~FD3D11DynamicRHI
[2016.06.20-00.36.58:269][253]LogDerivedDataCache: Shutdown
[2016.06.20-00.36.58:269][253]LogModuleManager: Shutting down and abandoning module NewLevelDialog (207)
[2016.06.20-00.36.58:269][253]LogModuleManager: Shutting down and abandoning module MovieSceneCapture (206)
[2016.06.20-00.36.58:269][253]LogModuleManager: Shutting down and abandoning module BlueprintGraph (205)
[2016.06.20-00.36.58:269][253]LogModuleManager: Shutting down and abandoning module HierarchicalLODOutliner (204)
[2016.06.20-00.36.58:269][253]LogModuleManager: Shutting down and abandoning module CrashTracker (203)
[2016.06.20-00.36.58:269][253]LogModuleManager: Shutting down and abandoning module WorldBrowser (202)
[2016.06.20-00.36.58:269][253]LogModuleManager: Shutting down and abandoning module SceneOutliner (201)
[2016.06.20-00.36.58:269][253]LogModuleManager: Shutting down and abandoning module SuperSearch (200)
[2016.06.20-00.36.58:270][253]LogModuleManager: Shutting down and abandoning module WidgetCarousel (199)
[2016.06.20-00.36.58:270][253]LogModuleManager: Shutting down and abandoning module AddContentDialog (198)
[2016.06.20-00.36.58:276][253]LogModuleManager: Shutting down and abandoning module GameplayTags (197)
[2016.06.20-00.36.58:276][253]LogModuleManager: Shutting down and abandoning module EditorWidgets (196)
[2016.06.20-00.36.58:276][253]LogModuleManager: Shutting down and abandoning module CollectionManager (195)
[2016.06.20-00.36.58:276][253]LogModuleManager: Shutting down and abandoning module StatsViewer (194)
[2016.06.20-00.36.58:276][253]LogModuleManager: Shutting down and abandoning module FoliageEdit (193)
[2016.06.20-00.36.58:276][253]LogModuleManager: Shutting down and abandoning module LandscapeEditor (192)
[2016.06.20-00.36.58:277][253]LogModuleManager: Shutting down and abandoning module ActorPickerMode (191)
[2016.06.20-00.36.58:277][253]LogModuleManager: Shutting down and abandoning module GeometryMode (190)
[2016.06.20-00.36.58:277][253]LogModuleManager: Shutting down and abandoning module TextureAlignMode (189)
[2016.06.20-00.36.58:277][253]LogModuleManager: Shutting down and abandoning module BspMode (188)
[2016.06.20-00.36.58:277][253]LogModuleManager: Shutting down and abandoning module PlacementMode (187)
[2016.06.20-00.36.58:277][253]LogModuleManager: Shutting down and abandoning module AutomationWorker (186)
[2016.06.20-00.36.58:277][253]LogModuleManager: Shutting down and abandoning module CharacterAI (185)
[2016.06.20-00.36.58:277][253]LogModuleManager: Shutting down and abandoning module SmartSnapping (184)
[2016.06.20-00.36.58:277][253]LogModuleManager: Shutting down and abandoning module ViewportSnapping (183)
[2016.06.20-00.36.58:277][253]LogModuleManager: Shutting down and abandoning module LogVisualizer (182)
[2016.06.20-00.36.58:277][253]LogModuleManager: Shutting down and abandoning module GameProjectGeneration (181)
[2016.06.20-00.36.58:277][253]LogModuleManager: Shutting down and abandoning module IntroTutorials (180)
[2016.06.20-00.36.58:277][253]LogModuleManager: Shutting down and abandoning module EditorLiveStreaming (179)
[2016.06.20-00.36.58:277][253]LogModuleManager: Shutting down and abandoning module IOSPlatformEditor (178)
[2016.06.20-00.36.58:277][253]LogModuleManager: Shutting down and abandoning module HTML5PlatformEditor (177)
[2016.06.20-00.36.58:277][253]LogModuleManager: Shutting down and abandoning module AndroidDeviceDetection (176)
[2016.06.20-00.36.58:567][253]LogModuleManager: Shutting down and abandoning module AndroidPlatformEditor (175)
[2016.06.20-00.36.58:567][253]LogModuleManager: Shutting down and abandoning module IOSRuntimeSettings (174)
[2016.06.20-00.36.58:567][253]LogModuleManager: Shutting down and abandoning module AndroidRuntimeSettings (173)
[2016.06.20-00.36.58:567][253]LogModuleManager: Shutting down and abandoning module MergeActors (172)
[2016.06.20-00.36.58:567][253]LogModuleManager: Shutting down and abandoning module SizeMap (171)
[2016.06.20-00.36.58:567][253]LogModuleManager: Shutting down and abandoning module TreeMap (170)
[2016.06.20-00.36.58:567][253]LogModuleManager: Shutting down and abandoning module ReferenceViewer (169)
[2016.06.20-00.36.58:567][253]LogModuleManager: Shutting down and abandoning module LocalizationService (168)
[2016.06.20-00.36.58:567][253]LogModuleManager: Shutting down and abandoning module LocalizationDashboard (167)
[2016.06.20-00.36.58:567][253]LogModuleManager: Shutting down and abandoning module HardwareTargeting (166)
[2016.06.20-00.36.58:567][253]LogModuleManager: Shutting down and abandoning module DeviceProfileEditor (165)
[2016.06.20-00.36.58:567][253]LogModuleManager: Shutting down and abandoning module UndoHistory (164)
[2016.06.20-00.36.58:567][253]LogModuleManager: Shutting down and abandoning module UserFeedback (163)
[2016.06.20-00.36.58:567][253]LogModuleManager: Shutting down and abandoning module XmlParser (162)
[2016.06.20-00.36.58:567][253]LogModuleManager: Shutting down and abandoning module Blutility (161)
[2016.06.20-00.36.58:567][253]LogModuleManager: Shutting down and abandoning module ProjectTargetPlatformEditor (160)
[2016.06.20-00.36.58:568][253]LogModuleManager: Shutting down and abandoning module ProjectSettingsViewer (159)
[2016.06.20-00.36.58:568][253]LogModuleManager: Shutting down and abandoning module InputBindingEditor (158)
[2016.06.20-00.36.58:568][253]LogModuleManager: Shutting down and abandoning module EditorSettingsViewer (157)
[2016.06.20-00.36.58:568][253]LogModuleManager: Shutting down and abandoning module SettingsEditor (156)
[2016.06.20-00.36.58:568][253]LogModuleManager: Shutting down and abandoning module ProjectLauncher (155)
[2016.06.20-00.36.58:568][253]LogModuleManager: Shutting down and abandoning module SessionFrontend (154)
[2016.06.20-00.36.58:568][253]LogModuleManager: Shutting down and abandoning module ProfilerClient (153)
[2016.06.20-00.36.58:568][253]LogModuleManager: Shutting down and abandoning module TargetDeviceServices (152)
[2016.06.20-00.36.58:569][253]LogModuleManager: Shutting down and abandoning module DeviceManager (151)
[2016.06.20-00.36.58:601][253]LogModuleManager: Shutting down and abandoning module AutomationController (150)
[2016.06.20-00.36.58:601][253]LogModuleManager: Shutting down and abandoning module AutomationWindow (149)
[2016.06.20-00.36.58:601][253]LogModuleManager: Shutting down and abandoning module Layers (148)
[2016.06.20-00.36.58:601][253]LogModuleManager: Shutting down and abandoning module ComponentVisualizers (147)
[2016.06.20-00.36.58:601][253]LogModuleManager: Shutting down and abandoning module DetailCustomizations (146)
[2016.06.20-00.36.58:601][253]LogModuleManager: Shutting down and abandoning module PackagesDialog (145)
[2016.06.20-00.36.58:601][253]LogModuleManager: Shutting down and abandoning module Persona (144)
[2016.06.20-00.36.58:601][253]LogModuleManager: Shutting down and abandoning module Kismet (143)
[2016.06.20-00.36.58:601][253]LogModuleManager: Shutting down and abandoning module GraphEditor (142)
[2016.06.20-00.36.58:601][253]LogModuleManager: Shutting down and abandoning module ClassViewer (141)
[2016.06.20-00.36.58:603][253]LogModuleManager: Shutting down and abandoning module Toolbox (140)
[2016.06.20-00.36.58:603][253]LogModuleManager: Shutting down and abandoning module ModuleUI (139)
[2016.06.20-00.36.58:603][253]LogModuleManager: Shutting down and abandoning module MovieSceneTools (138)
[2016.06.20-00.36.58:603][253]LogModuleManager: Shutting down and abandoning module OutputLog (137)
[2016.06.20-00.36.58:603][253]LogModuleManager: Shutting down and abandoning module GammaUI (136)
[2016.06.20-00.36.58:603][253]LogModuleManager: Shutting down and abandoning module Documentation (135)
[2016.06.20-00.36.58:603][253]LogModuleManager: Shutting down and abandoning module StreamingPauseRendering (134)
[2016.06.20-00.36.58:603][253]LogModuleManager: Shutting down and abandoning module AnalyticsET (133)
[2016.06.20-00.36.58:603][253]LogModuleManager: Shutting down and abandoning module Analytics (132)
[2016.06.20-00.36.58:603][253]LogModuleManager: Shutting down and abandoning module PortalServices (131)
[2016.06.20-00.36.58:603][253]LogModuleManager: Shutting down and abandoning module PortalRpc (130)
[2016.06.20-00.36.58:603][253]LogModuleManager: Shutting down and abandoning module MessagingRpc (129)
[2016.06.20-00.36.58:604][253]LogModuleManager: Shutting down and abandoning module AITestSuite (128)
[2016.06.20-00.36.58:604][253]LogModuleManager: Shutting down and abandoning module GameplayDebugger (127)
[2016.06.20-00.36.58:604][253]LogModuleManager: Shutting down and abandoning module AIModule (126)
[2016.06.20-00.36.58:604][253]LogModuleManager: Shutting down and abandoning module ProfilerService (125)
[2016.06.20-00.36.58:742][253]LogModuleManager: Shutting down and abandoning module TaskGraph (124)
[2016.06.20-00.36.58:742][253]LogModuleManager: Shutting down and abandoning module SlateRemote (123)
[2016.06.20-00.36.58:742][253]LogModuleManager: Shutting down and abandoning module SteamVRController (122)
[2016.06.20-00.36.58:742][253]LogModuleManager: Shutting down and abandoning module SteamVR (121)
[2016.06.20-00.36.58:742][253]LogModuleManager: Shutting down and abandoning module ProceduralMeshComponent (120)
[2016.06.20-00.36.58:742][253]LogModuleManager: Shutting down and abandoning module OculusLibrary (119)
[2016.06.20-00.36.58:742][253]LogModuleManager: Shutting down and abandoning module OculusInput (118)
[2016.06.20-00.36.58:742][253]LogModuleManager: Shutting down and abandoning module CustomMeshComponent (117)
[2016.06.20-00.36.58:742][253]LogModuleManager: Shutting down and abandoning module CableComponent (116)
[2016.06.20-00.36.58:742][253]LogModuleManager: Shutting down and abandoning module ArchVisCharacter (115)
[2016.06.20-00.36.58:742][253]LogModuleManager: Shutting down and abandoning module MediaPlayerEditor (114)
[2016.06.20-00.36.58:742][253]LogModuleManager: Shutting down and abandoning module HTML5Networking (113)
[2016.06.20-00.36.58:742][253]LogModuleManager: Shutting down and abandoning module SpeedTreeImporter (112)
[2016.06.20-00.36.58:742][253]LogModuleManager: Shutting down and abandoning module PluginBrowser (111)
[2016.06.20-00.36.58:742][253]LogModuleManager: Shutting down and abandoning module EpicSurvey (110)
[2016.06.20-00.36.58:742][253]LogModuleManager: Shutting down and abandoning module DesktopPlatform (109)
[2016.06.20-00.36.58:742][253]LogModuleManager: Shutting down and abandoning module VisualStudioSourceCodeAccess (108)
[2016.06.20-00.36.58:743][253]LogModuleManager: Shutting down and abandoning module UObjectPlugin (107)
[2016.06.20-00.36.58:743][253]LogModuleManager: Shutting down and abandoning module SubversionSourceControl (106)
[2016.06.20-00.36.58:743][253]LogModuleManager: Shutting down and abandoning module PerforceSourceControl (105)
[2016.06.20-00.36.58:743][253]LogModuleManager: Shutting down and abandoning module SourceControl (104)
[2016.06.20-00.36.58:743][253]LogModuleManager: Shutting down and abandoning module GitSourceControl (103)
[2016.06.20-00.36.58:743][253]LogModuleManager: Shutting down and abandoning module LightPropagationVolumeEditor (102)
[2016.06.20-00.36.58:743][253]LogModuleManager: Shutting down and abandoning module PaperTiledImporter (101)
[2016.06.20-00.36.58:743][253]LogModuleManager: Shutting down and abandoning module PaperSpriteSheetImporter (100)
[2016.06.20-00.36.58:743][253]LogModuleManager: Shutting down and abandoning module MeshPaint (99)
[2016.06.20-00.36.58:743][253]LogModuleManager: Shutting down and abandoning module HotReload (98)
[2016.06.20-00.36.58:743][253]LogModuleManager: Shutting down and abandoning module MainFrame (97)
[2016.06.20-00.36.58:743][253]LogModuleManager: Shutting down and abandoning module LevelEditor (96)
[2016.06.20-00.36.58:745][253]LogModuleManager: Shutting down and abandoning module DirectoryWatcher (95)
[2016.06.20-00.36.58:751][253]LogModuleManager: Shutting down and abandoning module AssetRegistry (94)
[2016.06.20-00.36.58:868][253]LogModuleManager: Shutting down and abandoning module ContentBrowser (93)
[2016.06.20-00.36.58:870][253]LogModuleManager: Shutting down and abandoning module Paper2DEditor (92)
[2016.06.20-00.36.58:870][253]LogModuleManager: Shutting down and abandoning module UdpMessaging (91)
[2016.06.20-00.36.58:970][253]LogModuleManager: Shutting down and abandoning module LightPropagationVolumeRuntime (90)
[2016.06.20-00.36.58:970][253]LogModuleManager: Shutting down and abandoning module Paper2D (89)
[2016.06.20-00.36.58:970][253]LogModuleManager: Shutting down and abandoning module WindowsMoviePlayer (88)
[2016.06.20-00.36.58:970][253]LogModuleManager: Shutting down and abandoning module Media (87)
[2016.06.20-00.36.58:970][253]LogModuleManager: Shutting down and abandoning module WmfMedia (86)
[2016.06.20-00.36.58:971][253]LogModuleManager: Shutting down and abandoning module GameLiveStreaming (85)
[2016.06.20-00.36.58:971][253]LogModuleManager: Shutting down and abandoning module GameplayTagsEditor (84)
[2016.06.20-00.36.58:971][253]LogModuleManager: Shutting down and abandoning module OnlineBlueprintSupport (83)
[2016.06.20-00.36.58:971][253]LogModuleManager: Shutting down and abandoning module GameplayTasksEditor (82)
[2016.06.20-00.36.58:971][253]LogModuleManager: Shutting down and abandoning module PropertyEditor (81)
[2016.06.20-00.36.58:971][253]LogModuleManager: Shutting down and abandoning module BehaviorTreeEditor (80)
[2016.06.20-00.36.58:971][253]LogModuleManager: Shutting down and abandoning module FunctionalTesting (79)
[2016.06.20-00.36.58:971][253]LogModuleManager: Shutting down and abandoning module CollisionAnalyzer (78)
[2016.06.20-00.36.58:971][253]LogModuleManager: Shutting down and abandoning module WorkspaceMenuStructure (77)
[2016.06.20-00.36.58:971][253]LogModuleManager: Shutting down and abandoning module MessageLog (76)
[2016.06.20-00.36.58:971][253]LogModuleManager: Shutting down and abandoning module Sequencer (75)
[2016.06.20-00.36.58:971][253]LogModuleManager: Shutting down and abandoning module AssetTools (74)
[2016.06.20-00.36.58:971][253]LogModuleManager: Shutting down and abandoning module UMGEditor (73)
[2016.06.20-00.36.58:971][253]LogModuleManager: Shutting down and abandoning module UMG (72)
[2016.06.20-00.36.58:971][253]LogModuleManager: Shutting down and abandoning module SlateReflector (71)
[2016.06.20-00.36.58:971][253]LogModuleManager: Shutting down and abandoning module Slate (70)
[2016.06.20-00.36.58:971][253]LogModuleManager: Shutting down and abandoning module EditorStyle (69)
[2016.06.20-00.36.58:974][253]LogModuleManager: Shutting down and abandoning module SessionServices (68)
[2016.06.20-00.36.58:974][253]LogModuleManager: Shutting down and abandoning module SourceCodeAccess (67)
[2016.06.20-00.36.58:974][253]LogModuleManager: Shutting down and abandoning module HeadMountedDisplay (66)
[2016.06.20-00.36.58:974][253]LogModuleManager: Shutting down and abandoning module XAudio2 (65)
[2016.06.20-00.36.58:974][253]LogModuleManager: Shutting down and abandoning module Networking (63)
[2016.06.20-00.36.58:974][253]LogModuleManager: Shutting down and abandoning module Core (62)
[2016.06.20-00.36.58:974][253]LogModuleManager: Shutting down and abandoning module KismetCompiler (61)
[2016.06.20-00.36.58:974][253]LogModuleManager: Shutting down and abandoning module PhysXFormats (60)
[2016.06.20-00.36.58:974][253]LogModuleManager: Shutting down and abandoning module MeshUtilities (59)
[2016.06.20-00.36.58:974][253]LogModuleManager: Shutting down and abandoning module CookingStats (58)
[2016.06.20-00.36.58:974][253]LogModuleManager: Shutting down and abandoning module DerivedDataCache (57)
[2016.06.20-00.36.58:974][253]LogDerivedDataCache: Shutdown
[2016.06.20-00.36.58:974][253]LogModuleManager: Shutting down and abandoning module ShaderFormatOpenGL (56)
[2016.06.20-00.36.58:974][253]LogModuleManager: Shutting down and abandoning module ShaderFormatD3D (55)
[2016.06.20-00.36.58:974][253]LogModuleManager: Shutting down and abandoning module MetalShaderFormat (54)
[2016.06.20-00.36.58:974][253]LogModuleManager: Shutting down and abandoning module TextureFormatUncompressed (53)
[2016.06.20-00.36.58:974][253]LogModuleManager: Shutting down and abandoning module TextureFormatPVR (52)
[2016.06.20-00.36.58:974][253]LogModuleManager: Shutting down and abandoning module TextureFormatIntelISPCTexComp (51)
[2016.06.20-00.36.58:974][253]LogModuleManager: Shutting down and abandoning module TextureFormatDXT (50)
[2016.06.20-00.36.58:974][253]LogModuleManager: Shutting down and abandoning module ImageWrapper (49)
[2016.06.20-00.36.58:974][253]LogModuleManager: Shutting down and abandoning module TextureFormatASTC (48)
[2016.06.20-00.36.58:974][253]LogModuleManager: Shutting down and abandoning module TextureFormatAndroid (47)
[2016.06.20-00.36.58:974][253]LogModuleManager: Shutting down and abandoning module AudioFormatOpus (46)
[2016.06.20-00.36.58:974][253]LogModuleManager: Shutting down and abandoning module AudioFormatOgg (45)
[2016.06.20-00.36.58:974][253]LogModuleManager: Shutting down and abandoning module AudioFormatADPCM (44)
[2016.06.20-00.36.58:974][253]LogModuleManager: Shutting down and abandoning module LinuxTargetPlatform (43)
[2016.06.20-00.36.58:974][253]LogModuleManager: Shutting down and abandoning module LinuxServerTargetPlatform (42)
[2016.06.20-00.36.58:974][253]LogModuleManager: Shutting down and abandoning module LinuxNoEditorTargetPlatform (41)
[2016.06.20-00.36.58:974][253]LogModuleManager: Shutting down and abandoning module TVOSTargetPlatform (40)
[2016.06.20-00.36.58:974][253]LogModuleManager: Shutting down and abandoning module Messaging (39)
[2016.06.20-00.36.58:974][253]LogModuleManager: Shutting down and abandoning module IOSTargetPlatform (38)
[2016.06.20-00.36.58:974][253]LogModuleManager: Shutting down and abandoning module HTML5TargetPlatform (37)
[2016.06.20-00.36.58:974][253]LogModuleManager: Shutting down and abandoning module Android_PVRTCTargetPlatform (36)
[2016.06.20-00.36.58:974][253]LogModuleManager: Shutting down and abandoning module Android_MultiTargetPlatform (35)
[2016.06.20-00.36.58:974][253]LogModuleManager: Shutting down and abandoning module Android_ETC2TargetPlatform (34)
[2016.06.20-00.36.58:974][253]LogModuleManager: Shutting down and abandoning module Android_ETC1TargetPlatform (33)
[2016.06.20-00.36.58:974][253]LogModuleManager: Shutting down and abandoning module Android_DXTTargetPlatform (32)
[2016.06.20-00.36.58:974][253]LogModuleManager: Shutting down and abandoning module Android_ATCTargetPlatform (31)
[2016.06.20-00.36.58:974][253]LogModuleManager: Shutting down and abandoning module Android_ASTCTargetPlatform (30)
[2016.06.20-00.36.58:974][253]LogModuleManager: Shutting down and abandoning module AndroidTargetPlatform (29)
[2016.06.20-00.36.58:974][253]LogModuleManager: Shutting down and abandoning module WindowsTargetPlatform (28)
[2016.06.20-00.36.58:974][253]LogModuleManager: Shutting down and abandoning module WindowsServerTargetPlatform (27)
[2016.06.20-00.36.58:974][253]LogModuleManager: Shutting down and abandoning module WindowsNoEditorTargetPlatform (26)
[2016.06.20-00.36.58:974][253]LogModuleManager: Shutting down and abandoning module WindowsClientTargetPlatform (25)
[2016.06.20-00.36.58:975][253]LogModuleManager: Shutting down and abandoning module AllDesktopTargetPlatform (24)
[2016.06.20-00.36.58:975][253]LogModuleManager: Shutting down and abandoning module TargetPlatform (23)
[2016.06.20-00.36.58:975][253]LogModuleManager: Shutting down and abandoning module InputCore (22)
[2016.06.20-00.36.58:975][253]LogModuleManager: Shutting down and abandoning module Settings (21)
[2016.06.20-00.36.58:975][253]LogModuleManager: Shutting down and abandoning module OnlineSubsystem (19)
[2016.06.20-00.36.58:975][253]LogModuleManager: Shutting down and abandoning module HTTP (18)
[2016.06.20-00.37.00:978][253]LogModuleManager: Shutting down and abandoning module XMPP (17)
[2016.06.20-00.37.00:978][253]LogModuleManager: Shutting down and abandoning module OculusRift (16)
[2016.06.20-00.37.00:978][253]LogModuleManager: Shutting down and abandoning module ExampleDeviceProfileSelector (15)
[2016.06.20-00.37.00:978][253]LogModuleManager: Shutting down and abandoning module TextureCompressor (14)
[2016.06.20-00.37.00:978][253]LogModuleManager: Shutting down and abandoning module ShaderCore (13)
[2016.06.20-00.37.00:978][253]LogModuleManager: Shutting down and abandoning module Landscape (12)
[2016.06.20-00.37.00:978][253]LogModuleManager: Shutting down and abandoning module SlateRHIRenderer (11)
[2016.06.20-00.37.00:996][253]LogModuleManager: Shutting down and abandoning module OpenGLDrv (10)
[2016.06.20-00.37.00:996][253]LogModuleManager: Shutting down and abandoning module D3D11RHI (9)
[2016.06.20-00.37.00:996][253]LogModuleManager: Shutting down and abandoning module AnimGraphRuntime (8)
[2016.06.20-00.37.00:996][253]LogModuleManager: Shutting down and abandoning module Renderer (7)
[2016.06.20-00.37.00:996][253]LogModuleManager: Shutting down and abandoning module Engine (6)
[2016.06.20-00.37.00:996][253]LogModuleManager: Shutting down and abandoning module CoreUObject (5)
[2016.06.20-00.37.00:996][253]LogModuleManager: Shutting down and abandoning module NetworkFile (4)
[2016.06.20-00.37.00:996][253]LogModuleManager: Shutting down and abandoning module StreamingFile (3)
[2016.06.20-00.37.00:996][253]LogModuleManager: Shutting down and abandoning module SandboxFile (2)
[2016.06.20-00.37.00:996][253]LogModuleManager: Shutting down and abandoning module PakFile (1)
[2016.06.20-00.37.00:998][253]LogExit: Exiting.
[2016.06.20-00.37.01:021][253]Log file closed, 06/20/16 09:37:01
